#
# There is insufficient memory for the Java Runtime Environment to continue.
# Native memory allocation (malloc) failed to allocate 32744 bytes for ChunkPool::allocate
# Possible reasons:
#   The system is out of physical RAM or swap space
#   The process is running with CompressedOops enabled, and the Java Heap may be blocking the growth of the native heap
# Possible solutions:
#   Reduce memory load on the system
#   Increase physical memory or swap space
#   Check if swap backing store is full
#   Decrease Java heap size (-Xmx/-Xms)
#   Decrease number of Java threads
#   Decrease Java thread stack sizes (-Xss)
#   Set larger code cache with -XX:ReservedCodeCacheSize=
#   JVM is running with Unscaled Compressed Oops mode in which the Java heap is
#     placed in the first 4GB address space. The Java Heap base address is the
#     maximum limit for the native heap growth. Please use -XX:HeapBaseMinAddress
#     to set the Java Heap base and to place the Java Heap above 4GB virtual address.
# This output file may be truncated or incomplete.
#
#  Out of Memory Error (./src/hotspot/share/memory/arena.cpp:81), pid=4916, tid=17392
#
# JRE version: OpenJDK Runtime Environment (11.0.10) (build 11.0.10+0-b96-7249189)
# Java VM: OpenJDK 64-Bit Server VM (11.0.10+0-b96-7249189, mixed mode, tiered, compressed oops, g1 gc, windows-amd64)
# No core dump will be written. Minidumps are not enabled by default on client versions of Windows
#

---------------  S U M M A R Y ------------

Command Line: --add-opens=java.base/java.util=ALL-UNNAMED --add-opens=java.base/java.lang=ALL-UNNAMED --add-opens=java.base/java.lang.invoke=ALL-UNNAMED --add-opens=java.base/java.util=ALL-UNNAMED --add-opens=java.prefs/java.util.prefs=ALL-UNNAMED --add-opens=java.prefs/java.util.prefs=ALL-UNNAMED --add-opens=java.base/java.nio.charset=ALL-UNNAMED --add-opens=java.base/java.net=ALL-UNNAMED --add-opens=java.base/java.util.concurrent.atomic=ALL-UNNAMED -Xmx2048m -Dfile.encoding=UTF-8 -Duser.country=ES -Duser.language=es -Duser.variant org.gradle.launcher.daemon.bootstrap.GradleDaemon 7.0.2

Host: Intel(R) Core(TM) i3-7020U CPU @ 2.30GHz, 4 cores, 11G,  Windows 10 , 64 bit Build 19041 (10.0.19041.1348)
Time: Mon Dec 13 10:13:58 2021 Hora estándar de Argentina elapsed time: 41.721753 seconds (0d 0h 0m 41s)

---------------  T H R E A D  ---------------

Current thread (0x000001d3e50f4800):  JavaThread "C2 CompilerThread1" daemon [_thread_in_native, id=17392, stack(0x000000c0bb000000,0x000000c0bb100000)]


Current CompileTask:
C2:  41721 11087       4       org.gradle.api.internal.tasks.compile.incremental.deps.ClassSetAnalysisData$Serializer::readClassName (63 bytes)

Stack: [0x000000c0bb000000,0x000000c0bb100000]
Native frames: (J=compiled Java code, j=interpreted, Vv=VM code, C=native code)
V  [jvm.dll+0x5ecfaa]
V  [jvm.dll+0x722bd5]
V  [jvm.dll+0x72412d]
V  [jvm.dll+0x7247e3]
V  [jvm.dll+0x242928]
V  [jvm.dll+0xbc75b]
V  [jvm.dll+0xbca0c]
V  [jvm.dll+0x35807e]
V  [jvm.dll+0x352dae]
V  [jvm.dll+0x320ad3]
V  [jvm.dll+0x31ffca]
V  [jvm.dll+0x1fb602]
V  [jvm.dll+0x1fa7f4]
V  [jvm.dll+0x18354c]
V  [jvm.dll+0x208ee7]
V  [jvm.dll+0x207731]
V  [jvm.dll+0x6eb1cf]
V  [jvm.dll+0x6e3d45]
V  [jvm.dll+0x5ebe96]
C  [ucrtbase.dll+0x21bb2]
C  [KERNEL32.DLL+0x17034]
C  [ntdll.dll+0x52651]


---------------  P R O C E S S  ---------------

Threads class SMR info:
_java_thread_list=0x000001d3e1144e70, length=55, elements={
0x000001d3c5a9b000, 0x000001d3dfec1800, 0x000001d3dfec5000, 0x000001d3dff14800,
0x000001d3dff18800, 0x000001d3dff1a800, 0x000001d3dff22000, 0x000001d3df6ad000,
0x000001d3df6b2000, 0x000001d3e0085000, 0x000001d3e2753000, 0x000001d3e16be800,
0x000001d3e1a66000, 0x000001d3e02bc000, 0x000001d3e193c800, 0x000001d3e191b800,
0x000001d3e1802000, 0x000001d3e25cb000, 0x000001d3e2947000, 0x000001d3e286b000,
0x000001d3e286a000, 0x000001d3e286b800, 0x000001d3e286c800, 0x000001d3e3f85000,
0x000001d3e3f83800, 0x000001d3e3f86000, 0x000001d3e3f84800, 0x000001d3e3f80800,
0x000001d3e3f81000, 0x000001d3e3f87000, 0x000001d3e3f82000, 0x000001d3e3f8e000,
0x000001d3e3f88800, 0x000001d3e3f8f000, 0x000001d3e3f89800, 0x000001d3e3f8b800,
0x000001d3e3f8c800, 0x000001d3e3f8d800, 0x000001d3e104f800, 0x000001d3e104b000,
0x000001d3e104f000, 0x000001d3e104d000, 0x000001d3e104e000, 0x000001d3e104b800,
0x000001d3e1050800, 0x000001d3e1052000, 0x000001d3e104c800, 0x000001d3e1058800,
0x000001d3e1053800, 0x000001d3e1054800, 0x000001d3e1055800, 0x000001d3e1057000,
0x000001d3e1056000, 0x000001d3e50f5800, 0x000001d3e50f4800
}

Java Threads: ( => current thread )
  0x000001d3c5a9b000 JavaThread "main" [_thread_blocked, id=11208, stack(0x000000c0b6c00000,0x000000c0b6d00000)]
  0x000001d3dfec1800 JavaThread "Reference Handler" daemon [_thread_blocked, id=11864, stack(0x000000c0b7300000,0x000000c0b7400000)]
  0x000001d3dfec5000 JavaThread "Finalizer" daemon [_thread_blocked, id=10580, stack(0x000000c0b7400000,0x000000c0b7500000)]
  0x000001d3dff14800 JavaThread "Signal Dispatcher" daemon [_thread_blocked, id=2752, stack(0x000000c0b7500000,0x000000c0b7600000)]
  0x000001d3dff18800 JavaThread "Attach Listener" daemon [_thread_blocked, id=7896, stack(0x000000c0b7600000,0x000000c0b7700000)]
  0x000001d3dff1a800 JavaThread "Service Thread" daemon [_thread_blocked, id=15192, stack(0x000000c0b7700000,0x000000c0b7800000)]
  0x000001d3dff22000 JavaThread "C2 CompilerThread0" daemon [_thread_in_native, id=10388, stack(0x000000c0b7800000,0x000000c0b7900000)]
  0x000001d3df6ad000 JavaThread "C1 CompilerThread0" daemon [_thread_in_native, id=10288, stack(0x000000c0b7900000,0x000000c0b7a00000)]
  0x000001d3df6b2000 JavaThread "Sweeper thread" daemon [_thread_blocked, id=11360, stack(0x000000c0b7a00000,0x000000c0b7b00000)]
  0x000001d3e0085000 JavaThread "Common-Cleaner" daemon [_thread_blocked, id=5468, stack(0x000000c0b7b00000,0x000000c0b7c00000)]
  0x000001d3e2753000 JavaThread "Daemon health stats" [_thread_blocked, id=9772, stack(0x000000c0b8100000,0x000000c0b8200000)]
  0x000001d3e16be800 JavaThread "Incoming local TCP Connector on port 60572" [_thread_in_native, id=12404, stack(0x000000c0b7d00000,0x000000c0b7e00000)]
  0x000001d3e1a66000 JavaThread "Daemon periodic checks" [_thread_blocked, id=15516, stack(0x000000c0b8200000,0x000000c0b8300000)]
  0x000001d3e02bc000 JavaThread "Daemon" [_thread_blocked, id=15960, stack(0x000000c0b8300000,0x000000c0b8400000)]
  0x000001d3e193c800 JavaThread "Handler for socket connection from /127.0.0.1:60572 to /127.0.0.1:60573" [_thread_in_native, id=7304, stack(0x000000c0b8400000,0x000000c0b8500000)]
  0x000001d3e191b800 JavaThread "Cancel handler" [_thread_blocked, id=1348, stack(0x000000c0b8500000,0x000000c0b8600000)]
  0x000001d3e1802000 JavaThread "Daemon worker" [_thread_blocked, id=15564, stack(0x000000c0b8600000,0x000000c0b8700000)]
  0x000001d3e25cb000 JavaThread "Asynchronous log dispatcher for DefaultDaemonConnection: socket connection from /127.0.0.1:60572 to /127.0.0.1:60573" [_thread_blocked, id=2764, stack(0x000000c0b8700000,0x000000c0b8800000)]
  0x000001d3e2947000 JavaThread "Stdin handler" [_thread_blocked, id=8780, stack(0x000000c0b8800000,0x000000c0b8900000)]
  0x000001d3e286b000 JavaThread "Daemon client event forwarder" [_thread_blocked, id=10536, stack(0x000000c0b8900000,0x000000c0b8a00000)]
  0x000001d3e286a000 JavaThread "Cache worker for file hash cache (C:\Users\leoba\.gradle\caches\7.0.2\fileHashes)" [_thread_blocked, id=5656, stack(0x000000c0b8a00000,0x000000c0b8b00000)]
  0x000001d3e286b800 JavaThread "File lock request listener" [_thread_in_native, id=8824, stack(0x000000c0b8b00000,0x000000c0b8c00000)]
  0x000001d3e286c800 JavaThread "Cache worker for journal cache (C:\Users\leoba\.gradle\caches\journal-1)" [_thread_blocked, id=15180, stack(0x000000c0b8c00000,0x000000c0b8d00000)]
  0x000001d3e3f85000 JavaThread "Cache worker for file hash cache (C:\Users\leoba\AndroidStudioProjects\TextRecognizer\KoinTest\.gradle\7.0.2\fileHashes)" [_thread_blocked, id=12484, stack(0x000000c0b8e00000,0x000000c0b8f00000)]
  0x000001d3e3f83800 JavaThread "File watcher server" daemon [_thread_in_native, id=13516, stack(0x000000c0b8f00000,0x000000c0b9000000)]
  0x000001d3e3f86000 JavaThread "File watcher consumer" daemon [_thread_blocked, id=12428, stack(0x000000c0b9000000,0x000000c0b9100000)]
  0x000001d3e3f84800 JavaThread "Cache worker for checksums cache (C:\Users\leoba\AndroidStudioProjects\TextRecognizer\KoinTest\.gradle\checksums)" [_thread_blocked, id=6140, stack(0x000000c0b9100000,0x000000c0b9200000)]
  0x000001d3e3f80800 JavaThread "Cache worker for cache directory md-supplier (C:\Users\leoba\.gradle\caches\7.0.2\md-supplier)" [_thread_blocked, id=4520, stack(0x000000c0b9200000,0x000000c0b9300000)]
  0x000001d3e3f81000 JavaThread "Cache worker for cache directory md-rule (C:\Users\leoba\.gradle\caches\7.0.2\md-rule)" [_thread_blocked, id=3796, stack(0x000000c0b9300000,0x000000c0b9400000)]
  0x000001d3e3f87000 JavaThread "Cache worker for execution history cache (C:\Users\leoba\.gradle\caches\7.0.2\executionHistory)" [_thread_blocked, id=14864, stack(0x000000c0b9400000,0x000000c0b9500000)]
  0x000001d3e3f82000 JavaThread "jar transforms" [_thread_blocked, id=9536, stack(0x000000c0b9500000,0x000000c0b9600000)]
  0x000001d3e3f8e000 JavaThread "jar transforms Thread 2" [_thread_blocked, id=2800, stack(0x000000c0b9600000,0x000000c0b9700000)]
  0x000001d3e3f88800 JavaThread "Cache worker for file content cache (C:\Users\leoba\.gradle\caches\7.0.2\fileContent)" [_thread_blocked, id=13832, stack(0x000000c0b9700000,0x000000c0b9800000)]
  0x000001d3e3f8f000 JavaThread "Cache worker for dependencies-accessors (C:\Users\leoba\AndroidStudioProjects\TextRecognizer\KoinTest\.gradle\7.0.2\dependencies-accessors)" [_thread_blocked, id=10572, stack(0x000000c0b9800000,0x000000c0b9900000)]
  0x000001d3e3f89800 JavaThread "jar transforms Thread 3" [_thread_blocked, id=2704, stack(0x000000c0b9900000,0x000000c0b9a00000)]
  0x000001d3e3f8b800 JavaThread "Cache worker for Build Output Cleanup Cache (C:\Users\leoba\AndroidStudioProjects\TextRecognizer\KoinTest\.gradle\buildOutputCleanup)" [_thread_blocked, id=7628, stack(0x000000c0b9a00000,0x000000c0b9b00000)]
  0x000001d3e3f8c800 JavaThread "Build operations" [_thread_blocked, id=12104, stack(0x000000c0b9b00000,0x000000c0b9c00000)]
  0x000001d3e3f8d800 JavaThread "Build operations Thread 2" [_thread_blocked, id=8992, stack(0x000000c0b9c00000,0x000000c0b9d00000)]
  0x000001d3e104f800 JavaThread "Build operations Thread 3" [_thread_blocked, id=14792, stack(0x000000c0b9d00000,0x000000c0b9e00000)]
  0x000001d3e104b000 JavaThread "Build operations Thread 4" [_thread_blocked, id=7816, stack(0x000000c0b9e00000,0x000000c0b9f00000)]
  0x000001d3e104f000 JavaThread "jar transforms Thread 4" [_thread_blocked, id=15200, stack(0x000000c0b9f00000,0x000000c0ba000000)]
  0x000001d3e104d000 JavaThread "Memory manager" [_thread_blocked, id=6272, stack(0x000000c0ba100000,0x000000c0ba200000)]
  0x000001d3e104e000 JavaThread "build event listener" [_thread_blocked, id=14612, stack(0x000000c0ba200000,0x000000c0ba300000)]
  0x000001d3e104b800 JavaThread "Execution worker for ':'" [_thread_blocked, id=7964, stack(0x000000c0ba300000,0x000000c0ba400000)]
  0x000001d3e1050800 JavaThread "Execution worker for ':' Thread 2" [_thread_blocked, id=8712, stack(0x000000c0ba400000,0x000000c0ba500000)]
  0x000001d3e1052000 JavaThread "Execution worker for ':' Thread 3" [_thread_in_vm, id=4616, stack(0x000000c0ba500000,0x000000c0ba600000)]
  0x000001d3e104c800 JavaThread "Cache worker for execution history cache (C:\Users\leoba\AndroidStudioProjects\TextRecognizer\KoinTest\.gradle\7.0.2\executionHistory)" [_thread_blocked, id=13028, stack(0x000000c0ba600000,0x000000c0ba700000)]
  0x000001d3e1058800 JavaThread "RMI Scheduler(0)" daemon [_thread_blocked, id=15916, stack(0x000000c0b8d00000,0x000000c0b8e00000)]
  0x000001d3e1053800 JavaThread "RMI GC Daemon" daemon [_thread_blocked, id=2316, stack(0x000000c0ba800000,0x000000c0ba900000)]
  0x000001d3e1054800 JavaThread "RMI TCP Accept-0" daemon [_thread_in_native, id=7912, stack(0x000000c0ba900000,0x000000c0baa00000)]
  0x000001d3e1055800 JavaThread "RMI Reaper" [_thread_blocked, id=12460, stack(0x000000c0baa00000,0x000000c0bab00000)]
  0x000001d3e1057000 JavaThread "RMI TCP Connection(1)-127.0.0.1" daemon [_thread_in_native, id=6464, stack(0x000000c0bac00000,0x000000c0bad00000)]
  0x000001d3e1056000 JavaThread "Cache worker for Java compile cache (C:\Users\leoba\.gradle\caches\7.0.2\javaCompile)" [_thread_blocked, id=14892, stack(0x000000c0bae00000,0x000000c0baf00000)]
  0x000001d3e50f5800 JavaThread "Cache worker for Java compile cache (C:\Users\leoba\AndroidStudioProjects\TextRecognizer\KoinTest\.gradle\7.0.2\javaCompile)" [_thread_blocked, id=7196, stack(0x000000c0baf00000,0x000000c0bb000000)]
=>0x000001d3e50f4800 JavaThread "C2 CompilerThread1" daemon [_thread_in_native, id=17392, stack(0x000000c0bb000000,0x000000c0bb100000)]

Other Threads:
  0x000001d3df69e800 VMThread "VM Thread" [stack: 0x000000c0b7200000,0x000000c0b7300000] [id=9900]
  0x000001d3e008e800 WatcherThread [stack: 0x000000c0b7c00000,0x000000c0b7d00000] [id=3876]
  0x000001d3c5ab4800 GCTaskThread "GC Thread#0" [stack: 0x000000c0b6d00000,0x000000c0b6e00000] [id=9488]
  0x000001d3e063b800 GCTaskThread "GC Thread#1" [stack: 0x000000c0b7e00000,0x000000c0b7f00000] [id=13112]
  0x000001d3e08b9000 GCTaskThread "GC Thread#2" [stack: 0x000000c0b7f00000,0x000000c0b8000000] [id=8052]
  0x000001d3e0bde000 GCTaskThread "GC Thread#3" [stack: 0x000000c0b8000000,0x000000c0b8100000] [id=15816]
  0x000001d3c5ae5800 ConcurrentGCThread "G1 Main Marker" [stack: 0x000000c0b6e00000,0x000000c0b6f00000] [id=10424]
  0x000001d3c5ae8000 ConcurrentGCThread "G1 Conc#0" [stack: 0x000000c0b6f00000,0x000000c0b7000000] [id=13124]
  0x000001d3df4ee800 ConcurrentGCThread "G1 Refine#0" [stack: 0x000000c0b7000000,0x000000c0b7100000] [id=6744]
  0x000001d3e3c89000 ConcurrentGCThread "G1 Refine#1" [stack: 0x000000c0ba000000,0x000000c0ba100000] [id=1356]
  0x000001d3df4ef800 ConcurrentGCThread "G1 Young RemSet Sampling" [stack: 0x000000c0b7100000,0x000000c0b7200000] [id=12900]

Threads with active compile tasks:
C2 CompilerThread0  41776 11096       4       org.gradle.api.internal.tasks.compile.incremental.deps.ClassSetAnalysisData$Serializer::readDependentsSet (118 bytes)
C2 CompilerThread1  41776 11087       4       org.gradle.api.internal.tasks.compile.incremental.deps.ClassSetAnalysisData$Serializer::readClassName (63 bytes)

VM state:not at safepoint (normal execution)

VM Mutex/Monitor currently owned by a thread: None

Heap address: 0x0000000080000000, size: 2048 MB, Compressed Oops mode: 32-bit
Narrow klass base: 0x0000000000000000, Narrow klass shift: 3
Compressed class space size: 1073741824 Address: 0x0000000100000000

Heap:
 garbage-first heap   total 284672K, used 94937K [0x0000000080000000, 0x0000000100000000)
  region size 1024K, 22 young (22528K), 16 survivors (16384K)
 Metaspace       used 93415K, capacity 95715K, committed 96000K, reserved 1132544K
  class space    used 12111K, capacity 12950K, committed 13056K, reserved 1048576K
Heap Regions: E=young(eden), S=young(survivor), O=old, HS=humongous(starts), HC=humongous(continues), CS=collection set, F=free, A=archive, TAMS=top-at-mark-start (previous, next)
|   0|0x0000000080000000, 0x0000000080100000, 0x0000000080100000|100%| O|  |TAMS 0x0000000080100000, 0x0000000080000000| Untracked 
|   1|0x0000000080100000, 0x0000000080200000, 0x0000000080200000|100%| O|  |TAMS 0x0000000080200000, 0x0000000080100000| Untracked 
|   2|0x0000000080200000, 0x0000000080300000, 0x0000000080300000|100%| O|  |TAMS 0x0000000080300000, 0x0000000080200000| Untracked 
|   3|0x0000000080300000, 0x0000000080400000, 0x0000000080400000|100%|HS|  |TAMS 0x0000000080400000, 0x0000000080300000| Complete 
|   4|0x0000000080400000, 0x0000000080500000, 0x0000000080500000|100%|HC|  |TAMS 0x0000000080500000, 0x0000000080400000| Complete 
|   5|0x0000000080500000, 0x0000000080600000, 0x0000000080600000|100%|HC|  |TAMS 0x0000000080600000, 0x0000000080500000| Complete 
|   6|0x0000000080600000, 0x0000000080700000, 0x0000000080700000|100%| O|  |TAMS 0x0000000080700000, 0x0000000080600000| Untracked 
|   7|0x0000000080700000, 0x0000000080800000, 0x0000000080800000|100%| O|  |TAMS 0x0000000080800000, 0x0000000080700000| Untracked 
|   8|0x0000000080800000, 0x0000000080900000, 0x0000000080900000|100%| O|  |TAMS 0x0000000080900000, 0x0000000080800000| Untracked 
|   9|0x0000000080900000, 0x0000000080a00000, 0x0000000080a00000|100%| O|  |TAMS 0x0000000080a00000, 0x0000000080900000| Untracked 
|  10|0x0000000080a00000, 0x0000000080b00000, 0x0000000080b00000|100%| O|  |TAMS 0x0000000080b00000, 0x0000000080a00000| Untracked 
|  11|0x0000000080b00000, 0x0000000080c00000, 0x0000000080c00000|100%| O|  |TAMS 0x0000000080c00000, 0x0000000080b00000| Untracked 
|  12|0x0000000080c00000, 0x0000000080d00000, 0x0000000080d00000|100%| O|  |TAMS 0x0000000080d00000, 0x0000000080c00000| Untracked 
|  13|0x0000000080d00000, 0x0000000080e00000, 0x0000000080e00000|100%| O|  |TAMS 0x0000000080e00000, 0x0000000080d00000| Untracked 
|  14|0x0000000080e00000, 0x0000000080f00000, 0x0000000080f00000|100%| O|  |TAMS 0x0000000080f00000, 0x0000000080e00000| Untracked 
|  15|0x0000000080f00000, 0x0000000081000000, 0x0000000081000000|100%| O|  |TAMS 0x0000000081000000, 0x0000000080f00000| Untracked 
|  16|0x0000000081000000, 0x0000000081100000, 0x0000000081100000|100%| O|  |TAMS 0x0000000081100000, 0x0000000081000000| Untracked 
|  17|0x0000000081100000, 0x0000000081200000, 0x0000000081200000|100%|HS|  |TAMS 0x0000000081200000, 0x0000000081100000| Complete 
|  18|0x0000000081200000, 0x0000000081300000, 0x0000000081300000|100%|HS|  |TAMS 0x0000000081300000, 0x0000000081200000| Complete 
|  19|0x0000000081300000, 0x0000000081400000, 0x0000000081400000|100%|HS|  |TAMS 0x0000000081400000, 0x0000000081300000| Complete 
|  20|0x0000000081400000, 0x0000000081500000, 0x0000000081500000|100%|HS|  |TAMS 0x0000000081500000, 0x0000000081400000| Complete 
|  21|0x0000000081500000, 0x0000000081600000, 0x0000000081600000|100%|HC|  |TAMS 0x0000000081600000, 0x0000000081500000| Complete 
|  22|0x0000000081600000, 0x0000000081700000, 0x0000000081700000|100%|HC|  |TAMS 0x0000000081700000, 0x0000000081600000| Complete 
|  23|0x0000000081700000, 0x0000000081800000, 0x0000000081800000|100%|HS|  |TAMS 0x0000000081800000, 0x0000000081700000| Complete 
|  24|0x0000000081800000, 0x0000000081900000, 0x0000000081900000|100%|HC|  |TAMS 0x0000000081900000, 0x0000000081800000| Complete 
|  25|0x0000000081900000, 0x0000000081a00000, 0x0000000081a00000|100%| O|  |TAMS 0x0000000081a00000, 0x0000000081900000| Untracked 
|  26|0x0000000081a00000, 0x0000000081b00000, 0x0000000081b00000|100%| O|  |TAMS 0x0000000081b00000, 0x0000000081a00000| Untracked 
|  27|0x0000000081b00000, 0x0000000081c00000, 0x0000000081c00000|100%| O|  |TAMS 0x0000000081c00000, 0x0000000081b00000| Untracked 
|  28|0x0000000081c00000, 0x0000000081d00000, 0x0000000081d00000|100%| O|  |TAMS 0x0000000081d00000, 0x0000000081c00000| Untracked 
|  29|0x0000000081d00000, 0x0000000081e00000, 0x0000000081e00000|100%| O|  |TAMS 0x0000000081e00000, 0x0000000081d00000| Untracked 
|  30|0x0000000081e00000, 0x0000000081f00000, 0x0000000081f00000|100%| O|  |TAMS 0x0000000081f00000, 0x0000000081e00000| Untracked 
|  31|0x0000000081f00000, 0x0000000082000000, 0x0000000082000000|100%| O|  |TAMS 0x0000000082000000, 0x0000000081f00000| Untracked 
|  32|0x0000000082000000, 0x0000000082100000, 0x0000000082100000|100%| O|  |TAMS 0x0000000082100000, 0x0000000082000000| Untracked 
|  33|0x0000000082100000, 0x0000000082200000, 0x0000000082200000|100%| O|  |TAMS 0x0000000082200000, 0x0000000082100000| Untracked 
|  34|0x0000000082200000, 0x0000000082300000, 0x0000000082300000|100%| O|  |TAMS 0x0000000082300000, 0x0000000082200000| Untracked 
|  35|0x0000000082300000, 0x0000000082400000, 0x0000000082400000|100%| O|  |TAMS 0x0000000082400000, 0x0000000082300000| Untracked 
|  36|0x0000000082400000, 0x0000000082500000, 0x0000000082500000|100%| O|  |TAMS 0x0000000082500000, 0x0000000082400000| Untracked 
|  37|0x0000000082500000, 0x0000000082600000, 0x0000000082600000|100%| O|  |TAMS 0x0000000082600000, 0x0000000082500000| Untracked 
|  38|0x0000000082600000, 0x0000000082700000, 0x0000000082700000|100%| O|  |TAMS 0x0000000082700000, 0x0000000082600000| Untracked 
|  39|0x0000000082700000, 0x0000000082800000, 0x0000000082800000|100%| O|  |TAMS 0x0000000082800000, 0x0000000082700000| Untracked 
|  40|0x0000000082800000, 0x0000000082900000, 0x0000000082900000|100%| O|  |TAMS 0x0000000082900000, 0x0000000082800000| Untracked 
|  41|0x0000000082900000, 0x0000000082a00000, 0x0000000082a00000|100%| O|  |TAMS 0x0000000082a00000, 0x0000000082900000| Untracked 
|  42|0x0000000082a00000, 0x0000000082b00000, 0x0000000082b00000|100%| O|  |TAMS 0x0000000082b00000, 0x0000000082a00000| Untracked 
|  43|0x0000000082b00000, 0x0000000082c00000, 0x0000000082c00000|100%| O|  |TAMS 0x0000000082c00000, 0x0000000082b00000| Untracked 
|  44|0x0000000082c00000, 0x0000000082d00000, 0x0000000082d00000|100%| O|  |TAMS 0x0000000082d00000, 0x0000000082c00000| Untracked 
|  45|0x0000000082d00000, 0x0000000082e00000, 0x0000000082e00000|100%| O|  |TAMS 0x0000000082dfa200, 0x0000000082d00000| Untracked 
|  46|0x0000000082e00000, 0x0000000082f00000, 0x0000000082f00000|100%| O|  |TAMS 0x0000000082e00000, 0x0000000082e00000| Untracked 
|  47|0x0000000082f00000, 0x0000000083000000, 0x0000000083000000|100%| O|  |TAMS 0x0000000082f00000, 0x0000000082f00000| Untracked 
|  48|0x0000000083000000, 0x0000000083100000, 0x0000000083100000|100%| O|  |TAMS 0x0000000083000000, 0x0000000083000000| Untracked 
|  49|0x0000000083100000, 0x0000000083200000, 0x0000000083200000|100%| O|  |TAMS 0x0000000083100000, 0x0000000083100000| Untracked 
|  50|0x0000000083200000, 0x0000000083300000, 0x0000000083300000|100%| O|  |TAMS 0x0000000083200000, 0x0000000083200000| Untracked 
|  51|0x0000000083300000, 0x0000000083400000, 0x0000000083400000|100%| O|  |TAMS 0x0000000083300000, 0x0000000083300000| Untracked 
|  52|0x0000000083400000, 0x0000000083500000, 0x0000000083500000|100%| O|  |TAMS 0x0000000083400000, 0x0000000083400000| Untracked 
|  53|0x0000000083500000, 0x0000000083600000, 0x0000000083600000|100%| O|  |TAMS 0x0000000083500000, 0x0000000083500000| Untracked 
|  54|0x0000000083600000, 0x0000000083700000, 0x0000000083700000|100%| O|  |TAMS 0x0000000083600000, 0x0000000083600000| Untracked 
|  55|0x0000000083700000, 0x0000000083800000, 0x0000000083800000|100%| O|  |TAMS 0x0000000083700000, 0x0000000083700000| Untracked 
|  56|0x0000000083800000, 0x0000000083900000, 0x0000000083900000|100%| O|  |TAMS 0x0000000083800000, 0x0000000083800000| Untracked 
|  57|0x0000000083900000, 0x0000000083a00000, 0x0000000083a00000|100%| O|  |TAMS 0x0000000083900000, 0x0000000083900000| Untracked 
|  58|0x0000000083a00000, 0x0000000083b00000, 0x0000000083b00000|100%| O|  |TAMS 0x0000000083a00000, 0x0000000083a00000| Untracked 
|  59|0x0000000083b00000, 0x0000000083c00000, 0x0000000083c00000|100%| O|  |TAMS 0x0000000083b00000, 0x0000000083b00000| Untracked 
|  60|0x0000000083c00000, 0x0000000083d00000, 0x0000000083d00000|100%| O|  |TAMS 0x0000000083c00000, 0x0000000083c00000| Untracked 
|  61|0x0000000083d00000, 0x0000000083e00000, 0x0000000083e00000|100%| O|  |TAMS 0x0000000083d00000, 0x0000000083d00000| Untracked 
|  62|0x0000000083e00000, 0x0000000083f00000, 0x0000000083f00000|100%| O|  |TAMS 0x0000000083e00000, 0x0000000083e00000| Untracked 
|  63|0x0000000083f00000, 0x0000000084000000, 0x0000000084000000|100%| O|  |TAMS 0x0000000083f00000, 0x0000000083f00000| Untracked 
|  64|0x0000000084000000, 0x0000000084100000, 0x0000000084100000|100%| O|  |TAMS 0x0000000084000000, 0x0000000084000000| Untracked 
|  65|0x0000000084100000, 0x0000000084200000, 0x0000000084200000|100%| O|  |TAMS 0x0000000084100000, 0x0000000084100000| Untracked 
|  66|0x0000000084200000, 0x0000000084300000, 0x0000000084300000|100%| O|  |TAMS 0x0000000084200000, 0x0000000084200000| Untracked 
|  67|0x0000000084300000, 0x0000000084400000, 0x0000000084400000|100%| O|  |TAMS 0x0000000084300000, 0x0000000084300000| Untracked 
|  68|0x0000000084400000, 0x0000000084500000, 0x0000000084500000|100%| O|  |TAMS 0x0000000084400000, 0x0000000084400000| Untracked 
|  69|0x0000000084500000, 0x0000000084600000, 0x0000000084600000|100%| O|  |TAMS 0x0000000084500000, 0x0000000084500000| Untracked 
|  70|0x0000000084600000, 0x0000000084700000, 0x0000000084700000|100%| O|  |TAMS 0x0000000084600000, 0x0000000084600000| Untracked 
|  71|0x0000000084700000, 0x00000000847d7600, 0x0000000084800000| 84%| O|  |TAMS 0x0000000084700000, 0x0000000084700000| Untracked 
|  72|0x0000000084800000, 0x0000000084800000, 0x0000000084900000|  0%| F|  |TAMS 0x0000000084800000, 0x0000000084800000| Untracked 
|  73|0x0000000084900000, 0x0000000084900000, 0x0000000084a00000|  0%| F|  |TAMS 0x0000000084900000, 0x0000000084900000| Untracked 
|  74|0x0000000084a00000, 0x0000000084a00000, 0x0000000084b00000|  0%| F|  |TAMS 0x0000000084a00000, 0x0000000084a00000| Untracked 
|  75|0x0000000084b00000, 0x0000000084b00000, 0x0000000084c00000|  0%| F|  |TAMS 0x0000000084b00000, 0x0000000084b00000| Untracked 
|  76|0x0000000084c00000, 0x0000000084c00000, 0x0000000084d00000|  0%| F|  |TAMS 0x0000000084c00000, 0x0000000084c00000| Untracked 
|  77|0x0000000084d00000, 0x0000000084d00000, 0x0000000084e00000|  0%| F|  |TAMS 0x0000000084d00000, 0x0000000084d00000| Untracked 
|  78|0x0000000084e00000, 0x0000000084e00000, 0x0000000084f00000|  0%| F|  |TAMS 0x0000000084e00000, 0x0000000084e00000| Untracked 
|  79|0x0000000084f00000, 0x0000000084f00000, 0x0000000085000000|  0%| F|  |TAMS 0x0000000084f00000, 0x0000000084f00000| Untracked 
|  80|0x0000000085000000, 0x0000000085000000, 0x0000000085100000|  0%| F|  |TAMS 0x0000000085000000, 0x0000000085000000| Untracked 
|  81|0x0000000085100000, 0x0000000085100000, 0x0000000085200000|  0%| F|  |TAMS 0x0000000085100000, 0x0000000085100000| Untracked 
|  82|0x0000000085200000, 0x0000000085200000, 0x0000000085300000|  0%| F|  |TAMS 0x0000000085200000, 0x0000000085200000| Untracked 
|  83|0x0000000085300000, 0x0000000085300000, 0x0000000085400000|  0%| F|  |TAMS 0x0000000085300000, 0x0000000085300000| Untracked 
|  84|0x0000000085400000, 0x0000000085400000, 0x0000000085500000|  0%| F|  |TAMS 0x0000000085400000, 0x0000000085400000| Untracked 
|  85|0x0000000085500000, 0x0000000085500000, 0x0000000085600000|  0%| F|  |TAMS 0x0000000085500000, 0x0000000085500000| Untracked 
|  86|0x0000000085600000, 0x0000000085600000, 0x0000000085700000|  0%| F|  |TAMS 0x0000000085600000, 0x0000000085600000| Untracked 
|  87|0x0000000085700000, 0x0000000085700000, 0x0000000085800000|  0%| F|  |TAMS 0x0000000085700000, 0x0000000085700000| Untracked 
|  88|0x0000000085800000, 0x0000000085800000, 0x0000000085900000|  0%| F|  |TAMS 0x0000000085800000, 0x0000000085800000| Untracked 
|  89|0x0000000085900000, 0x0000000085900000, 0x0000000085a00000|  0%| F|  |TAMS 0x0000000085900000, 0x0000000085900000| Untracked 
|  90|0x0000000085a00000, 0x0000000085a00000, 0x0000000085b00000|  0%| F|  |TAMS 0x0000000085a00000, 0x0000000085a00000| Untracked 
|  91|0x0000000085b00000, 0x0000000085b00000, 0x0000000085c00000|  0%| F|  |TAMS 0x0000000085b00000, 0x0000000085b00000| Untracked 
|  92|0x0000000085c00000, 0x0000000085c00000, 0x0000000085d00000|  0%| F|  |TAMS 0x0000000085c00000, 0x0000000085c00000| Untracked 
|  93|0x0000000085d00000, 0x0000000085d00000, 0x0000000085e00000|  0%| F|  |TAMS 0x0000000085d00000, 0x0000000085d00000| Untracked 
|  94|0x0000000085e00000, 0x0000000085e00000, 0x0000000085f00000|  0%| F|  |TAMS 0x0000000085e00000, 0x0000000085e00000| Untracked 
|  95|0x0000000085f00000, 0x0000000085f00000, 0x0000000086000000|  0%| F|  |TAMS 0x0000000085f00000, 0x0000000085f00000| Untracked 
|  96|0x0000000086000000, 0x0000000086000000, 0x0000000086100000|  0%| F|  |TAMS 0x0000000086000000, 0x0000000086000000| Untracked 
|  97|0x0000000086100000, 0x0000000086100000, 0x0000000086200000|  0%| F|  |TAMS 0x0000000086100000, 0x0000000086100000| Untracked 
|  98|0x0000000086200000, 0x0000000086200000, 0x0000000086300000|  0%| F|  |TAMS 0x0000000086200000, 0x0000000086200000| Untracked 
|  99|0x0000000086300000, 0x0000000086300000, 0x0000000086400000|  0%| F|  |TAMS 0x0000000086300000, 0x0000000086300000| Untracked 
| 100|0x0000000086400000, 0x0000000086400000, 0x0000000086500000|  0%| F|  |TAMS 0x0000000086400000, 0x0000000086400000| Untracked 
| 101|0x0000000086500000, 0x0000000086500000, 0x0000000086600000|  0%| F|  |TAMS 0x0000000086500000, 0x0000000086500000| Untracked 
| 102|0x0000000086600000, 0x0000000086600000, 0x0000000086700000|  0%| F|  |TAMS 0x0000000086600000, 0x0000000086600000| Untracked 
| 103|0x0000000086700000, 0x0000000086700000, 0x0000000086800000|  0%| F|  |TAMS 0x0000000086700000, 0x0000000086700000| Untracked 
| 104|0x0000000086800000, 0x0000000086800000, 0x0000000086900000|  0%| F|  |TAMS 0x0000000086800000, 0x0000000086800000| Untracked 
| 105|0x0000000086900000, 0x0000000086900000, 0x0000000086a00000|  0%| F|  |TAMS 0x0000000086900000, 0x0000000086900000| Untracked 
| 106|0x0000000086a00000, 0x0000000086a00000, 0x0000000086b00000|  0%| F|  |TAMS 0x0000000086a00000, 0x0000000086a00000| Untracked 
| 107|0x0000000086b00000, 0x0000000086b00000, 0x0000000086c00000|  0%| F|  |TAMS 0x0000000086b00000, 0x0000000086b00000| Untracked 
| 108|0x0000000086c00000, 0x0000000086c00000, 0x0000000086d00000|  0%| F|  |TAMS 0x0000000086c00000, 0x0000000086c00000| Untracked 
| 109|0x0000000086d00000, 0x0000000086d00000, 0x0000000086e00000|  0%| F|  |TAMS 0x0000000086d00000, 0x0000000086d00000| Untracked 
| 110|0x0000000086e00000, 0x0000000086e00000, 0x0000000086f00000|  0%| F|  |TAMS 0x0000000086e00000, 0x0000000086e00000| Untracked 
| 111|0x0000000086f00000, 0x0000000086f00000, 0x0000000087000000|  0%| F|  |TAMS 0x0000000086f00000, 0x0000000086f00000| Untracked 
| 112|0x0000000087000000, 0x0000000087000000, 0x0000000087100000|  0%| F|  |TAMS 0x0000000087000000, 0x0000000087000000| Untracked 
| 113|0x0000000087100000, 0x0000000087100000, 0x0000000087200000|  0%| F|  |TAMS 0x0000000087100000, 0x0000000087100000| Untracked 
| 114|0x0000000087200000, 0x0000000087200000, 0x0000000087300000|  0%| F|  |TAMS 0x0000000087200000, 0x0000000087200000| Untracked 
| 115|0x0000000087300000, 0x0000000087300000, 0x0000000087400000|  0%| F|  |TAMS 0x0000000087300000, 0x0000000087300000| Untracked 
| 116|0x0000000087400000, 0x0000000087400000, 0x0000000087500000|  0%| F|  |TAMS 0x0000000087400000, 0x0000000087400000| Untracked 
| 117|0x0000000087500000, 0x0000000087500000, 0x0000000087600000|  0%| F|  |TAMS 0x0000000087500000, 0x0000000087500000| Untracked 
| 118|0x0000000087600000, 0x0000000087600000, 0x0000000087700000|  0%| F|  |TAMS 0x0000000087600000, 0x0000000087600000| Untracked 
| 119|0x0000000087700000, 0x0000000087700000, 0x0000000087800000|  0%| F|  |TAMS 0x0000000087700000, 0x0000000087700000| Untracked 
| 120|0x0000000087800000, 0x0000000087800000, 0x0000000087900000|  0%| F|  |TAMS 0x0000000087800000, 0x0000000087800000| Untracked 
| 121|0x0000000087900000, 0x0000000087900000, 0x0000000087a00000|  0%| F|  |TAMS 0x0000000087900000, 0x0000000087900000| Untracked 
| 122|0x0000000087a00000, 0x0000000087a00000, 0x0000000087b00000|  0%| F|  |TAMS 0x0000000087a00000, 0x0000000087a00000| Untracked 
| 123|0x0000000087b00000, 0x0000000087b00000, 0x0000000087c00000|  0%| F|  |TAMS 0x0000000087b00000, 0x0000000087b00000| Untracked 
| 124|0x0000000087c00000, 0x0000000087c00000, 0x0000000087d00000|  0%| F|  |TAMS 0x0000000087c00000, 0x0000000087c00000| Untracked 
| 125|0x0000000087d00000, 0x0000000087d00000, 0x0000000087e00000|  0%| F|  |TAMS 0x0000000087d00000, 0x0000000087d00000| Untracked 
| 126|0x0000000087e00000, 0x0000000087e00000, 0x0000000087f00000|  0%| F|  |TAMS 0x0000000087e00000, 0x0000000087e00000| Untracked 
| 127|0x0000000087f00000, 0x0000000087f00000, 0x0000000088000000|  0%| F|  |TAMS 0x0000000087f00000, 0x0000000087f00000| Untracked 
| 128|0x0000000088000000, 0x0000000088000000, 0x0000000088100000|  0%| F|  |TAMS 0x0000000088000000, 0x0000000088000000| Untracked 
| 129|0x0000000088100000, 0x0000000088100000, 0x0000000088200000|  0%| F|  |TAMS 0x0000000088100000, 0x0000000088100000| Untracked 
| 130|0x0000000088200000, 0x0000000088200000, 0x0000000088300000|  0%| F|  |TAMS 0x0000000088200000, 0x0000000088200000| Untracked 
| 131|0x0000000088300000, 0x0000000088300000, 0x0000000088400000|  0%| F|  |TAMS 0x0000000088300000, 0x0000000088300000| Untracked 
| 132|0x0000000088400000, 0x0000000088400000, 0x0000000088500000|  0%| F|  |TAMS 0x0000000088400000, 0x0000000088400000| Untracked 
| 133|0x0000000088500000, 0x0000000088500000, 0x0000000088600000|  0%| F|  |TAMS 0x0000000088500000, 0x0000000088500000| Untracked 
| 134|0x0000000088600000, 0x0000000088600000, 0x0000000088700000|  0%| F|  |TAMS 0x0000000088600000, 0x0000000088600000| Untracked 
| 135|0x0000000088700000, 0x0000000088700000, 0x0000000088800000|  0%| F|  |TAMS 0x0000000088700000, 0x0000000088700000| Untracked 
| 136|0x0000000088800000, 0x0000000088800000, 0x0000000088900000|  0%| F|  |TAMS 0x0000000088800000, 0x0000000088800000| Untracked 
| 137|0x0000000088900000, 0x0000000088900000, 0x0000000088a00000|  0%| F|  |TAMS 0x0000000088900000, 0x0000000088900000| Untracked 
| 138|0x0000000088a00000, 0x0000000088a00000, 0x0000000088b00000|  0%| F|  |TAMS 0x0000000088a00000, 0x0000000088a00000| Untracked 
| 139|0x0000000088b00000, 0x0000000088b00000, 0x0000000088c00000|  0%| F|  |TAMS 0x0000000088b00000, 0x0000000088b00000| Untracked 
| 140|0x0000000088c00000, 0x0000000088c00000, 0x0000000088d00000|  0%| F|  |TAMS 0x0000000088c00000, 0x0000000088c00000| Untracked 
| 141|0x0000000088d00000, 0x0000000088d00000, 0x0000000088e00000|  0%| F|  |TAMS 0x0000000088d00000, 0x0000000088d00000| Untracked 
| 142|0x0000000088e00000, 0x0000000088e00000, 0x0000000088f00000|  0%| F|  |TAMS 0x0000000088e00000, 0x0000000088e00000| Untracked 
| 143|0x0000000088f00000, 0x0000000088f00000, 0x0000000089000000|  0%| F|  |TAMS 0x0000000088f00000, 0x0000000088f00000| Untracked 
| 144|0x0000000089000000, 0x0000000089000000, 0x0000000089100000|  0%| F|  |TAMS 0x0000000089000000, 0x0000000089000000| Untracked 
| 145|0x0000000089100000, 0x0000000089100000, 0x0000000089200000|  0%| F|  |TAMS 0x0000000089100000, 0x0000000089100000| Untracked 
| 146|0x0000000089200000, 0x00000000892df140, 0x0000000089300000| 87%| S|CS|TAMS 0x0000000089200000, 0x0000000089200000| Complete 
| 147|0x0000000089300000, 0x0000000089400000, 0x0000000089400000|100%| S|CS|TAMS 0x0000000089300000, 0x0000000089300000| Complete 
| 148|0x0000000089400000, 0x0000000089500000, 0x0000000089500000|100%| S|CS|TAMS 0x0000000089400000, 0x0000000089400000| Complete 
| 149|0x0000000089500000, 0x0000000089600000, 0x0000000089600000|100%| S|CS|TAMS 0x0000000089500000, 0x0000000089500000| Complete 
| 150|0x0000000089600000, 0x0000000089700000, 0x0000000089700000|100%| S|CS|TAMS 0x0000000089600000, 0x0000000089600000| Complete 
| 151|0x0000000089700000, 0x0000000089800000, 0x0000000089800000|100%| S|CS|TAMS 0x0000000089700000, 0x0000000089700000| Complete 
| 152|0x0000000089800000, 0x0000000089900000, 0x0000000089900000|100%| S|CS|TAMS 0x0000000089800000, 0x0000000089800000| Complete 
| 153|0x0000000089900000, 0x0000000089a00000, 0x0000000089a00000|100%| S|CS|TAMS 0x0000000089900000, 0x0000000089900000| Complete 
| 154|0x0000000089a00000, 0x0000000089b00000, 0x0000000089b00000|100%| S|CS|TAMS 0x0000000089a00000, 0x0000000089a00000| Complete 
| 155|0x0000000089b00000, 0x0000000089c00000, 0x0000000089c00000|100%| S|CS|TAMS 0x0000000089b00000, 0x0000000089b00000| Complete 
| 156|0x0000000089c00000, 0x0000000089d00000, 0x0000000089d00000|100%| S|CS|TAMS 0x0000000089c00000, 0x0000000089c00000| Complete 
| 157|0x0000000089d00000, 0x0000000089e00000, 0x0000000089e00000|100%| S|CS|TAMS 0x0000000089d00000, 0x0000000089d00000| Complete 
| 158|0x0000000089e00000, 0x0000000089f00000, 0x0000000089f00000|100%| S|CS|TAMS 0x0000000089e00000, 0x0000000089e00000| Complete 
| 159|0x0000000089f00000, 0x000000008a000000, 0x000000008a000000|100%| S|CS|TAMS 0x0000000089f00000, 0x0000000089f00000| Complete 
| 160|0x000000008a000000, 0x000000008a100000, 0x000000008a100000|100%| S|CS|TAMS 0x000000008a000000, 0x000000008a000000| Complete 
| 161|0x000000008a100000, 0x000000008a200000, 0x000000008a200000|100%| S|CS|TAMS 0x000000008a100000, 0x000000008a100000| Complete 
| 162|0x000000008a200000, 0x000000008a200000, 0x000000008a300000|  0%| F|  |TAMS 0x000000008a200000, 0x000000008a200000| Untracked 
| 163|0x000000008a300000, 0x000000008a300000, 0x000000008a400000|  0%| F|  |TAMS 0x000000008a300000, 0x000000008a300000| Untracked 
| 164|0x000000008a400000, 0x000000008a400000, 0x000000008a500000|  0%| F|  |TAMS 0x000000008a400000, 0x000000008a400000| Untracked 
| 165|0x000000008a500000, 0x000000008a500000, 0x000000008a600000|  0%| F|  |TAMS 0x000000008a500000, 0x000000008a500000| Untracked 
| 166|0x000000008a600000, 0x000000008a600000, 0x000000008a700000|  0%| F|  |TAMS 0x000000008a600000, 0x000000008a600000| Untracked 
| 167|0x000000008a700000, 0x000000008a700000, 0x000000008a800000|  0%| F|  |TAMS 0x000000008a700000, 0x000000008a700000| Untracked 
| 168|0x000000008a800000, 0x000000008a800000, 0x000000008a900000|  0%| F|  |TAMS 0x000000008a800000, 0x000000008a800000| Untracked 
| 169|0x000000008a900000, 0x000000008a900000, 0x000000008aa00000|  0%| F|  |TAMS 0x000000008a900000, 0x000000008a900000| Untracked 
| 170|0x000000008aa00000, 0x000000008aa00000, 0x000000008ab00000|  0%| F|  |TAMS 0x000000008aa00000, 0x000000008aa00000| Untracked 
| 171|0x000000008ab00000, 0x000000008ab00000, 0x000000008ac00000|  0%| F|  |TAMS 0x000000008ab00000, 0x000000008ab00000| Untracked 
| 172|0x000000008ac00000, 0x000000008ac00000, 0x000000008ad00000|  0%| F|  |TAMS 0x000000008ac00000, 0x000000008ac00000| Untracked 
| 173|0x000000008ad00000, 0x000000008ad00000, 0x000000008ae00000|  0%| F|  |TAMS 0x000000008ad00000, 0x000000008ad00000| Untracked 
| 174|0x000000008ae00000, 0x000000008ae00000, 0x000000008af00000|  0%| F|  |TAMS 0x000000008ae00000, 0x000000008ae00000| Untracked 
| 175|0x000000008af00000, 0x000000008af00000, 0x000000008b000000|  0%| F|  |TAMS 0x000000008af00000, 0x000000008af00000| Untracked 
| 176|0x000000008b000000, 0x000000008b000000, 0x000000008b100000|  0%| F|  |TAMS 0x000000008b000000, 0x000000008b000000| Untracked 
| 177|0x000000008b100000, 0x000000008b100000, 0x000000008b200000|  0%| F|  |TAMS 0x000000008b100000, 0x000000008b100000| Untracked 
| 178|0x000000008b200000, 0x000000008b200000, 0x000000008b300000|  0%| F|  |TAMS 0x000000008b200000, 0x000000008b200000| Untracked 
| 179|0x000000008b300000, 0x000000008b300000, 0x000000008b400000|  0%| F|  |TAMS 0x000000008b300000, 0x000000008b300000| Untracked 
| 180|0x000000008b400000, 0x000000008b400000, 0x000000008b500000|  0%| F|  |TAMS 0x000000008b400000, 0x000000008b400000| Untracked 
| 181|0x000000008b500000, 0x000000008b500000, 0x000000008b600000|  0%| F|  |TAMS 0x000000008b500000, 0x000000008b500000| Untracked 
| 182|0x000000008b600000, 0x000000008b600000, 0x000000008b700000|  0%| F|  |TAMS 0x000000008b600000, 0x000000008b600000| Untracked 
| 183|0x000000008b700000, 0x000000008b700000, 0x000000008b800000|  0%| F|  |TAMS 0x000000008b700000, 0x000000008b700000| Untracked 
| 184|0x000000008b800000, 0x000000008b800000, 0x000000008b900000|  0%| F|  |TAMS 0x000000008b800000, 0x000000008b800000| Untracked 
| 185|0x000000008b900000, 0x000000008b900000, 0x000000008ba00000|  0%| F|  |TAMS 0x000000008b900000, 0x000000008b900000| Untracked 
| 186|0x000000008ba00000, 0x000000008ba00000, 0x000000008bb00000|  0%| F|  |TAMS 0x000000008ba00000, 0x000000008ba00000| Untracked 
| 187|0x000000008bb00000, 0x000000008bb00000, 0x000000008bc00000|  0%| F|  |TAMS 0x000000008bb00000, 0x000000008bb00000| Untracked 
| 188|0x000000008bc00000, 0x000000008bc00000, 0x000000008bd00000|  0%| F|  |TAMS 0x000000008bc00000, 0x000000008bc00000| Untracked 
| 189|0x000000008bd00000, 0x000000008bd00000, 0x000000008be00000|  0%| F|  |TAMS 0x000000008bd00000, 0x000000008bd00000| Untracked 
| 190|0x000000008be00000, 0x000000008be00000, 0x000000008bf00000|  0%| F|  |TAMS 0x000000008be00000, 0x000000008be00000| Untracked 
| 191|0x000000008bf00000, 0x000000008bf00000, 0x000000008c000000|  0%| F|  |TAMS 0x000000008bf00000, 0x000000008bf00000| Untracked 
| 192|0x000000008c000000, 0x000000008c000000, 0x000000008c100000|  0%| F|  |TAMS 0x000000008c000000, 0x000000008c000000| Untracked 
| 193|0x000000008c100000, 0x000000008c100000, 0x000000008c200000|  0%| F|  |TAMS 0x000000008c100000, 0x000000008c100000| Untracked 
| 194|0x000000008c200000, 0x000000008c200000, 0x000000008c300000|  0%| F|  |TAMS 0x000000008c200000, 0x000000008c200000| Untracked 
| 195|0x000000008c300000, 0x000000008c300000, 0x000000008c400000|  0%| F|  |TAMS 0x000000008c300000, 0x000000008c300000| Untracked 
| 196|0x000000008c400000, 0x000000008c400000, 0x000000008c500000|  0%| F|  |TAMS 0x000000008c400000, 0x000000008c400000| Untracked 
| 197|0x000000008c500000, 0x000000008c500000, 0x000000008c600000|  0%| F|  |TAMS 0x000000008c500000, 0x000000008c500000| Untracked 
| 198|0x000000008c600000, 0x000000008c600000, 0x000000008c700000|  0%| F|  |TAMS 0x000000008c600000, 0x000000008c600000| Untracked 
| 199|0x000000008c700000, 0x000000008c700000, 0x000000008c800000|  0%| F|  |TAMS 0x000000008c700000, 0x000000008c700000| Untracked 
| 200|0x000000008c800000, 0x000000008c800000, 0x000000008c900000|  0%| F|  |TAMS 0x000000008c800000, 0x000000008c800000| Untracked 
| 201|0x000000008c900000, 0x000000008c900000, 0x000000008ca00000|  0%| F|  |TAMS 0x000000008c900000, 0x000000008c900000| Untracked 
| 202|0x000000008ca00000, 0x000000008ca00000, 0x000000008cb00000|  0%| F|  |TAMS 0x000000008ca00000, 0x000000008ca00000| Untracked 
| 203|0x000000008cb00000, 0x000000008cb00000, 0x000000008cc00000|  0%| F|  |TAMS 0x000000008cb00000, 0x000000008cb00000| Untracked 
| 204|0x000000008cc00000, 0x000000008cc00000, 0x000000008cd00000|  0%| F|  |TAMS 0x000000008cc00000, 0x000000008cc00000| Untracked 
| 205|0x000000008cd00000, 0x000000008cd00000, 0x000000008ce00000|  0%| F|  |TAMS 0x000000008cd00000, 0x000000008cd00000| Untracked 
| 206|0x000000008ce00000, 0x000000008ce00000, 0x000000008cf00000|  0%| F|  |TAMS 0x000000008ce00000, 0x000000008ce00000| Untracked 
| 207|0x000000008cf00000, 0x000000008cf00000, 0x000000008d000000|  0%| F|  |TAMS 0x000000008cf00000, 0x000000008cf00000| Untracked 
| 208|0x000000008d000000, 0x000000008d000000, 0x000000008d100000|  0%| F|  |TAMS 0x000000008d000000, 0x000000008d000000| Untracked 
| 209|0x000000008d100000, 0x000000008d100000, 0x000000008d200000|  0%| F|  |TAMS 0x000000008d100000, 0x000000008d100000| Untracked 
| 210|0x000000008d200000, 0x000000008d200000, 0x000000008d300000|  0%| F|  |TAMS 0x000000008d200000, 0x000000008d200000| Untracked 
| 211|0x000000008d300000, 0x000000008d300000, 0x000000008d400000|  0%| F|  |TAMS 0x000000008d300000, 0x000000008d300000| Untracked 
| 212|0x000000008d400000, 0x000000008d400000, 0x000000008d500000|  0%| F|  |TAMS 0x000000008d400000, 0x000000008d400000| Untracked 
| 213|0x000000008d500000, 0x000000008d500000, 0x000000008d600000|  0%| F|  |TAMS 0x000000008d500000, 0x000000008d500000| Untracked 
| 214|0x000000008d600000, 0x000000008d600000, 0x000000008d700000|  0%| F|  |TAMS 0x000000008d600000, 0x000000008d600000| Untracked 
| 215|0x000000008d700000, 0x000000008d700000, 0x000000008d800000|  0%| F|  |TAMS 0x000000008d700000, 0x000000008d700000| Untracked 
| 216|0x000000008d800000, 0x000000008d800000, 0x000000008d900000|  0%| F|  |TAMS 0x000000008d800000, 0x000000008d800000| Untracked 
| 217|0x000000008d900000, 0x000000008d900000, 0x000000008da00000|  0%| F|  |TAMS 0x000000008d900000, 0x000000008d900000| Untracked 
| 218|0x000000008da00000, 0x000000008da00000, 0x000000008db00000|  0%| F|  |TAMS 0x000000008da00000, 0x000000008da00000| Untracked 
| 219|0x000000008db00000, 0x000000008db00000, 0x000000008dc00000|  0%| F|  |TAMS 0x000000008db00000, 0x000000008db00000| Untracked 
| 220|0x000000008dc00000, 0x000000008dc00000, 0x000000008dd00000|  0%| F|  |TAMS 0x000000008dc00000, 0x000000008dc00000| Untracked 
| 221|0x000000008dd00000, 0x000000008dd00000, 0x000000008de00000|  0%| F|  |TAMS 0x000000008dd00000, 0x000000008dd00000| Untracked 
| 222|0x000000008de00000, 0x000000008de00000, 0x000000008df00000|  0%| F|  |TAMS 0x000000008de00000, 0x000000008de00000| Untracked 
| 223|0x000000008df00000, 0x000000008df00000, 0x000000008e000000|  0%| F|  |TAMS 0x000000008df00000, 0x000000008df00000| Untracked 
| 224|0x000000008e000000, 0x000000008e000000, 0x000000008e100000|  0%| F|  |TAMS 0x000000008e000000, 0x000000008e000000| Untracked 
| 225|0x000000008e100000, 0x000000008e100000, 0x000000008e200000|  0%| F|  |TAMS 0x000000008e100000, 0x000000008e100000| Untracked 
| 226|0x000000008e200000, 0x000000008e200000, 0x000000008e300000|  0%| F|  |TAMS 0x000000008e200000, 0x000000008e200000| Untracked 
| 227|0x000000008e300000, 0x000000008e300000, 0x000000008e400000|  0%| F|  |TAMS 0x000000008e300000, 0x000000008e300000| Untracked 
| 228|0x000000008e400000, 0x000000008e400000, 0x000000008e500000|  0%| F|  |TAMS 0x000000008e400000, 0x000000008e400000| Untracked 
| 229|0x000000008e500000, 0x000000008e500000, 0x000000008e600000|  0%| F|  |TAMS 0x000000008e500000, 0x000000008e500000| Untracked 
| 230|0x000000008e600000, 0x000000008e600000, 0x000000008e700000|  0%| F|  |TAMS 0x000000008e600000, 0x000000008e600000| Untracked 
| 231|0x000000008e700000, 0x000000008e700000, 0x000000008e800000|  0%| F|  |TAMS 0x000000008e700000, 0x000000008e700000| Untracked 
| 232|0x000000008e800000, 0x000000008e800000, 0x000000008e900000|  0%| F|  |TAMS 0x000000008e800000, 0x000000008e800000| Untracked 
| 233|0x000000008e900000, 0x000000008e900000, 0x000000008ea00000|  0%| F|  |TAMS 0x000000008e900000, 0x000000008e900000| Untracked 
| 234|0x000000008ea00000, 0x000000008ea00000, 0x000000008eb00000|  0%| F|  |TAMS 0x000000008ea00000, 0x000000008ea00000| Untracked 
| 235|0x000000008eb00000, 0x000000008eb00000, 0x000000008ec00000|  0%| F|  |TAMS 0x000000008eb00000, 0x000000008eb00000| Untracked 
| 236|0x000000008ec00000, 0x000000008ec00000, 0x000000008ed00000|  0%| F|  |TAMS 0x000000008ec00000, 0x000000008ec00000| Untracked 
| 237|0x000000008ed00000, 0x000000008ed00000, 0x000000008ee00000|  0%| F|  |TAMS 0x000000008ed00000, 0x000000008ed00000| Untracked 
| 238|0x000000008ee00000, 0x000000008ee00000, 0x000000008ef00000|  0%| F|  |TAMS 0x000000008ee00000, 0x000000008ee00000| Untracked 
| 239|0x000000008ef00000, 0x000000008ef00000, 0x000000008f000000|  0%| F|  |TAMS 0x000000008ef00000, 0x000000008ef00000| Untracked 
| 240|0x000000008f000000, 0x000000008f000000, 0x000000008f100000|  0%| F|  |TAMS 0x000000008f000000, 0x000000008f000000| Untracked 
| 241|0x000000008f100000, 0x000000008f100000, 0x000000008f200000|  0%| F|  |TAMS 0x000000008f100000, 0x000000008f100000| Untracked 
| 242|0x000000008f200000, 0x000000008f200000, 0x000000008f300000|  0%| F|  |TAMS 0x000000008f200000, 0x000000008f200000| Untracked 
| 243|0x000000008f300000, 0x000000008f300000, 0x000000008f400000|  0%| F|  |TAMS 0x000000008f300000, 0x000000008f300000| Untracked 
| 244|0x000000008f400000, 0x000000008f400000, 0x000000008f500000|  0%| F|  |TAMS 0x000000008f400000, 0x000000008f400000| Untracked 
| 245|0x000000008f500000, 0x000000008f500000, 0x000000008f600000|  0%| F|  |TAMS 0x000000008f500000, 0x000000008f500000| Untracked 
| 246|0x000000008f600000, 0x000000008f600000, 0x000000008f700000|  0%| F|  |TAMS 0x000000008f600000, 0x000000008f600000| Untracked 
| 247|0x000000008f700000, 0x000000008f700000, 0x000000008f800000|  0%| F|  |TAMS 0x000000008f700000, 0x000000008f700000| Untracked 
| 248|0x000000008f800000, 0x000000008f800000, 0x000000008f900000|  0%| F|  |TAMS 0x000000008f800000, 0x000000008f800000| Untracked 
| 249|0x000000008f900000, 0x000000008f900000, 0x000000008fa00000|  0%| F|  |TAMS 0x000000008f900000, 0x000000008f900000| Untracked 
| 250|0x000000008fa00000, 0x000000008fa00000, 0x000000008fb00000|  0%| F|  |TAMS 0x000000008fa00000, 0x000000008fa00000| Untracked 
| 251|0x000000008fb00000, 0x000000008fb00000, 0x000000008fc00000|  0%| F|  |TAMS 0x000000008fb00000, 0x000000008fb00000| Untracked 
| 252|0x000000008fc00000, 0x000000008fc00000, 0x000000008fd00000|  0%| F|  |TAMS 0x000000008fc00000, 0x000000008fc00000| Untracked 
| 253|0x000000008fd00000, 0x000000008fd00000, 0x000000008fe00000|  0%| F|  |TAMS 0x000000008fd00000, 0x000000008fd00000| Untracked 
| 254|0x000000008fe00000, 0x000000008fe00000, 0x000000008ff00000|  0%| F|  |TAMS 0x000000008fe00000, 0x000000008fe00000| Untracked 
| 255|0x000000008ff00000, 0x000000008ff00000, 0x0000000090000000|  0%| F|  |TAMS 0x000000008ff00000, 0x000000008ff00000| Untracked 
| 256|0x0000000090000000, 0x0000000090000000, 0x0000000090100000|  0%| F|  |TAMS 0x0000000090000000, 0x0000000090000000| Untracked 
| 257|0x0000000090100000, 0x0000000090100000, 0x0000000090200000|  0%| F|  |TAMS 0x0000000090100000, 0x0000000090100000| Untracked 
| 258|0x0000000090200000, 0x0000000090200000, 0x0000000090300000|  0%| F|  |TAMS 0x0000000090200000, 0x0000000090200000| Untracked 
| 259|0x0000000090300000, 0x0000000090300000, 0x0000000090400000|  0%| F|  |TAMS 0x0000000090300000, 0x0000000090300000| Untracked 
| 260|0x0000000090400000, 0x0000000090400000, 0x0000000090500000|  0%| F|  |TAMS 0x0000000090400000, 0x0000000090400000| Untracked 
| 261|0x0000000090500000, 0x0000000090500000, 0x0000000090600000|  0%| F|  |TAMS 0x0000000090500000, 0x0000000090500000| Untracked 
| 262|0x0000000090600000, 0x0000000090600000, 0x0000000090700000|  0%| F|  |TAMS 0x0000000090600000, 0x0000000090600000| Untracked 
| 263|0x0000000090700000, 0x0000000090700000, 0x0000000090800000|  0%| F|  |TAMS 0x0000000090700000, 0x0000000090700000| Untracked 
| 264|0x0000000090800000, 0x0000000090800000, 0x0000000090900000|  0%| F|  |TAMS 0x0000000090800000, 0x0000000090800000| Untracked 
| 265|0x0000000090900000, 0x0000000090900000, 0x0000000090a00000|  0%| F|  |TAMS 0x0000000090900000, 0x0000000090900000| Untracked 
| 266|0x0000000090a00000, 0x0000000090a00000, 0x0000000090b00000|  0%| F|  |TAMS 0x0000000090a00000, 0x0000000090a00000| Untracked 
| 267|0x0000000090b00000, 0x0000000090b00000, 0x0000000090c00000|  0%| F|  |TAMS 0x0000000090b00000, 0x0000000090b00000| Untracked 
| 268|0x0000000090c00000, 0x0000000090c00000, 0x0000000090d00000|  0%| F|  |TAMS 0x0000000090c00000, 0x0000000090c00000| Untracked 
| 269|0x0000000090d00000, 0x0000000090d00000, 0x0000000090e00000|  0%| F|  |TAMS 0x0000000090d00000, 0x0000000090d00000| Untracked 
| 270|0x0000000090e00000, 0x0000000090e00000, 0x0000000090f00000|  0%| F|  |TAMS 0x0000000090e00000, 0x0000000090e00000| Untracked 
| 271|0x0000000090f00000, 0x0000000090f00000, 0x0000000091000000|  0%| F|  |TAMS 0x0000000090f00000, 0x0000000090f00000| Untracked 
| 272|0x0000000091000000, 0x0000000091100000, 0x0000000091100000|100%| E|  |TAMS 0x0000000091000000, 0x0000000091000000| Complete 
| 273|0x0000000091100000, 0x0000000091200000, 0x0000000091200000|100%| E|CS|TAMS 0x0000000091100000, 0x0000000091100000| Complete 
| 274|0x0000000091200000, 0x0000000091300000, 0x0000000091300000|100%| E|CS|TAMS 0x0000000091200000, 0x0000000091200000| Complete 
| 275|0x0000000091300000, 0x0000000091400000, 0x0000000091400000|100%| E|CS|TAMS 0x0000000091300000, 0x0000000091300000| Complete 
| 276|0x0000000091400000, 0x0000000091500000, 0x0000000091500000|100%| E|CS|TAMS 0x0000000091400000, 0x0000000091400000| Complete 
| 277|0x0000000091500000, 0x0000000091600000, 0x0000000091600000|100%| E|CS|TAMS 0x0000000091500000, 0x0000000091500000| Complete 

Card table byte_map: [0x000001d3d8990000,0x000001d3d8d90000] _byte_map_base: 0x000001d3d8590000

Marking Bits (Prev, Next): (CMBitMap*) 0x000001d3c5adcba0, (CMBitMap*) 0x000001d3c5adcb68
 Prev Bits: [0x000001d3db190000, 0x000001d3dd190000)
 Next Bits: [0x000001d3d9190000, 0x000001d3db190000)

Polling page: 0x000001d3c3980000

Metaspace:

Usage:
  Non-class:     80.83 MB capacity,    79.42 MB ( 98%) used,     1.14 MB (  1%) free+waste,   273.38 KB ( <1%) overhead. 
      Class:     12.65 MB capacity,    11.83 MB ( 94%) used,   711.59 KB (  5%) free+waste,   123.81 KB ( <1%) overhead. 
       Both:     93.47 MB capacity,    91.25 MB ( 98%) used,     1.84 MB (  2%) free+waste,   397.19 KB ( <1%) overhead. 

Virtual space:
  Non-class space:       82.00 MB reserved,      81.00 MB ( 99%) committed 
      Class space:        1.00 GB reserved,      12.75 MB (  1%) committed 
             Both:        1.08 GB reserved,      93.75 MB (  8%) committed 

Chunk freelists:
   Non-Class:  46.00 KB
       Class:  7.00 KB
        Both:  53.00 KB

MaxMetaspaceSize: 17179869184.00 GB
CompressedClassSpaceSize: 1.00 GB

CodeHeap 'non-profiled nmethods': size=120064Kb used=6301Kb max_used=6301Kb free=113762Kb
 bounds [0x000001d3d1050000, 0x000001d3d1680000, 0x000001d3d8590000]
CodeHeap 'profiled nmethods': size=120000Kb used=23908Kb max_used=23908Kb free=96091Kb
 bounds [0x000001d3c9b20000, 0x000001d3cb280000, 0x000001d3d1050000]
CodeHeap 'non-nmethods': size=5696Kb used=2319Kb max_used=2346Kb free=3376Kb
 bounds [0x000001d3c9590000, 0x000001d3c9800000, 0x000001d3c9b20000]
 total_blobs=11962 nmethods=11025 adapters=846
 compilation: enabled
              stopped_count=0, restarted_count=0
 full_count=0

Compilation events (20 events):
Event: 41.580 Thread 0x000001d3df6ad000 nmethod 11098 0x000001d3cb253090 code [0x000001d3cb2532c0, 0x000001d3cb2536c8]
Event: 41.582 Thread 0x000001d3df6ad000 11099       2       org.gradle.cache.Cache::get (14 bytes)
Event: 41.582 Thread 0x000001d3df6ad000 nmethod 11099 0x000001d3cb253910 code [0x000001d3cb253ac0, 0x000001d3cb253c88]
Event: 41.589 Thread 0x000001d3df6ad000 11100       2       org.gradle.api.internal.tasks.compile.incremental.deps.DependentsSet::<init> (5 bytes)
Event: 41.589 Thread 0x000001d3df6ad000 nmethod 11100 0x000001d3cb253d90 code [0x000001d3cb253f40, 0x000001d3cb254038]
Event: 41.589 Thread 0x000001d3df6ad000 11101       2       org.gradle.api.internal.tasks.compile.incremental.deps.DependentsSet::<init> (5 bytes)
Event: 41.590 Thread 0x000001d3df6ad000 nmethod 11101 0x000001d3cb254110 code [0x000001d3cb2542c0, 0x000001d3cb2543b8]
Event: 41.629 Thread 0x000001d3df6ad000 11103       3       sun.rmi.runtime.Log$LoggerLog::isLoggable (9 bytes)
Event: 41.630 Thread 0x000001d3df6ad000 nmethod 11103 0x000001d3cb254490 code [0x000001d3cb254640, 0x000001d3cb2548d8]
Event: 41.690 Thread 0x000001d3df6ad000 11104       1       org.gradle.api.file.RelativePath::isFile (5 bytes)
Event: 41.690 Thread 0x000001d3df6ad000 nmethod 11104 0x000001d3d166fe90 code [0x000001d3d1670040, 0x000001d3d16700f8]
Event: 41.692 Thread 0x000001d3df6ad000 11105       3       org.objectweb.asm.ClassReader::readByte (11 bytes)
Event: 41.693 Thread 0x000001d3df6ad000 nmethod 11105 0x000001d3cb254a10 code [0x000001d3cb254bc0, 0x000001d3cb254cf8]
Event: 41.693 Thread 0x000001d3df6ad000 11106       3       org.objectweb.asm.ClassReader::getItemCount (6 bytes)
Event: 41.693 Thread 0x000001d3df6ad000 nmethod 11106 0x000001d3cb254e10 code [0x000001d3cb254fc0, 0x000001d3cb2550d8]
Event: 41.693 Thread 0x000001d3df6ad000 11107       3       org.objectweb.asm.ClassReader::getItem (7 bytes)
Event: 41.693 Thread 0x000001d3df6ad000 nmethod 11107 0x000001d3cb255190 code [0x000001d3cb255340, 0x000001d3cb255478]
Event: 41.693 Thread 0x000001d3df6ad000 11108       3       org.objectweb.asm.Type::getSort (19 bytes)
Event: 41.693 Thread 0x000001d3df6ad000 nmethod 11108 0x000001d3cb255590 code [0x000001d3cb255740, 0x000001d3cb255898]
Event: 41.696 Thread 0x000001d3df6ad000 11109       3       org.objectweb.asm.ClassReader::readCode (5109 bytes)

GC Heap History (20 events):
Event: 4.908 GC heap before
{Heap before GC invocations=5 (full 0):
 garbage-first heap   total 196608K, used 93376K [0x0000000080000000, 0x0000000100000000)
  region size 1024K, 84 young (86016K), 9 survivors (9216K)
 Metaspace       used 27921K, capacity 28635K, committed 28800K, reserved 1075200K
  class space    used 3704K, capacity 3933K, committed 3968K, reserved 1048576K
}
Event: 4.922 GC heap after
{Heap after GC invocations=6 (full 0):
 garbage-first heap   total 196608K, used 19074K [0x0000000080000000, 0x0000000100000000)
  region size 1024K, 8 young (8192K), 8 survivors (8192K)
 Metaspace       used 27921K, capacity 28635K, committed 28800K, reserved 1075200K
  class space    used 3704K, capacity 3933K, committed 3968K, reserved 1048576K
}
Event: 5.733 GC heap before
{Heap before GC invocations=6 (full 0):
 garbage-first heap   total 196608K, used 53890K [0x0000000080000000, 0x0000000100000000)
  region size 1024K, 43 young (44032K), 8 survivors (8192K)
 Metaspace       used 35024K, capacity 35794K, committed 35840K, reserved 1081344K
  class space    used 4534K, capacity 4832K, committed 4864K, reserved 1048576K
}
Event: 5.754 GC heap after
{Heap after GC invocations=7 (full 0):
 garbage-first heap   total 196608K, used 21933K [0x0000000080000000, 0x0000000100000000)
  region size 1024K, 6 young (6144K), 6 survivors (6144K)
 Metaspace       used 35024K, capacity 35794K, committed 35840K, reserved 1081344K
  class space    used 4534K, capacity 4832K, committed 4864K, reserved 1048576K
}
Event: 7.195 GC heap before
{Heap before GC invocations=8 (full 0):
 garbage-first heap   total 196608K, used 111021K [0x0000000080000000, 0x0000000100000000)
  region size 1024K, 91 young (93184K), 6 survivors (6144K)
 Metaspace       used 41574K, capacity 42477K, committed 42624K, reserved 1085440K
  class space    used 5361K, capacity 5705K, committed 5760K, reserved 1048576K
}
Event: 7.229 GC heap after
{Heap after GC invocations=9 (full 0):
 garbage-first heap   total 196608K, used 27902K [0x0000000080000000, 0x0000000100000000)
  region size 1024K, 12 young (12288K), 12 survivors (12288K)
 Metaspace       used 41574K, capacity 42477K, committed 42624K, reserved 1085440K
  class space    used 5361K, capacity 5705K, committed 5760K, reserved 1048576K
}
Event: 9.874 GC heap before
{Heap before GC invocations=9 (full 0):
 garbage-first heap   total 196608K, used 131326K [0x0000000080000000, 0x0000000100000000)
  region size 1024K, 104 young (106496K), 12 survivors (12288K)
 Metaspace       used 47251K, capacity 48432K, committed 48512K, reserved 1091584K
  class space    used 6016K, capacity 6468K, committed 6528K, reserved 1048576K
}
Event: 9.921 GC heap after
{Heap after GC invocations=10 (full 0):
 garbage-first heap   total 236544K, used 46754K [0x0000000080000000, 0x0000000100000000)
  region size 1024K, 13 young (13312K), 13 survivors (13312K)
 Metaspace       used 47251K, capacity 48432K, committed 48512K, reserved 1091584K
  class space    used 6016K, capacity 6468K, committed 6528K, reserved 1048576K
}
Event: 11.900 GC heap before
{Heap before GC invocations=10 (full 0):
 garbage-first heap   total 236544K, used 129698K [0x0000000080000000, 0x0000000100000000)
  region size 1024K, 95 young (97280K), 13 survivors (13312K)
 Metaspace       used 58517K, capacity 60028K, committed 60160K, reserved 1101824K
  class space    used 7405K, capacity 7948K, committed 8064K, reserved 1048576K
}
Event: 11.939 GC heap after
{Heap after GC invocations=11 (full 0):
 garbage-first heap   total 236544K, used 51688K [0x0000000080000000, 0x0000000100000000)
  region size 1024K, 5 young (5120K), 5 survivors (5120K)
 Metaspace       used 58517K, capacity 60028K, committed 60160K, reserved 1101824K
  class space    used 7405K, capacity 7948K, committed 8064K, reserved 1048576K
}
Event: 13.775 GC heap before
{Heap before GC invocations=12 (full 0):
 garbage-first heap   total 236544K, used 153064K [0x0000000080000000, 0x0000000100000000)
  region size 1024K, 104 young (106496K), 5 survivors (5120K)
 Metaspace       used 65926K, capacity 67579K, committed 67840K, reserved 1107968K
  class space    used 8355K, capacity 8934K, committed 8960K, reserved 1048576K
}
Event: 13.795 GC heap after
{Heap after GC invocations=13 (full 0):
 garbage-first heap   total 236544K, used 59192K [0x0000000080000000, 0x0000000100000000)
  region size 1024K, 12 young (12288K), 12 survivors (12288K)
 Metaspace       used 65926K, capacity 67579K, committed 67840K, reserved 1107968K
  class space    used 8355K, capacity 8934K, committed 8960K, reserved 1048576K
}
Event: 15.944 GC heap before
{Heap before GC invocations=13 (full 0):
 garbage-first heap   total 236544K, used 164664K [0x0000000080000000, 0x0000000100000000)
  region size 1024K, 115 young (117760K), 12 survivors (12288K)
 Metaspace       used 75683K, capacity 77411K, committed 77568K, reserved 1116160K
  class space    used 9785K, capacity 10465K, committed 10496K, reserved 1048576K
}
Event: 15.975 GC heap after
{Heap after GC invocations=14 (full 0):
 garbage-first heap   total 236544K, used 65382K [0x0000000080000000, 0x0000000100000000)
  region size 1024K, 7 young (7168K), 7 survivors (7168K)
 Metaspace       used 75683K, capacity 77411K, committed 77568K, reserved 1116160K
  class space    used 9785K, capacity 10465K, committed 10496K, reserved 1048576K
}
Event: 19.034 GC heap before
{Heap before GC invocations=14 (full 0):
 garbage-first heap   total 236544K, used 168806K [0x0000000080000000, 0x0000000100000000)
  region size 1024K, 109 young (111616K), 7 survivors (7168K)
 Metaspace       used 82569K, capacity 84580K, committed 84864K, reserved 1122304K
  class space    used 10746K, capacity 11527K, committed 11648K, reserved 1048576K
}
Event: 19.067 GC heap after
{Heap after GC invocations=15 (full 0):
 garbage-first heap   total 236544K, used 74752K [0x0000000080000000, 0x0000000100000000)
  region size 1024K, 14 young (14336K), 14 survivors (14336K)
 Metaspace       used 82569K, capacity 84580K, committed 84864K, reserved 1122304K
  class space    used 10746K, capacity 11527K, committed 11648K, reserved 1048576K
}
Event: 21.905 GC heap before
{Heap before GC invocations=15 (full 0):
 garbage-first heap   total 236544K, used 176128K [0x0000000080000000, 0x0000000100000000)
  region size 1024K, 114 young (116736K), 14 survivors (14336K)
 Metaspace       used 84143K, capacity 86246K, committed 86528K, reserved 1124352K
  class space    used 10899K, capacity 11660K, committed 11776K, reserved 1048576K
}
Event: 21.947 GC heap after
{Heap after GC invocations=16 (full 0):
 garbage-first heap   total 284672K, used 82269K [0x0000000080000000, 0x0000000100000000)
  region size 1024K, 9 young (9216K), 9 survivors (9216K)
 Metaspace       used 84143K, capacity 86246K, committed 86528K, reserved 1124352K
  class space    used 10899K, capacity 11660K, committed 11776K, reserved 1048576K
}
Event: 41.592 GC heap before
{Heap before GC invocations=16 (full 0):
 garbage-first heap   total 284672K, used 200029K [0x0000000080000000, 0x0000000100000000)
  region size 1024K, 125 young (128000K), 9 survivors (9216K)
 Metaspace       used 93107K, capacity 95451K, committed 95744K, reserved 1132544K
  class space    used 12079K, capacity 12947K, committed 13056K, reserved 1048576K
}
Event: 41.619 GC heap after
{Heap after GC invocations=17 (full 0):
 garbage-first heap   total 284672K, used 89817K [0x0000000080000000, 0x0000000100000000)
  region size 1024K, 16 young (16384K), 16 survivors (16384K)
 Metaspace       used 93107K, capacity 95451K, committed 95744K, reserved 1132544K
  class space    used 12079K, capacity 12947K, committed 13056K, reserved 1048576K
}

Deoptimization events (20 events):
Event: 41.472 Thread 0x000001d3e1052000 Uncommon trap: reason=bimorphic_or_optimized_type_check action=maybe_recompile pc=0x000001d3d1618a18 method=org.gradle.cache.Cache.get(Ljava/lang/Object;Ljava/util/function/Supplier;)Ljava/lang/Object; @ 8 c2
Event: 41.472 Thread 0x000001d3e1052000 DEOPT PACKING pc=0x000001d3d1618a18 sp=0x000000c0ba5f9140
Event: 41.472 Thread 0x000001d3e104f800 Uncommon trap: trap_request=0xffffffc6 fr.pc=0x000001d3d1618a18 relative=0x0000000000002038
Event: 41.472 Thread 0x000001d3e3f8d800 DEOPT UNPACKING pc=0x000001d3c95b78af sp=0x000000c0b9cfe820 mode 2
Event: 41.472 Thread 0x000001d3e104f800 Uncommon trap: reason=bimorphic_or_optimized_type_check action=maybe_recompile pc=0x000001d3d1618a18 method=org.gradle.cache.Cache.get(Ljava/lang/Object;Ljava/util/function/Supplier;)Ljava/lang/Object; @ 8 c2
Event: 41.472 Thread 0x000001d3e1052000 DEOPT UNPACKING pc=0x000001d3c95b78af sp=0x000000c0ba5f9150 mode 2
Event: 41.472 Thread 0x000001d3e104f800 DEOPT PACKING pc=0x000001d3d1618a18 sp=0x000000c0b9dfe830
Event: 41.472 Thread 0x000001d3e104f800 DEOPT UNPACKING pc=0x000001d3c95b78af sp=0x000000c0b9dfe840 mode 2
Event: 41.472 Thread 0x000001d3e3f8c800 Uncommon trap: trap_request=0xffffffc6 fr.pc=0x000001d3d1618a18 relative=0x0000000000002038
Event: 41.472 Thread 0x000001d3e3f8c800 Uncommon trap: reason=bimorphic_or_optimized_type_check action=maybe_recompile pc=0x000001d3d1618a18 method=org.gradle.cache.Cache.get(Ljava/lang/Object;Ljava/util/function/Supplier;)Ljava/lang/Object; @ 8 c2
Event: 41.472 Thread 0x000001d3e3f8c800 DEOPT PACKING pc=0x000001d3d1618a18 sp=0x000000c0b9bfe2f0
Event: 41.472 Thread 0x000001d3e3f8c800 DEOPT UNPACKING pc=0x000001d3c95b78af sp=0x000000c0b9bfe300 mode 2
Event: 41.507 Thread 0x000001d3e1052000 Uncommon trap: trap_request=0xfffffff4 fr.pc=0x000001d3d1665000 relative=0x00000000000004c0
Event: 41.507 Thread 0x000001d3e1052000 Uncommon trap: reason=null_check action=make_not_entrant pc=0x000001d3d1665000 method=org.gradle.tooling.internal.provider.runner.SubtreeFilteringBuildOperationListener.finished(Lorg/gradle/internal/operations/BuildOperationDescriptor;Lorg/gradle/internal
Event: 41.507 Thread 0x000001d3e1052000 DEOPT PACKING pc=0x000001d3d1665000 sp=0x000000c0ba5f8f70
Event: 41.507 Thread 0x000001d3e1052000 DEOPT UNPACKING pc=0x000001d3c95b78af sp=0x000000c0ba5f8f08 mode 2
Event: 41.545 Thread 0x000001d3e1056000 Uncommon trap: trap_request=0xffffff4d fr.pc=0x000001d3d166e83c relative=0x0000000000000a9c
Event: 41.545 Thread 0x000001d3e1056000 Uncommon trap: reason=unstable_if action=reinterpret pc=0x000001d3d166e83c method=com.google.common.collect.ImmutableSet.construct(I[Ljava/lang/Object;)Lcom/google/common/collect/ImmutableSet; @ 1 c2
Event: 41.545 Thread 0x000001d3e1056000 DEOPT PACKING pc=0x000001d3d166e83c sp=0x000000c0baefe290
Event: 41.545 Thread 0x000001d3e1056000 DEOPT UNPACKING pc=0x000001d3c95b78af sp=0x000000c0baefe228 mode 2

Classes redefined (0 events):
No events

Internal exceptions (20 events):
Event: 26.012 Thread 0x000001d3e1052000 Exception <a 'java/lang/NoSuchMethodError'{0x000000008bb4b838}: 'java.lang.Object java.lang.invoke.DirectMethodHandle$Holder.invokeSpecial(java.lang.Object, java.lang.Object, int, int, java.lang.Object, int, java.lang.Object, java.lang.Object)'> (0x000000008bb4b838) thrown at [./src/hotspot/share/interpreter/linkResolver.cpp, line 773]
Event: 26.012 Thread 0x000001d3e1052000 Exception <a 'java/lang/NoSuchMethodError'{0x000000008bb4fbc0}: 'java.lang.Object java.lang.invoke.DelegatingMethodHandle$Holder.reinvoke_L(java.lang.Object, int, int, java.lang.Object, int, java.lang.Object, java.lang.Object)'> (0x000000008bb4fbc0) thrown at [./src/hotspot/share/interpreter/linkResolver.cpp, line 773]
Event: 26.015 Thread 0x000001d3e1052000 Exception <a 'java/lang/NoSuchMethodError'{0x000000008bb7ae70}: 'java.lang.Object java.lang.invoke.DirectMethodHandle$Holder.invokeStatic(java.lang.Object, java.lang.Object, java.lang.Object, java.lang.Object, java.lang.Object, java.lang.Object, java.lang.Object, java.lang.Object, int)'> (0x000000008bb7ae70) thrown at [./src/hotspot/share/interpreter/linkResolver.cpp, line 773]
Event: 26.017 Thread 0x000001d3e1052000 Exception <a 'java/lang/NoSuchMethodError'{0x000000008bb96110}: 'java.lang.Object java.lang.invoke.DirectMethodHandle$Holder.invokeStatic(java.lang.Object, java.lang.Object, java.lang.Object, java.lang.Object, java.lang.Object, java.lang.Object, java.lang.Object, java.lang.Object, int, int)'> (0x000000008bb96110) thrown at [./src/hotspot/share/interpreter/linkResolver.cpp, line 773]
Event: 26.019 Thread 0x000001d3e1052000 Exception <a 'java/lang/NoSuchMethodError'{0x000000008bbb2510}: 'java.lang.Object java.lang.invoke.DirectMethodHandle$Holder.invokeStatic(java.lang.Object, java.lang.Object, java.lang.Object, java.lang.Object, java.lang.Object, java.lang.Object, java.lang.Object, java.lang.Object, int, int, java.lang.Object)'> (0x000000008bbb2510) thrown at [./src/hotspot/share/interpreter/linkResolver.cpp, line 773]
Event: 26.022 Thread 0x000001d3e1052000 Exception <a 'java/lang/NoSuchMethodError'{0x000000008bbcfcd0}: 'java.lang.Object java.lang.invoke.DirectMethodHandle$Holder.invokeStatic(java.lang.Object, java.lang.Object, java.lang.Object, java.lang.Object, java.lang.Object, java.lang.Object, java.lang.Object, java.lang.Object, int, int, java.lang.Object, java.lang.Object)'> (0x000000008bbcfcd0) thrown at [./src/hotspot/share/interpreter/linkResolver.cpp, line 773]
Event: 26.044 Thread 0x000001d3e1052000 Exception <a 'java/lang/NoSuchMethodError'{0x000000008ba03540}: <clinit>> (0x000000008ba03540) thrown at [./src/hotspot/share/prims/jni.cpp, line 1362]
Event: 26.049 Thread 0x000001d3e1052000 Exception <a 'java/lang/NoSuchMethodError'{0x000000008ba35f08}: <clinit>> (0x000000008ba35f08) thrown at [./src/hotspot/share/prims/jni.cpp, line 1362]
Event: 26.065 Thread 0x000001d3e1053000 Exception <a 'java/lang/InterruptedException'{0x000000008ba66ab0}> (0x000000008ba66ab0) thrown at [./src/hotspot/share/runtime/objectMonitor.cpp, line 1635]
Event: 26.066 Thread 0x000001d3e1053000 Exception <a 'java/lang/NoSuchMethodError'{0x000000008ba6e8c0}: 'java.lang.Object java.lang.invoke.DirectMethodHandle$Holder.invokeStatic(java.lang.Object, java.lang.Object, int, java.lang.Object, long)'> (0x000000008ba6e8c0) thrown at [./src/hotspot/share/interpreter/linkResolver.cpp, line 773]
Event: 26.090 Thread 0x000001d3e1052000 Exception <a 'java/lang/NoSuchMethodError'{0x000000008baa56e8}: <clinit>> (0x000000008baa56e8) thrown at [./src/hotspot/share/prims/jni.cpp, line 1362]
Event: 26.091 Thread 0x000001d3e1052000 Exception <a 'java/lang/NoSuchMethodError'{0x000000008bab74e0}: <clinit>> (0x000000008bab74e0) thrown at [./src/hotspot/share/prims/jni.cpp, line 1362]
Event: 26.093 Thread 0x000001d3e1052000 Exception <a 'java/lang/NoSuchMethodError'{0x000000008bac9578}: <clinit>> (0x000000008bac9578) thrown at [./src/hotspot/share/prims/jni.cpp, line 1362]
Event: 26.111 Thread 0x000001d3e1052000 Exception <a 'java/lang/NoSuchMethodError'{0x000000008baeffe0}: <clinit>> (0x000000008baeffe0) thrown at [./src/hotspot/share/prims/jni.cpp, line 1362]
Event: 26.149 Thread 0x000001d3e1052000 Exception <a 'java/lang/NoSuchMethodError'{0x000000008b8d53a8}: <clinit>> (0x000000008b8d53a8) thrown at [./src/hotspot/share/prims/jni.cpp, line 1362]
Event: 26.321 Thread 0x000001d3e1057000 Exception <a 'java/lang/NoSuchMethodError'{0x000000008b6b02e8}: 'java.lang.Object java.lang.invoke.DirectMethodHandle$Holder.invokeStatic(java.lang.Object, java.lang.Object, java.lang.Object, java.lang.Object, java.lang.Object, java.lang.Object, java.lang.Object, java.lang.Object, java.lang.Object, java.lang.Object, java.lang.Object, java.lang.Object, java.lang.Object, int)'> (0x000000008b6b02e8) thrown at [./src/hotspot/share/interpreter/linkResolver.cpp, line 773]
Event: 26.324 Thread 0x000001d3e1057000 Exception <a 'java/lang/NoSuchMethodError'{0x000000008b6bcd58}: 'java.lang.Object java.lang.invoke.DirectMethodHandle$Holder.invokeStatic(java.lang.Object, java.lang.Object, java.lang.Object, java.lang.Object, java.lang.Object, java.lang.Object, java.lang.Object, java.lang.Object, java.lang.Object, java.lang.Object, java.lang.Object, java.lang.Object, java.lang.Object, int, int)'> (0x000000008b6bcd58) thrown at [./src/hotspot/share/interpreter/linkResolver.cpp, line 773]
Event: 41.254 Thread 0x000001d3e1052000 Exception <a 'java/lang/NoSuchMethodError'{0x000000008b421260}: 'void java.lang.invoke.DirectMethodHandle$Holder.invokeStatic(java.lang.Object, java.lang.Object, java.lang.Object, java.lang.Object, java.lang.Object, java.lang.Object, java.lang.Object)'> (0x000000008b421260) thrown at [./src/hotspot/share/interpreter/linkResolver.cpp, line 773]
Event: 41.273 Thread 0x000001d3e286b000 Exception <a 'java/lang/NoSuchMethodError'{0x000000008b33fb40}: <clinit>> (0x000000008b33fb40) thrown at [./src/hotspot/share/prims/jni.cpp, line 1362]
Event: 41.507 Thread 0x000001d3e1052000 Implicit null exception at 0x000001d3d1664bd2 to 0x000001d3d1664fd8

Events (20 events):
Event: 41.670 loading class org/gradle/api/internal/tasks/compile/incremental/asm/ClassDependenciesVisitor
Event: 41.670 loading class org/gradle/api/internal/tasks/compile/incremental/asm/ClassDependenciesVisitor done
Event: 41.672 loading class org/gradle/api/internal/tasks/compile/incremental/asm/ClassDependenciesVisitor$MethodVisitor
Event: 41.672 loading class org/gradle/api/internal/tasks/compile/incremental/asm/ClassDependenciesVisitor$MethodVisitor done
Event: 41.673 loading class org/gradle/api/internal/tasks/compile/incremental/asm/ClassDependenciesVisitor$RetentionPolicyVisitor
Event: 41.673 loading class org/gradle/api/internal/tasks/compile/incremental/asm/ClassDependenciesVisitor$RetentionPolicyVisitor done
Event: 41.674 loading class org/gradle/api/internal/tasks/compile/incremental/asm/ClassDependenciesVisitor$AnnotationVisitor
Event: 41.674 loading class org/gradle/api/internal/tasks/compile/incremental/asm/ClassDependenciesVisitor$AnnotationVisitor done
Event: 41.676 loading class org/gradle/api/internal/tasks/compile/incremental/asm/ClassDependenciesVisitor$FieldVisitor
Event: 41.676 loading class org/gradle/api/internal/tasks/compile/incremental/asm/ClassDependenciesVisitor$FieldVisitor done
Event: 41.677 loading class org/gradle/api/internal/tasks/compile/incremental/asm/ClassRelevancyFilter
Event: 41.677 loading class org/gradle/api/internal/tasks/compile/incremental/asm/ClassRelevancyFilter done
Event: 41.680 loading class it/unimi/dsi/fastutil/ints/IntIterators
Event: 41.680 loading class it/unimi/dsi/fastutil/ints/IntIterators done
Event: 41.681 loading class it/unimi/dsi/fastutil/ints/IntListIterator
Event: 41.681 loading class it/unimi/dsi/fastutil/ints/IntListIterator done
Event: 41.682 loading class it/unimi/dsi/fastutil/ints/IntList
Event: 41.682 loading class it/unimi/dsi/fastutil/ints/IntList done
Event: 41.683 loading class it/unimi/dsi/fastutil/ints/IntIterators$EmptyIterator
Event: 41.683 loading class it/unimi/dsi/fastutil/ints/IntIterators$EmptyIterator done


Dynamic libraries:
0x00007ff779b10000 - 0x00007ff779b1a000 	C:\Program Files\Android\Android Studio4\jre\bin\java.exe
0x00007ff8286f0000 - 0x00007ff8288e5000 	C:\WINDOWS\SYSTEM32\ntdll.dll
0x00007ff826cb0000 - 0x00007ff826d6e000 	C:\WINDOWS\System32\KERNEL32.DLL
0x00007ff826040000 - 0x00007ff826308000 	C:\WINDOWS\System32\KERNELBASE.dll
0x00007ff8264a0000 - 0x00007ff8265a0000 	C:\WINDOWS\System32\ucrtbase.dll
0x00007ff81db20000 - 0x00007ff81db39000 	C:\Program Files\Android\Android Studio4\jre\bin\jli.dll
0x00007ff81cc80000 - 0x00007ff81cc97000 	C:\Program Files\Android\Android Studio4\jre\bin\VCRUNTIME140.dll
0x00007ff828040000 - 0x00007ff8281e1000 	C:\WINDOWS\System32\USER32.dll
0x00007ff826010000 - 0x00007ff826032000 	C:\WINDOWS\System32\win32u.dll
0x00007ff80e490000 - 0x00007ff80e72a000 	C:\WINDOWS\WinSxS\amd64_microsoft.windows.common-controls_6595b64144ccf1df_6.0.19041.1110_none_60b5254171f9507e\COMCTL32.dll
0x00007ff827eb0000 - 0x00007ff827f4e000 	C:\WINDOWS\System32\msvcrt.dll
0x00007ff826870000 - 0x00007ff82689b000 	C:\WINDOWS\System32\GDI32.dll
0x00007ff826630000 - 0x00007ff82673b000 	C:\WINDOWS\System32\gdi32full.dll
0x00007ff825e60000 - 0x00007ff825efd000 	C:\WINDOWS\System32\msvcp_win.dll
0x00007ff826a50000 - 0x00007ff826a80000 	C:\WINDOWS\System32\IMM32.DLL
0x00007ffffc8e0000 - 0x00007ffffc97d000 	C:\Program Files\Android\Android Studio4\jre\bin\msvcp140.dll
0x00007fffd90a0000 - 0x00007fffd9b6f000 	C:\Program Files\Android\Android Studio4\jre\bin\server\jvm.dll
0x00007ff828550000 - 0x00007ff8285fc000 	C:\WINDOWS\System32\ADVAPI32.dll
0x00007ff826bb0000 - 0x00007ff826c4b000 	C:\WINDOWS\System32\sechost.dll
0x00007ff827cf0000 - 0x00007ff827e1a000 	C:\WINDOWS\System32\RPCRT4.dll
0x00007ff827f50000 - 0x00007ff827f58000 	C:\WINDOWS\System32\PSAPI.DLL
0x00007ff814aa0000 - 0x00007ff814aa9000 	C:\WINDOWS\SYSTEM32\WSOCK32.dll
0x00007ff8126e0000 - 0x00007ff812707000 	C:\WINDOWS\SYSTEM32\WINMM.dll
0x00007ff826800000 - 0x00007ff82686b000 	C:\WINDOWS\System32\WS2_32.dll
0x00007ff81bba0000 - 0x00007ff81bbaa000 	C:\WINDOWS\SYSTEM32\VERSION.dll
0x00007ff824690000 - 0x00007ff8246a2000 	C:\WINDOWS\SYSTEM32\kernel.appcore.dll
0x00007ff81c800000 - 0x00007ff81c811000 	C:\Program Files\Android\Android Studio4\jre\bin\verify.dll
0x00007ff824390000 - 0x00007ff824574000 	C:\WINDOWS\SYSTEM32\DBGHELP.DLL
0x00007ff80d910000 - 0x00007ff80d93c000 	C:\WINDOWS\SYSTEM32\dbgcore.DLL
0x00007ff8265a0000 - 0x00007ff826623000 	C:\WINDOWS\System32\bcryptPrimitives.dll
0x00007ff81c5b0000 - 0x00007ff81c5d9000 	C:\Program Files\Android\Android Studio4\jre\bin\java.dll
0x00007ff81cc50000 - 0x00007ff81cc5b000 	C:\Program Files\Android\Android Studio4\jre\bin\jimage.dll
0x00007ff81c590000 - 0x00007ff81c5a8000 	C:\Program Files\Android\Android Studio4\jre\bin\zip.dll
0x00007ff826e40000 - 0x00007ff82757f000 	C:\WINDOWS\System32\SHELL32.dll
0x00007ff823c00000 - 0x00007ff824390000 	C:\WINDOWS\SYSTEM32\windows.storage.dll
0x00007ff8281f0000 - 0x00007ff828545000 	C:\WINDOWS\System32\combase.dll
0x00007ff825860000 - 0x00007ff82588e000 	C:\WINDOWS\SYSTEM32\Wldp.dll
0x00007ff828600000 - 0x00007ff8286ad000 	C:\WINDOWS\System32\SHCORE.dll
0x00007ff827fe0000 - 0x00007ff828035000 	C:\WINDOWS\System32\shlwapi.dll
0x00007ff825d50000 - 0x00007ff825d6f000 	C:\WINDOWS\SYSTEM32\profapi.dll
0x00007ff800340000 - 0x00007ff80035a000 	C:\Program Files\Android\Android Studio4\jre\bin\net.dll
0x00007ff816790000 - 0x00007ff81689c000 	C:\WINDOWS\SYSTEM32\WINHTTP.dll
0x00007ff8255c0000 - 0x00007ff82562a000 	C:\WINDOWS\system32\mswsock.dll
0x00007ff800320000 - 0x00007ff800334000 	C:\Program Files\Android\Android Studio4\jre\bin\nio.dll
0x00007ff81c920000 - 0x00007ff81c947000 	C:\Users\leoba\.gradle\native\8bec1ad78214c89d9ad589b4d07fe93259594b29d510b10fafb7a158f7737e5d\windows-amd64\native-platform.dll
0x00007ffff5c30000 - 0x00007ffff5d6d000 	C:\Users\leoba\.gradle\native\53dbd7edfb1c66fb8903c78663c9afc45aea4f116125fa6feffd364cf09443e8\windows-amd64\native-platform-file-events.dll
0x00007ff80c7e0000 - 0x00007ff80c7ea000 	C:\Program Files\Android\Android Studio4\jre\bin\management.dll
0x00007ff80be90000 - 0x00007ff80be9c000 	C:\Program Files\Android\Android Studio4\jre\bin\management_ext.dll
0x00007ff8257b0000 - 0x00007ff8257c8000 	C:\WINDOWS\SYSTEM32\CRYPTSP.dll
0x00007ff824ed0000 - 0x00007ff824f04000 	C:\WINDOWS\system32\rsaenh.dll
0x00007ff826310000 - 0x00007ff826337000 	C:\WINDOWS\System32\bcrypt.dll
0x00007ff825cd0000 - 0x00007ff825cfe000 	C:\WINDOWS\SYSTEM32\USERENV.dll
0x00007ff8257d0000 - 0x00007ff8257dc000 	C:\WINDOWS\SYSTEM32\CRYPTBASE.dll
0x00007ff825260000 - 0x00007ff82529b000 	C:\WINDOWS\SYSTEM32\IPHLPAPI.DLL
0x00007ff827590000 - 0x00007ff827598000 	C:\WINDOWS\System32\NSI.dll
0x00007ff8165d0000 - 0x00007ff8165e7000 	C:\WINDOWS\SYSTEM32\dhcpcsvc6.DLL
0x00007ff816bf0000 - 0x00007ff816c0d000 	C:\WINDOWS\SYSTEM32\dhcpcsvc.DLL
0x00007ff8252b0000 - 0x00007ff82537b000 	C:\WINDOWS\SYSTEM32\DNSAPI.dll
0x00007ff81ede0000 - 0x00007ff81edfe000 	C:\Users\leoba\AppData\Local\Temp\native-platform12185329112404593370dir\native-platform.dll
0x00007ff81faa0000 - 0x00007ff81faa8000 	C:\Program Files\Android\Android Studio4\jre\bin\rmi.dll

dbghelp: loaded successfully - version: 4.0.5 - missing functions: none
symbol engine: initialized successfully - sym options: 0x614 - pdb path: .;C:\Program Files\Android\Android Studio4\jre\bin;C:\WINDOWS\SYSTEM32;C:\WINDOWS\WinSxS\amd64_microsoft.windows.common-controls_6595b64144ccf1df_6.0.19041.1110_none_60b5254171f9507e;C:\Program Files\Android\Android Studio4\jre\bin\server;C:\Users\leoba\.gradle\native\8bec1ad78214c89d9ad589b4d07fe93259594b29d510b10fafb7a158f7737e5d\windows-amd64;C:\Users\leoba\.gradle\native\53dbd7edfb1c66fb8903c78663c9afc45aea4f116125fa6feffd364cf09443e8\windows-amd64;C:\Users\leoba\AppData\Local\Temp\native-platform12185329112404593370dir

VM Arguments:
jvm_args: --add-opens=java.base/java.util=ALL-UNNAMED --add-opens=java.base/java.lang=ALL-UNNAMED --add-opens=java.base/java.lang.invoke=ALL-UNNAMED --add-opens=java.base/java.util=ALL-UNNAMED --add-opens=java.prefs/java.util.prefs=ALL-UNNAMED --add-opens=java.prefs/java.util.prefs=ALL-UNNAMED --add-opens=java.base/java.nio.charset=ALL-UNNAMED --add-opens=java.base/java.net=ALL-UNNAMED --add-opens=java.base/java.util.concurrent.atomic=ALL-UNNAMED -Xmx2048m -Dfile.encoding=UTF-8 -Duser.country=ES -Duser.language=es -Duser.variant 
java_command: org.gradle.launcher.daemon.bootstrap.GradleDaemon 7.0.2
java_class_path (initial): C:\Users\leoba\.gradle\wrapper\dists\gradle-7.0.2-bin\857tjihv64xamwrf0h14cai3r\gradle-7.0.2\lib\gradle-launcher-7.0.2.jar
Launcher Type: SUN_STANDARD

[Global flags]
     intx CICompilerCount                          = 3                                         {product} {ergonomic}
     uint ConcGCThreads                            = 1                                         {product} {ergonomic}
     uint G1ConcRefinementThreads                  = 4                                         {product} {ergonomic}
   size_t G1HeapRegionSize                         = 1048576                                   {product} {ergonomic}
    uintx GCDrainStackTargetSize                   = 64                                        {product} {ergonomic}
   size_t InitialHeapSize                          = 201326592                                 {product} {ergonomic}
   size_t MarkStackSize                            = 4194304                                   {product} {ergonomic}
   size_t MaxHeapSize                              = 2147483648                                {product} {command line}
   size_t MaxNewSize                               = 1287651328                                {product} {ergonomic}
   size_t MinHeapDeltaBytes                        = 1048576                                   {product} {ergonomic}
    uintx NonNMethodCodeHeapSize                   = 5830732                                {pd product} {ergonomic}
    uintx NonProfiledCodeHeapSize                  = 122913754                              {pd product} {ergonomic}
    uintx ProfiledCodeHeapSize                     = 122913754                              {pd product} {ergonomic}
    uintx ReservedCodeCacheSize                    = 251658240                              {pd product} {ergonomic}
     bool SegmentedCodeCache                       = true                                      {product} {ergonomic}
     bool UseCompressedClassPointers               = true                                 {lp64_product} {ergonomic}
     bool UseCompressedOops                        = true                                 {lp64_product} {ergonomic}
     bool UseG1GC                                  = true                                      {product} {ergonomic}
     bool UseLargePagesIndividualAllocation        = false                                  {pd product} {ergonomic}

Logging:
Log output configuration:
 #0: stdout all=warning uptime,level,tags
 #1: stderr all=off uptime,level,tags

Environment Variables:
PATH=C:\Program Files (x86)\Intel\Intel(R) Management Engine Components\iCLS\;C:\Program Files\Intel\Intel(R) Management Engine Components\iCLS\;C:\WINDOWS\system32;C:\WINDOWS;C:\WINDOWS\System32\Wbem;C:\WINDOWS\System32\WindowsPowerShell\v1.0\;C:\Program Files (x86)\Intel\Intel(R) Management Engine Components\DAL;C:\Program Files\Intel\Intel(R) Management Engine Components\DAL;C:\Program Files (x86)\Intel\Intel(R) Management Engine Components\IPT;C:\Program Files\Intel\Intel(R) Management Engine Components\IPT;c:\Program Files (x86)\Microsoft SQL Server\100\Tools\Binn\;c:\Program Files\Microsoft SQL Server\100\Tools\Binn\;c:\Program Files\Microsoft SQL Server\100\DTS\Binn\;c:\Program Files (x86)\Microsoft SQL Server\100\Tools\Binn\VSShell\Common7\IDE\;c:\Program Files (x86)\Microsoft SQL Server\100\DTS\Binn\;C:\Users\leoba\.dnx\bin;C:\Program Files\Microsoft DNX\Dnvm\;C:\Program Files\Microsoft SQL Server\130\Tools\Binn\;C:\WINDOWS\System32\OpenSSH\;C:\Program Files\Git\cmd;C:\Users\leoba\AppData\Local\Microsoft\WindowsApps;C:\Users\leoba\AppData\Local\GitHubDesktop\bin;%USERPROFILE%\AppData\Local\Microsoft\WindowsApps;
USERNAME=leoba
OS=Windows_NT
PROCESSOR_IDENTIFIER=Intel64 Family 6 Model 142 Stepping 10, GenuineIntel



---------------  S Y S T E M  ---------------

OS: Windows 10 , 64 bit Build 19041 (10.0.19041.1348)
OS uptime: 9 days 7:49 hours

CPU:total 4 (initial active 4) (2 cores per cpu, 2 threads per core) family 6 model 142 stepping 10 microcode 0xb4, cmov, cx8, fxsr, mmx, sse, sse2, sse3, ssse3, sse4.1, sse4.2, popcnt, avx, avx2, aes, clmul, erms, 3dnowpref, lzcnt, ht, tsc, tscinvbit, bmi1, bmi2, adx, fma

Memory: 4k page, system-wide physical 12197M (1211M free)
TotalPageFile size 12197M (AvailPageFile size 3M)
current process WorkingSet (physical memory assigned to process): 532M, peak: 536M
current process commit charge ("private bytes"): 567M, peak: 571M

vm_info: OpenJDK 64-Bit Server VM (11.0.10+0-b96-7249189) for windows-amd64 JRE (11.0.10+0-b96-7249189), built on Mar 31 2021 21:44:00 by "builder" with MS VC++ 14.0 (VS2015)

END.
