#
# There is insufficient memory for the Java Runtime Environment to continue.
# Native memory allocation (mmap) failed to map 83886080 bytes for Failed to commit area from 0x0000000091e00000 to 0x0000000096e00000 of length 83886080.
# Possible reasons:
#   The system is out of physical RAM or swap space
#   The process is running with CompressedOops enabled, and the Java Heap may be blocking the growth of the native heap
# Possible solutions:
#   Reduce memory load on the system
#   Increase physical memory or swap space
#   Check if swap backing store is full
#   Decrease Java heap size (-Xmx/-Xms)
#   Decrease number of Java threads
#   Decrease Java thread stack sizes (-Xss)
#   Set larger code cache with -XX:ReservedCodeCacheSize=
#   JVM is running with Unscaled Compressed Oops mode in which the Java heap is
#     placed in the first 4GB address space. The Java Heap base address is the
#     maximum limit for the native heap growth. Please use -XX:HeapBaseMinAddress
#     to set the Java Heap base and to place the Java Heap above 4GB virtual address.
# This output file may be truncated or incomplete.
#
#  Out of Memory Error (./src/hotspot/os/windows/os_windows.cpp:3301), pid=15936, tid=13476
#
# JRE version: OpenJDK Runtime Environment (11.0.10) (build 11.0.10+0-b96-7249189)
# Java VM: OpenJDK 64-Bit Server VM (11.0.10+0-b96-7249189, mixed mode, tiered, compressed oops, g1 gc, windows-amd64)
# No core dump will be written. Minidumps are not enabled by default on client versions of Windows
#

---------------  S U M M A R Y ------------

Command Line: --add-opens=java.base/java.util=ALL-UNNAMED --add-opens=java.base/java.lang=ALL-UNNAMED --add-opens=java.base/java.lang.invoke=ALL-UNNAMED --add-opens=java.base/java.util=ALL-UNNAMED --add-opens=java.prefs/java.util.prefs=ALL-UNNAMED --add-opens=java.prefs/java.util.prefs=ALL-UNNAMED --add-opens=java.base/java.nio.charset=ALL-UNNAMED --add-opens=java.base/java.net=ALL-UNNAMED --add-opens=java.base/java.util.concurrent.atomic=ALL-UNNAMED -Xmx2048m -Dfile.encoding=UTF-8 -Duser.country=ES -Duser.language=es -Duser.variant org.gradle.launcher.daemon.bootstrap.GradleDaemon 7.0.2

Host: Intel(R) Core(TM) i3-7020U CPU @ 2.30GHz, 4 cores, 11G,  Windows 10 , 64 bit Build 19041 (10.0.19041.1348)
Time: Fri Dec 10 16:40:37 2021 Hora estándar de Argentina elapsed time: 9668.112536 seconds (0d 2h 41m 8s)

---------------  T H R E A D  ---------------

Current thread (0x0000025f1ab41800):  VMThread "VM Thread" [stack: 0x0000007a72900000,0x0000007a72a00000] [id=13476]

Stack: [0x0000007a72900000,0x0000007a72a00000]
[error occurred during error reporting (printing stack bounds), id 0xc0000005, EXCEPTION_ACCESS_VIOLATION (0xc0000005) at pc=0x0000025f04e20f2d]

Native frames: (J=compiled Java code, j=interpreted, Vv=VM code, C=native code)
V  [jvm.dll+0x5ecfaa]
V  [jvm.dll+0x722bd5]
V  [jvm.dll+0x72412d]
V  [jvm.dll+0x724745]
V  [jvm.dll+0x7246fb]
V  [jvm.dll+0x5ec348]
V  [jvm.dll+0x5ecad8]
C  [ntdll.dll+0xa20cf]
C  [ntdll.dll+0x51454]
C  [ntdll.dll+0xa0bfe]
C  0x0000025f04e20f2d

VM_Operation (0x0000007a769fdfa0): G1CollectForAllocation, mode: safepoint, requested by thread 0x0000025f1e16f000


---------------  P R O C E S S  ---------------

Threads class SMR info:
_java_thread_list=0x0000025f22a48e20, length=58, elements={
0x0000025f7faed000, 0x0000025f1ab46000, 0x0000025f1ab47800, 0x0000025f1b3a4800,
0x0000025f1b3a5800, 0x0000025f1b3a8800, 0x0000025f1b3ab800, 0x0000025f1b3ad000,
0x0000025f1b421000, 0x0000025f1b51c800, 0x0000025f1d334000, 0x0000025f1d485800,
0x0000025f1d4db000, 0x0000025f1d8ae800, 0x0000025f1d8af800, 0x0000025f1d8b0800,
0x0000025f1d8ad000, 0x0000025f1d8b2800, 0x0000025f1e166000, 0x0000025f1e16a000,
0x0000025f1e165800, 0x0000025f1e168800, 0x0000025f1e171800, 0x0000025f1e170000,
0x0000025f207a4000, 0x0000025f1ba13800, 0x0000025f1ba18000, 0x0000025f207a7800,
0x0000025f207aa000, 0x0000025f207a8800, 0x0000025f207a6000, 0x0000025f207aa800,
0x0000025f207ac800, 0x0000025f207ab800, 0x0000025f207a6800, 0x0000025f207af800,
0x0000025f207ad000, 0x0000025f207ae000, 0x0000025f207b1800, 0x0000025f1ba15800,
0x0000025f1ba16800, 0x0000025f1ba1a000, 0x0000025f1ba15000, 0x0000025f1ba19000,
0x0000025f1ba14000, 0x0000025f1ba20800, 0x0000025f1ba1c000, 0x0000025f1ba1b800,
0x0000025f1ba1a800, 0x0000025f1ba22000, 0x0000025f1ba1e000, 0x0000025f1ba1e800,
0x0000025f1e164800, 0x0000025f1e16d800, 0x0000025f1e16f000, 0x0000025f1e16e800,
0x0000025f1e170800, 0x0000025f1e163800
}

Java Threads: ( => current thread )
  0x0000025f7faed000 JavaThread "main" [_thread_blocked, id=15892, stack(0x0000007a72300000,0x0000007a72400000)]
  0x0000025f1ab46000 JavaThread "Reference Handler" daemon [_thread_blocked, id=2780, stack(0x0000007a72a00000,0x0000007a72b00000)]
  0x0000025f1ab47800 JavaThread "Finalizer" daemon [_thread_blocked, id=10864, stack(0x0000007a72b00000,0x0000007a72c00000)]
  0x0000025f1b3a4800 JavaThread "Signal Dispatcher" daemon [_thread_blocked, id=3268, stack(0x0000007a72c00000,0x0000007a72d00000)]
  0x0000025f1b3a5800 JavaThread "Attach Listener" daemon [_thread_blocked, id=1680, stack(0x0000007a72d00000,0x0000007a72e00000)]
  0x0000025f1b3a8800 JavaThread "Service Thread" daemon [_thread_blocked, id=14516, stack(0x0000007a72e00000,0x0000007a72f00000)]
  0x0000025f1b3ab800 JavaThread "C2 CompilerThread0" daemon [_thread_in_native, id=1444, stack(0x0000007a72f00000,0x0000007a73000000)]
  0x0000025f1b3ad000 JavaThread "C1 CompilerThread0" daemon [_thread_blocked, id=11088, stack(0x0000007a73000000,0x0000007a73100000)]
  0x0000025f1b421000 JavaThread "Sweeper thread" daemon [_thread_blocked, id=11412, stack(0x0000007a73100000,0x0000007a73200000)]
  0x0000025f1b51c800 JavaThread "Common-Cleaner" daemon [_thread_blocked, id=1520, stack(0x0000007a73200000,0x0000007a73300000)]
  0x0000025f1d334000 JavaThread "Daemon health stats" [_thread_blocked, id=12548, stack(0x0000007a73800000,0x0000007a73900000)]
  0x0000025f1d485800 JavaThread "Incoming local TCP Connector on port 60767" [_thread_in_native, id=2812, stack(0x0000007a73400000,0x0000007a73500000)]
  0x0000025f1d4db000 JavaThread "Daemon periodic checks" [_thread_blocked, id=16756, stack(0x0000007a73900000,0x0000007a73a00000)]
  0x0000025f1d8ae800 JavaThread "Cache worker for file hash cache (C:\Users\leoba\.gradle\caches\7.0.2\fileHashes)" [_thread_blocked, id=9116, stack(0x0000007a74100000,0x0000007a74200000)]
  0x0000025f1d8af800 JavaThread "File lock request listener" [_thread_in_native, id=10668, stack(0x0000007a74200000,0x0000007a74300000)]
  0x0000025f1d8b0800 JavaThread "Cache worker for journal cache (C:\Users\leoba\.gradle\caches\journal-1)" [_thread_blocked, id=3544, stack(0x0000007a74300000,0x0000007a74400000)]
  0x0000025f1d8ad000 JavaThread "File watcher server" daemon [_thread_blocked, id=2552, stack(0x0000007a74600000,0x0000007a74700000)]
  0x0000025f1d8b2800 JavaThread "File watcher consumer" daemon [_thread_blocked, id=11204, stack(0x0000007a74700000,0x0000007a74800000)]
  0x0000025f1e166000 JavaThread "Cache worker for execution history cache (C:\Users\leoba\.gradle\caches\7.0.2\executionHistory)" [_thread_blocked, id=5328, stack(0x0000007a74b00000,0x0000007a74c00000)]
  0x0000025f1e16a000 JavaThread "jar transforms" [_thread_blocked, id=7256, stack(0x0000007a74c00000,0x0000007a74d00000)]
  0x0000025f1e165800 JavaThread "jar transforms Thread 2" [_thread_blocked, id=1944, stack(0x0000007a74d00000,0x0000007a74e00000)]
  0x0000025f1e168800 JavaThread "Cache worker for file content cache (C:\Users\leoba\.gradle\caches\7.0.2\fileContent)" [_thread_blocked, id=7364, stack(0x0000007a74e00000,0x0000007a74f00000)]
  0x0000025f1e171800 JavaThread "jar transforms Thread 3" [_thread_blocked, id=3988, stack(0x0000007a75000000,0x0000007a75100000)]
  0x0000025f1e170000 JavaThread "jar transforms Thread 4" [_thread_blocked, id=10484, stack(0x0000007a75500000,0x0000007a75600000)]
  0x0000025f207a4000 JavaThread "Memory manager" [_thread_blocked, id=8972, stack(0x0000007a75800000,0x0000007a75900000)]
  0x0000025f1ba13800 JavaThread "RMI Scheduler(0)" daemon [_thread_blocked, id=8772, stack(0x0000007a72100000,0x0000007a72200000)]
  0x0000025f1ba18000 JavaThread "RMI TCP Accept-0" daemon [_thread_in_native, id=848, stack(0x0000007a76400000,0x0000007a76500000)]
  0x0000025f207a7800 JavaThread "Daemon Thread 3" [_thread_blocked, id=6260, stack(0x0000007a72000000,0x0000007a72100000)]
  0x0000025f207aa000 JavaThread "Handler for socket connection from /127.0.0.1:60767 to /127.0.0.1:58458" [_thread_in_native, id=1180, stack(0x0000007a72200000,0x0000007a72300000)]
  0x0000025f207a8800 JavaThread "Cancel handler" [_thread_blocked, id=4036, stack(0x0000007a73a00000,0x0000007a73b00000)]
  0x0000025f207a6000 JavaThread "Daemon worker Thread 3" [_thread_blocked, id=14188, stack(0x0000007a73b00000,0x0000007a73c00000)]
  0x0000025f207aa800 JavaThread "Asynchronous log dispatcher for DefaultDaemonConnection: socket connection from /127.0.0.1:60767 to /127.0.0.1:58458" [_thread_blocked, id=7192, stack(0x0000007a73c00000,0x0000007a73d00000)]
  0x0000025f207ac800 JavaThread "Stdin handler" [_thread_blocked, id=14220, stack(0x0000007a73d00000,0x0000007a73e00000)]
  0x0000025f207ab800 JavaThread "Daemon client event forwarder" [_thread_blocked, id=11896, stack(0x0000007a73e00000,0x0000007a73f00000)]
  0x0000025f207a6800 JavaThread "Cache worker for file hash cache (C:\Users\leoba\AndroidStudioProjects\TextRecognizer\KoinTest\.gradle\7.0.2\fileHashes)" [_thread_blocked, id=12556, stack(0x0000007a73f00000,0x0000007a74000000)]
  0x0000025f207af800 JavaThread "Cache worker for checksums cache (C:\Users\leoba\AndroidStudioProjects\TextRecognizer\KoinTest\.gradle\checksums)" [_thread_blocked, id=10676, stack(0x0000007a74000000,0x0000007a74100000)]
  0x0000025f207ad000 JavaThread "Cache worker for cache directory md-supplier (C:\Users\leoba\.gradle\caches\7.0.2\md-supplier)" [_thread_blocked, id=11684, stack(0x0000007a74400000,0x0000007a74500000)]
  0x0000025f207ae000 JavaThread "Cache worker for cache directory md-rule (C:\Users\leoba\.gradle\caches\7.0.2\md-rule)" [_thread_blocked, id=4732, stack(0x0000007a74500000,0x0000007a74600000)]
  0x0000025f207b1800 JavaThread "Cache worker for dependencies-accessors (C:\Users\leoba\AndroidStudioProjects\TextRecognizer\KoinTest\.gradle\7.0.2\dependencies-accessors)" [_thread_blocked, id=1440, stack(0x0000007a74800000,0x0000007a74900000)]
  0x0000025f1ba15800 JavaThread "Cache worker for Build Output Cleanup Cache (C:\Users\leoba\AndroidStudioProjects\TextRecognizer\KoinTest\.gradle\buildOutputCleanup)" [_thread_blocked, id=12236, stack(0x0000007a74900000,0x0000007a74a00000)]
  0x0000025f1ba16800 JavaThread "Build operations" [_thread_blocked, id=16700, stack(0x0000007a74a00000,0x0000007a74b00000)]
  0x0000025f1ba1a000 JavaThread "Build operations Thread 2" [_thread_blocked, id=8144, stack(0x0000007a74f00000,0x0000007a75000000)]
  0x0000025f1ba15000 JavaThread "Build operations Thread 3" [_thread_blocked, id=14256, stack(0x0000007a75100000,0x0000007a75200000)]
  0x0000025f1ba19000 JavaThread "Build operations Thread 4" [_thread_blocked, id=16116, stack(0x0000007a75200000,0x0000007a75300000)]
  0x0000025f1ba14000 JavaThread "build event listener" [_thread_blocked, id=13960, stack(0x0000007a75400000,0x0000007a75500000)]
  0x0000025f1ba20800 JavaThread "Execution worker for ':'" [_thread_blocked, id=15320, stack(0x0000007a75600000,0x0000007a75700000)]
  0x0000025f1ba1c000 JavaThread "Execution worker for ':' Thread 2" [_thread_blocked, id=11200, stack(0x0000007a75900000,0x0000007a75a00000)]
  0x0000025f1ba1b800 JavaThread "Execution worker for ':' Thread 3" [_thread_blocked, id=16652, stack(0x0000007a75a00000,0x0000007a75b00000)]
  0x0000025f1ba1a800 JavaThread "Cache worker for execution history cache (C:\Users\leoba\AndroidStudioProjects\TextRecognizer\KoinTest\.gradle\7.0.2\executionHistory)" [_thread_blocked, id=12788, stack(0x0000007a75b00000,0x0000007a75c00000)]
  0x0000025f1ba22000 JavaThread "WorkerExecutor Queue" [_thread_blocked, id=6748, stack(0x0000007a75c00000,0x0000007a75d00000)]
  0x0000025f1ba1e000 JavaThread "WorkerExecutor Queue Thread 3" [_thread_blocked, id=15964, stack(0x0000007a75e00000,0x0000007a75f00000)]
  0x0000025f1ba1e800 JavaThread "WorkerExecutor Queue Thread 4" [_thread_blocked, id=14264, stack(0x0000007a75f00000,0x0000007a76000000)]
  0x0000025f1e164800 JavaThread "WorkerExecutor Queue Thread 5" [_thread_blocked, id=10272, stack(0x0000007a76600000,0x0000007a76700000)]
  0x0000025f1e16d800 JavaThread "ForkJoinPool-2-worker-3" daemon [_thread_blocked, id=12336, stack(0x0000007a76800000,0x0000007a76900000)]
  0x0000025f1e16f000 JavaThread "ForkJoinPool-2-worker-5" daemon [_thread_blocked, id=6444, stack(0x0000007a76900000,0x0000007a76a00000)]
  0x0000025f1e16e800 JavaThread "ForkJoinPool-2-worker-7" daemon [_thread_blocked, id=11984, stack(0x0000007a76a00000,0x0000007a76b00000)]
  0x0000025f1e170800 JavaThread "ForkJoinPool-2-worker-1" daemon [_thread_blocked, id=8340, stack(0x0000007a76b00000,0x0000007a76c00000)]
  0x0000025f1e163800 JavaThread "C2 CompilerThread1" daemon [_thread_in_native, id=1268, stack(0x0000007a75300000,0x0000007a75400000)]

Other Threads:
=>0x0000025f1ab41800 VMThread "VM Thread" [stack: 0x0000007a72900000,0x0000007a72a00000] [id=13476]
  0x0000025f1b526000 WatcherThread [stack: 0x0000007a73300000,0x0000007a73400000] [id=10304]
  0x0000025f7fb06000 GCTaskThread "GC Thread#0" [stack: 0x0000007a72400000,0x0000007a72500000] [id=5664]
  0x0000025f1c10f000 GCTaskThread "GC Thread#1" [stack: 0x0000007a73500000,0x0000007a73600000] [id=3796]
  0x0000025f1bec4000 GCTaskThread "GC Thread#2" [stack: 0x0000007a73600000,0x0000007a73700000] [id=2220]
  0x0000025f1b881000 GCTaskThread "GC Thread#3" [stack: 0x0000007a73700000,0x0000007a73800000] [id=8796]
  0x0000025f7fb36000 ConcurrentGCThread "G1 Main Marker" [stack: 0x0000007a72500000,0x0000007a72600000] [id=11716]
  0x0000025f7fb38800 ConcurrentGCThread "G1 Conc#0" [stack: 0x0000007a72600000,0x0000007a72700000] [id=472]
  0x0000025f1a97e800 ConcurrentGCThread "G1 Refine#0" [stack: 0x0000007a72700000,0x0000007a72800000] [id=10176]
  0x0000025f1eb2d800 ConcurrentGCThread "G1 Refine#1" [stack: 0x0000007a75700000,0x0000007a75800000] [id=7080]
  0x0000025f2118d000 ConcurrentGCThread "G1 Refine#2" [stack: 0x0000007a76100000,0x0000007a76200000] [id=10860]
  0x0000025f1d7d8800 ConcurrentGCThread "G1 Refine#3" [stack: 0x0000007a76500000,0x0000007a76600000] [id=12736]
  0x0000025f1a97f000 ConcurrentGCThread "G1 Young RemSet Sampling" [stack: 0x0000007a72800000,0x0000007a72900000] [id=8948]

Threads with active compile tasks:
C2 CompilerThread09668144 26396       4       com.android.tools.r8.internal.Dw::a (52 bytes)
C2 CompilerThread19668144 26399       4       com.android.tools.r8.internal.Dw::a (73 bytes)

VM state:at safepoint (normal execution)

VM Mutex/Monitor currently owned by a thread:  ([mutex/lock_event])
[0x0000025f7fae8860] Threads_lock - owner thread: 0x0000025f1ab41800
[0x0000025f7fae8470] Heap_lock - owner thread: 0x0000025f1e16f000

Heap address: 0x0000000080000000, size: 2048 MB, Compressed Oops mode: 32-bit
Narrow klass base: 0x0000000000000000, Narrow klass shift: 3
Compressed class space size: 1073741824 Address: 0x0000000100000000

Heap:
 garbage-first heap   total 374784K, used 222623K [0x0000000080000000, 0x0000000100000000)
  region size 1024K, 1 young (1024K), 1 survivors (1024K)
 Metaspace       used 124121K, capacity 126989K, committed 128324K, reserved 1161216K
  class space    used 15301K, capacity 16356K, committed 16740K, reserved 1048576K
Heap Regions: E=young(eden), S=young(survivor), O=old, HS=humongous(starts), HC=humongous(continues), CS=collection set, F=free, A=archive, TAMS=top-at-mark-start (previous, next)
|   0|0x0000000080000000, 0x00000000800fd788, 0x0000000080100000| 99%| O|  |TAMS 0x00000000800fd788, 0x00000000800fd788| Untracked 
|   1|0x0000000080100000, 0x00000000801ffff0, 0x0000000080200000| 99%| O|  |TAMS 0x00000000801ffff0, 0x00000000801ffff0| Untracked 
|   2|0x0000000080200000, 0x00000000802f17f0, 0x0000000080300000| 94%| O|  |TAMS 0x00000000802f17f0, 0x00000000802f17f0| Untracked 
|   3|0x0000000080300000, 0x0000000080400000, 0x0000000080400000|100%|HS|  |TAMS 0x0000000080400000, 0x0000000080400000| Complete 
|   4|0x0000000080400000, 0x0000000080500000, 0x0000000080500000|100%|HC|  |TAMS 0x0000000080500000, 0x0000000080500000| Complete 
|   5|0x0000000080500000, 0x0000000080600000, 0x0000000080600000|100%|HC|  |TAMS 0x0000000080600000, 0x0000000080600000| Complete 
|   6|0x0000000080600000, 0x0000000080700000, 0x0000000080700000|100%| O|  |TAMS 0x0000000080700000, 0x0000000080700000| Untracked 
|   7|0x0000000080700000, 0x00000000807fb1c0, 0x0000000080800000| 98%| O|  |TAMS 0x00000000807fb1c0, 0x00000000807fb1c0| Untracked 
|   8|0x0000000080800000, 0x00000000808ffff8, 0x0000000080900000| 99%| O|  |TAMS 0x00000000808ffff8, 0x00000000808ffff8| Untracked 
|   9|0x0000000080900000, 0x00000000809ffff8, 0x0000000080a00000| 99%| O|  |TAMS 0x00000000809ffff8, 0x00000000809ffff8| Untracked 
|  10|0x0000000080a00000, 0x0000000080afbd18, 0x0000000080b00000| 98%| O|  |TAMS 0x0000000080afbd18, 0x0000000080afbd18| Untracked 
|  11|0x0000000080b00000, 0x0000000080bffff0, 0x0000000080c00000| 99%| O|  |TAMS 0x0000000080bffff0, 0x0000000080bffff0| Untracked 
|  12|0x0000000080c00000, 0x0000000080cffff8, 0x0000000080d00000| 99%| O|  |TAMS 0x0000000080cffff8, 0x0000000080cffff8| Untracked 
|  13|0x0000000080d00000, 0x0000000080dffff0, 0x0000000080e00000| 99%| O|  |TAMS 0x0000000080dffff0, 0x0000000080dffff0| Untracked 
|  14|0x0000000080e00000, 0x0000000080f00000, 0x0000000080f00000|100%| O|  |TAMS 0x0000000080f00000, 0x0000000080f00000| Untracked 
|  15|0x0000000080f00000, 0x0000000081000000, 0x0000000081000000|100%| O|  |TAMS 0x0000000081000000, 0x0000000081000000| Untracked 
|  16|0x0000000081000000, 0x0000000081100000, 0x0000000081100000|100%|HS|  |TAMS 0x0000000081100000, 0x0000000081100000| Complete 
|  17|0x0000000081100000, 0x0000000081200000, 0x0000000081200000|100%|HS|  |TAMS 0x0000000081200000, 0x0000000081200000| Complete 
|  18|0x0000000081200000, 0x0000000081300000, 0x0000000081300000|100%|HS|  |TAMS 0x0000000081300000, 0x0000000081300000| Complete 
|  19|0x0000000081300000, 0x0000000081400000, 0x0000000081400000|100%|HS|  |TAMS 0x0000000081400000, 0x0000000081400000| Complete 
|  20|0x0000000081400000, 0x0000000081500000, 0x0000000081500000|100%|HC|  |TAMS 0x0000000081500000, 0x0000000081500000| Complete 
|  21|0x0000000081500000, 0x0000000081600000, 0x0000000081600000|100%|HC|  |TAMS 0x0000000081600000, 0x0000000081600000| Complete 
|  22|0x0000000081600000, 0x0000000081700000, 0x0000000081700000|100%|HS|  |TAMS 0x0000000081700000, 0x0000000081700000| Complete 
|  23|0x0000000081700000, 0x0000000081800000, 0x0000000081800000|100%|HC|  |TAMS 0x0000000081800000, 0x0000000081800000| Complete 
|  24|0x0000000081800000, 0x00000000818fffb8, 0x0000000081900000| 99%| O|  |TAMS 0x00000000818fffb8, 0x00000000818fffb8| Untracked 
|  25|0x0000000081900000, 0x00000000819ffec8, 0x0000000081a00000| 99%| O|  |TAMS 0x00000000819ffec8, 0x00000000819ffec8| Untracked 
|  26|0x0000000081a00000, 0x0000000081afffe8, 0x0000000081b00000| 99%| O|  |TAMS 0x0000000081afffe8, 0x0000000081afffe8| Untracked 
|  27|0x0000000081b00000, 0x0000000081bffff0, 0x0000000081c00000| 99%| O|  |TAMS 0x0000000081bffff0, 0x0000000081bffff0| Untracked 
|  28|0x0000000081c00000, 0x0000000081cffff8, 0x0000000081d00000| 99%| O|  |TAMS 0x0000000081cffff8, 0x0000000081cffff8| Untracked 
|  29|0x0000000081d00000, 0x0000000081dfffe0, 0x0000000081e00000| 99%| O|  |TAMS 0x0000000081dfffe0, 0x0000000081dfffe0| Untracked 
|  30|0x0000000081e00000, 0x0000000081efeff0, 0x0000000081f00000| 99%| O|  |TAMS 0x0000000081efeff0, 0x0000000081efeff0| Untracked 
|  31|0x0000000081f00000, 0x0000000082000000, 0x0000000082000000|100%| O|  |TAMS 0x0000000081f00000, 0x0000000082000000| Untracked 
|  32|0x0000000082000000, 0x00000000820f1230, 0x0000000082100000| 94%| O|  |TAMS 0x00000000820f1230, 0x00000000820f1230| Untracked 
|  33|0x0000000082100000, 0x00000000821fd4d0, 0x0000000082200000| 98%| O|  |TAMS 0x00000000821fd4d0, 0x00000000821fd4d0| Untracked 
|  34|0x0000000082200000, 0x00000000822f4880, 0x0000000082300000| 95%| O|  |TAMS 0x00000000822f4880, 0x00000000822f4880| Untracked 
|  35|0x0000000082300000, 0x00000000823fffe0, 0x0000000082400000| 99%| O|  |TAMS 0x00000000823fffe0, 0x00000000823fffe0| Untracked 
|  36|0x0000000082400000, 0x00000000824ff540, 0x0000000082500000| 99%| O|  |TAMS 0x00000000824ff540, 0x00000000824ff540| Untracked 
|  37|0x0000000082500000, 0x00000000825ffff0, 0x0000000082600000| 99%| O|  |TAMS 0x00000000825ffff0, 0x00000000825ffff0| Untracked 
|  38|0x0000000082600000, 0x00000000826fffe0, 0x0000000082700000| 99%| O|  |TAMS 0x00000000826fffe0, 0x00000000826fffe0| Untracked 
|  39|0x0000000082700000, 0x0000000082800000, 0x0000000082800000|100%| O|  |TAMS 0x0000000082800000, 0x0000000082800000| Untracked 
|  40|0x0000000082800000, 0x00000000828ffff8, 0x0000000082900000| 99%| O|  |TAMS 0x00000000828ffff8, 0x00000000828ffff8| Untracked 
|  41|0x0000000082900000, 0x00000000829fffe8, 0x0000000082a00000| 99%| O|  |TAMS 0x00000000829fffe8, 0x00000000829fffe8| Untracked 
|  42|0x0000000082a00000, 0x0000000082afffb8, 0x0000000082b00000| 99%| O|  |TAMS 0x0000000082afffb8, 0x0000000082afffb8| Untracked 
|  43|0x0000000082b00000, 0x0000000082c00000, 0x0000000082c00000|100%| O|  |TAMS 0x0000000082c00000, 0x0000000082c00000| Untracked 
|  44|0x0000000082c00000, 0x0000000082cfffe8, 0x0000000082d00000| 99%| O|  |TAMS 0x0000000082cfffe8, 0x0000000082cfffe8| Untracked 
|  45|0x0000000082d00000, 0x0000000082dfff88, 0x0000000082e00000| 99%| O|  |TAMS 0x0000000082dfff88, 0x0000000082dfff88| Untracked 
|  46|0x0000000082e00000, 0x0000000082efffb0, 0x0000000082f00000| 99%| O|  |TAMS 0x0000000082efffb0, 0x0000000082efffb0| Untracked 
|  47|0x0000000082f00000, 0x0000000082ffffd8, 0x0000000083000000| 99%| O|  |TAMS 0x0000000082ffffd8, 0x0000000082ffffd8| Untracked 
|  48|0x0000000083000000, 0x00000000830fffb0, 0x0000000083100000| 99%| O|  |TAMS 0x00000000830fffb0, 0x00000000830fffb0| Untracked 
|  49|0x0000000083100000, 0x0000000083200000, 0x0000000083200000|100%| O|  |TAMS 0x0000000083200000, 0x0000000083200000| Untracked 
|  50|0x0000000083200000, 0x0000000083300000, 0x0000000083300000|100%|HS|  |TAMS 0x0000000083200000, 0x0000000083300000| Complete 
|  51|0x0000000083300000, 0x00000000833fffe8, 0x0000000083400000| 99%| O|  |TAMS 0x00000000833fffe8, 0x00000000833fffe8| Untracked 
|  52|0x0000000083400000, 0x00000000834fffe0, 0x0000000083500000| 99%| O|  |TAMS 0x00000000834fffe0, 0x00000000834fffe0| Untracked 
|  53|0x0000000083500000, 0x00000000835f6560, 0x0000000083600000| 96%| O|  |TAMS 0x00000000835f6560, 0x00000000835f6560| Untracked 
|  54|0x0000000083600000, 0x00000000836ffff8, 0x0000000083700000| 99%| O|  |TAMS 0x00000000836ffff8, 0x00000000836ffff8| Untracked 
|  55|0x0000000083700000, 0x00000000837fffe8, 0x0000000083800000| 99%| O|  |TAMS 0x00000000837fffe8, 0x00000000837fffe8| Untracked 
|  56|0x0000000083800000, 0x00000000838ffff0, 0x0000000083900000| 99%| O|  |TAMS 0x00000000838ffff0, 0x00000000838ffff0| Untracked 
|  57|0x0000000083900000, 0x00000000839fffb0, 0x0000000083a00000| 99%| O|  |TAMS 0x00000000839fffb0, 0x00000000839fffb0| Untracked 
|  58|0x0000000083a00000, 0x0000000083b00000, 0x0000000083b00000|100%| O|  |TAMS 0x0000000083b00000, 0x0000000083b00000| Untracked 
|  59|0x0000000083b00000, 0x0000000083bffff0, 0x0000000083c00000| 99%| O|  |TAMS 0x0000000083bffff0, 0x0000000083bffff0| Untracked 
|  60|0x0000000083c00000, 0x0000000083d00000, 0x0000000083d00000|100%| O|  |TAMS 0x0000000083d00000, 0x0000000083d00000| Untracked 
|  61|0x0000000083d00000, 0x0000000083dffff0, 0x0000000083e00000| 99%| O|  |TAMS 0x0000000083dffff0, 0x0000000083dffff0| Untracked 
|  62|0x0000000083e00000, 0x0000000083efffd0, 0x0000000083f00000| 99%| O|  |TAMS 0x0000000083efffd0, 0x0000000083efffd0| Untracked 
|  63|0x0000000083f00000, 0x0000000084000000, 0x0000000084000000|100%| O|  |TAMS 0x0000000084000000, 0x0000000084000000| Untracked 
|  64|0x0000000084000000, 0x00000000840ffff8, 0x0000000084100000| 99%| O|  |TAMS 0x00000000840ffff8, 0x00000000840ffff8| Untracked 
|  65|0x0000000084100000, 0x00000000841ffff8, 0x0000000084200000| 99%| O|  |TAMS 0x00000000841ffff8, 0x00000000841ffff8| Untracked 
|  66|0x0000000084200000, 0x00000000842ffff8, 0x0000000084300000| 99%| O|  |TAMS 0x00000000842ffff8, 0x00000000842ffff8| Untracked 
|  67|0x0000000084300000, 0x00000000843ffff0, 0x0000000084400000| 99%| O|  |TAMS 0x00000000843ffff0, 0x00000000843ffff0| Untracked 
|  68|0x0000000084400000, 0x0000000084500000, 0x0000000084500000|100%|HS|  |TAMS 0x0000000084400000, 0x0000000084500000| Complete 
|  69|0x0000000084500000, 0x00000000845ffff8, 0x0000000084600000| 99%| O|  |TAMS 0x00000000845ffff8, 0x00000000845ffff8| Untracked 
|  70|0x0000000084600000, 0x00000000846fffe0, 0x0000000084700000| 99%| O|  |TAMS 0x00000000846fffe0, 0x00000000846fffe0| Untracked 
|  71|0x0000000084700000, 0x0000000084800000, 0x0000000084800000|100%| O|  |TAMS 0x0000000084800000, 0x0000000084800000| Untracked 
|  72|0x0000000084800000, 0x00000000848ffff0, 0x0000000084900000| 99%| O|  |TAMS 0x00000000848ffff0, 0x00000000848ffff0| Untracked 
|  73|0x0000000084900000, 0x00000000849ffff8, 0x0000000084a00000| 99%| O|  |TAMS 0x00000000849ffff8, 0x00000000849ffff8| Untracked 
|  74|0x0000000084a00000, 0x0000000084b00000, 0x0000000084b00000|100%|HS|  |TAMS 0x0000000084b00000, 0x0000000084b00000| Complete 
|  75|0x0000000084b00000, 0x0000000084c00000, 0x0000000084c00000|100%| O|  |TAMS 0x0000000084c00000, 0x0000000084c00000| Untracked 
|  76|0x0000000084c00000, 0x0000000084cffff8, 0x0000000084d00000| 99%| O|  |TAMS 0x0000000084cffff8, 0x0000000084cffff8| Untracked 
|  77|0x0000000084d00000, 0x0000000084dfffb8, 0x0000000084e00000| 99%| O|  |TAMS 0x0000000084dfffb8, 0x0000000084dfffb8| Untracked 
|  78|0x0000000084e00000, 0x0000000084effff8, 0x0000000084f00000| 99%| O|  |TAMS 0x0000000084effff8, 0x0000000084effff8| Untracked 
|  79|0x0000000084f00000, 0x0000000085000000, 0x0000000085000000|100%|HS|  |TAMS 0x0000000084f00000, 0x0000000085000000| Complete 
|  80|0x0000000085000000, 0x00000000850ffff0, 0x0000000085100000| 99%| O|  |TAMS 0x00000000850ffff0, 0x00000000850ffff0| Untracked 
|  81|0x0000000085100000, 0x00000000851fffd0, 0x0000000085200000| 99%| O|  |TAMS 0x00000000851fffd0, 0x00000000851fffd0| Untracked 
|  82|0x0000000085200000, 0x0000000085300000, 0x0000000085300000|100%|HS|  |TAMS 0x0000000085200000, 0x0000000085300000| Complete 
|  83|0x0000000085300000, 0x0000000085400000, 0x0000000085400000|100%| O|  |TAMS 0x0000000085400000, 0x0000000085400000| Untracked 
|  84|0x0000000085400000, 0x0000000085500000, 0x0000000085500000|100%| O|  |TAMS 0x0000000085400000, 0x0000000085500000| Untracked 
|  85|0x0000000085500000, 0x0000000085600000, 0x0000000085600000|100%| O|  |TAMS 0x0000000085600000, 0x0000000085600000| Untracked 
|  86|0x0000000085600000, 0x0000000085700000, 0x0000000085700000|100%| O|  |TAMS 0x0000000085600000, 0x0000000085700000| Untracked 
|  87|0x0000000085700000, 0x0000000085800000, 0x0000000085800000|100%|HS|  |TAMS 0x0000000085800000, 0x0000000085800000| Complete 
|  88|0x0000000085800000, 0x0000000085900000, 0x0000000085900000|100%|HC|  |TAMS 0x0000000085900000, 0x0000000085900000| Complete 
|  89|0x0000000085900000, 0x0000000085a00000, 0x0000000085a00000|100%|HS|  |TAMS 0x0000000085a00000, 0x0000000085a00000| Complete 
|  90|0x0000000085a00000, 0x0000000085b00000, 0x0000000085b00000|100%|HC|  |TAMS 0x0000000085b00000, 0x0000000085b00000| Complete 
|  91|0x0000000085b00000, 0x0000000085c00000, 0x0000000085c00000|100%|HS|  |TAMS 0x0000000085c00000, 0x0000000085c00000| Complete 
|  92|0x0000000085c00000, 0x0000000085d00000, 0x0000000085d00000|100%|HS|  |TAMS 0x0000000085d00000, 0x0000000085d00000| Complete 
|  93|0x0000000085d00000, 0x0000000085e00000, 0x0000000085e00000|100%| O|  |TAMS 0x0000000085e00000, 0x0000000085e00000| Untracked 
|  94|0x0000000085e00000, 0x0000000085f00000, 0x0000000085f00000|100%| O|  |TAMS 0x0000000085f00000, 0x0000000085f00000| Untracked 
|  95|0x0000000085f00000, 0x0000000086000000, 0x0000000086000000|100%| O|  |TAMS 0x0000000086000000, 0x0000000086000000| Untracked 
|  96|0x0000000086000000, 0x0000000086100000, 0x0000000086100000|100%|HS|  |TAMS 0x0000000086000000, 0x0000000086100000| Complete 
|  97|0x0000000086100000, 0x0000000086200000, 0x0000000086200000|100%|HS|  |TAMS 0x0000000086100000, 0x0000000086200000| Complete 
|  98|0x0000000086200000, 0x0000000086300000, 0x0000000086300000|100%| O|  |TAMS 0x0000000086300000, 0x0000000086300000| Untracked 
|  99|0x0000000086300000, 0x0000000086400000, 0x0000000086400000|100%| O|  |TAMS 0x0000000086300000, 0x0000000086400000| Untracked 
| 100|0x0000000086400000, 0x0000000086500000, 0x0000000086500000|100%|HS|  |TAMS 0x0000000086400000, 0x0000000086500000| Complete 
| 101|0x0000000086500000, 0x0000000086600000, 0x0000000086600000|100%| O|  |TAMS 0x0000000086500000, 0x0000000086600000| Untracked 
| 102|0x0000000086600000, 0x0000000086700000, 0x0000000086700000|100%| O|  |TAMS 0x0000000086700000, 0x0000000086700000| Untracked 
| 103|0x0000000086700000, 0x0000000086800000, 0x0000000086800000|100%|HS|  |TAMS 0x0000000086800000, 0x0000000086800000| Complete 
| 104|0x0000000086800000, 0x0000000086900000, 0x0000000086900000|100%|HC|  |TAMS 0x0000000086900000, 0x0000000086900000| Complete 
| 105|0x0000000086900000, 0x0000000086a00000, 0x0000000086a00000|100%|HC|  |TAMS 0x0000000086a00000, 0x0000000086a00000| Complete 
| 106|0x0000000086a00000, 0x0000000086b00000, 0x0000000086b00000|100%| O|  |TAMS 0x0000000086a00000, 0x0000000086b00000| Untracked 
| 107|0x0000000086b00000, 0x0000000086c00000, 0x0000000086c00000|100%| O|  |TAMS 0x0000000086c00000, 0x0000000086c00000| Untracked 
| 108|0x0000000086c00000, 0x0000000086d00000, 0x0000000086d00000|100%|HS|  |TAMS 0x0000000086c00000, 0x0000000086d00000| Complete 
| 109|0x0000000086d00000, 0x0000000086e00000, 0x0000000086e00000|100%|HC|  |TAMS 0x0000000086d00000, 0x0000000086e00000| Complete 
| 110|0x0000000086e00000, 0x0000000086f00000, 0x0000000086f00000|100%| O|  |TAMS 0x0000000086e00000, 0x0000000086f00000| Untracked 
| 111|0x0000000086f00000, 0x0000000087000000, 0x0000000087000000|100%| O|  |TAMS 0x0000000087000000, 0x0000000087000000| Untracked 
| 112|0x0000000087000000, 0x0000000087100000, 0x0000000087100000|100%|HS|  |TAMS 0x0000000087000000, 0x0000000087100000| Complete 
| 113|0x0000000087100000, 0x0000000087200000, 0x0000000087200000|100%|HC|  |TAMS 0x0000000087100000, 0x0000000087200000| Complete 
| 114|0x0000000087200000, 0x0000000087300000, 0x0000000087300000|100%|HS|  |TAMS 0x0000000087200000, 0x0000000087300000| Complete 
| 115|0x0000000087300000, 0x0000000087400000, 0x0000000087400000|100%|HC|  |TAMS 0x0000000087300000, 0x0000000087400000| Complete 
| 116|0x0000000087400000, 0x0000000087500000, 0x0000000087500000|100%| O|  |TAMS 0x0000000087400000, 0x0000000087500000| Untracked 
| 117|0x0000000087500000, 0x0000000087600000, 0x0000000087600000|100%| O|  |TAMS 0x0000000087500000, 0x0000000087600000| Untracked 
| 118|0x0000000087600000, 0x0000000087700000, 0x0000000087700000|100%| O|  |TAMS 0x0000000087700000, 0x0000000087700000| Untracked 
| 119|0x0000000087700000, 0x0000000087800000, 0x0000000087800000|100%| O|  |TAMS 0x0000000087800000, 0x0000000087800000| Untracked 
| 120|0x0000000087800000, 0x0000000087900000, 0x0000000087900000|100%| O|  |TAMS 0x0000000087900000, 0x0000000087900000| Untracked 
| 121|0x0000000087900000, 0x0000000087a00000, 0x0000000087a00000|100%| O|  |TAMS 0x0000000087a00000, 0x0000000087a00000| Untracked 
| 122|0x0000000087a00000, 0x0000000087b00000, 0x0000000087b00000|100%| O|  |TAMS 0x0000000087a00000, 0x0000000087b00000| Untracked 
| 123|0x0000000087b00000, 0x0000000087c00000, 0x0000000087c00000|100%| O|  |TAMS 0x0000000087c00000, 0x0000000087c00000| Untracked 
| 124|0x0000000087c00000, 0x0000000087d00000, 0x0000000087d00000|100%| O|  |TAMS 0x0000000087c00000, 0x0000000087d00000| Untracked 
| 125|0x0000000087d00000, 0x0000000087e00000, 0x0000000087e00000|100%|HS|  |TAMS 0x0000000087e00000, 0x0000000087e00000| Complete 
| 126|0x0000000087e00000, 0x0000000087f00000, 0x0000000087f00000|100%|HS|  |TAMS 0x0000000087f00000, 0x0000000087f00000| Complete 
| 127|0x0000000087f00000, 0x0000000088000000, 0x0000000088000000|100%| O|  |TAMS 0x0000000087f00000, 0x0000000088000000| Untracked 
| 128|0x0000000088000000, 0x0000000088100000, 0x0000000088100000|100%| O|  |TAMS 0x0000000088000000, 0x0000000088100000| Untracked 
| 129|0x0000000088100000, 0x0000000088200000, 0x0000000088200000|100%|HS|  |TAMS 0x0000000088100000, 0x0000000088200000| Complete 
| 130|0x0000000088200000, 0x0000000088300000, 0x0000000088300000|100%| O|  |TAMS 0x0000000088300000, 0x0000000088300000| Untracked 
| 131|0x0000000088300000, 0x0000000088400000, 0x0000000088400000|100%| O|  |TAMS 0x0000000088400000, 0x0000000088400000| Untracked 
| 132|0x0000000088400000, 0x0000000088500000, 0x0000000088500000|100%| O|  |TAMS 0x0000000088500000, 0x0000000088500000| Untracked 
| 133|0x0000000088500000, 0x0000000088600000, 0x0000000088600000|100%| O|  |TAMS 0x0000000088600000, 0x0000000088600000| Untracked 
| 134|0x0000000088600000, 0x0000000088700000, 0x0000000088700000|100%|HS|  |TAMS 0x0000000088600000, 0x0000000088700000| Complete 
| 135|0x0000000088700000, 0x0000000088800000, 0x0000000088800000|100%| O|  |TAMS 0x0000000088700000, 0x0000000088800000| Untracked 
| 136|0x0000000088800000, 0x0000000088900000, 0x0000000088900000|100%| O|  |TAMS 0x0000000088800000, 0x0000000088900000| Untracked 
| 137|0x0000000088900000, 0x0000000088a00000, 0x0000000088a00000|100%| O|  |TAMS 0x0000000088a00000, 0x0000000088a00000| Untracked 
| 138|0x0000000088a00000, 0x0000000088b00000, 0x0000000088b00000|100%| O|  |TAMS 0x0000000088b00000, 0x0000000088b00000| Untracked 
| 139|0x0000000088b00000, 0x0000000088c00000, 0x0000000088c00000|100%| O|  |TAMS 0x0000000088c00000, 0x0000000088c00000| Untracked 
| 140|0x0000000088c00000, 0x0000000088d00000, 0x0000000088d00000|100%| O|  |TAMS 0x0000000088d00000, 0x0000000088d00000| Untracked 
| 141|0x0000000088d00000, 0x0000000088e00000, 0x0000000088e00000|100%| O|  |TAMS 0x0000000088e00000, 0x0000000088e00000| Untracked 
| 142|0x0000000088e00000, 0x0000000088f00000, 0x0000000088f00000|100%| O|  |TAMS 0x0000000088f00000, 0x0000000088f00000| Untracked 
| 143|0x0000000088f00000, 0x0000000089000000, 0x0000000089000000|100%| O|  |TAMS 0x0000000089000000, 0x0000000089000000| Untracked 
| 144|0x0000000089000000, 0x0000000089100000, 0x0000000089100000|100%| O|  |TAMS 0x0000000089100000, 0x0000000089100000| Untracked 
| 145|0x0000000089100000, 0x0000000089200000, 0x0000000089200000|100%| O|  |TAMS 0x0000000089200000, 0x0000000089200000| Untracked 
| 146|0x0000000089200000, 0x0000000089300000, 0x0000000089300000|100%| O|  |TAMS 0x0000000089300000, 0x0000000089300000| Untracked 
| 147|0x0000000089300000, 0x0000000089400000, 0x0000000089400000|100%| O|  |TAMS 0x0000000089400000, 0x0000000089400000| Untracked 
| 148|0x0000000089400000, 0x0000000089500000, 0x0000000089500000|100%| O|  |TAMS 0x0000000089500000, 0x0000000089500000| Untracked 
| 149|0x0000000089500000, 0x0000000089600000, 0x0000000089600000|100%| O|  |TAMS 0x0000000089600000, 0x0000000089600000| Untracked 
| 150|0x0000000089600000, 0x0000000089700000, 0x0000000089700000|100%| O|  |TAMS 0x0000000089700000, 0x0000000089700000| Untracked 
| 151|0x0000000089700000, 0x0000000089800000, 0x0000000089800000|100%| O|  |TAMS 0x0000000089800000, 0x0000000089800000| Untracked 
| 152|0x0000000089800000, 0x0000000089900000, 0x0000000089900000|100%| O|  |TAMS 0x0000000089900000, 0x0000000089900000| Untracked 
| 153|0x0000000089900000, 0x0000000089a00000, 0x0000000089a00000|100%| O|  |TAMS 0x0000000089a00000, 0x0000000089a00000| Untracked 
| 154|0x0000000089a00000, 0x0000000089b00000, 0x0000000089b00000|100%| O|  |TAMS 0x0000000089b00000, 0x0000000089b00000| Untracked 
| 155|0x0000000089b00000, 0x0000000089c00000, 0x0000000089c00000|100%| O|  |TAMS 0x0000000089c00000, 0x0000000089c00000| Untracked 
| 156|0x0000000089c00000, 0x0000000089d00000, 0x0000000089d00000|100%| O|  |TAMS 0x0000000089d00000, 0x0000000089d00000| Untracked 
| 157|0x0000000089d00000, 0x0000000089e00000, 0x0000000089e00000|100%| O|  |TAMS 0x0000000089e00000, 0x0000000089e00000| Untracked 
| 158|0x0000000089e00000, 0x0000000089f00000, 0x0000000089f00000|100%| O|  |TAMS 0x0000000089f00000, 0x0000000089f00000| Untracked 
| 159|0x0000000089f00000, 0x000000008a000000, 0x000000008a000000|100%| O|  |TAMS 0x000000008a000000, 0x000000008a000000| Untracked 
| 160|0x000000008a000000, 0x000000008a100000, 0x000000008a100000|100%| O|  |TAMS 0x000000008a000000, 0x000000008a100000| Untracked 
| 161|0x000000008a100000, 0x000000008a200000, 0x000000008a200000|100%| O|  |TAMS 0x000000008a100000, 0x000000008a140200| Untracked 
| 162|0x000000008a200000, 0x000000008a300000, 0x000000008a300000|100%| O|  |TAMS 0x000000008a300000, 0x000000008a300000| Untracked 
| 163|0x000000008a300000, 0x000000008a400000, 0x000000008a400000|100%| O|  |TAMS 0x000000008a400000, 0x000000008a400000| Untracked 
| 164|0x000000008a400000, 0x000000008a500000, 0x000000008a500000|100%| O|  |TAMS 0x000000008a500000, 0x000000008a500000| Untracked 
| 165|0x000000008a500000, 0x000000008a600000, 0x000000008a600000|100%| O|  |TAMS 0x000000008a600000, 0x000000008a600000| Untracked 
| 166|0x000000008a600000, 0x000000008a700000, 0x000000008a700000|100%| O|  |TAMS 0x000000008a700000, 0x000000008a700000| Untracked 
| 167|0x000000008a700000, 0x000000008a800000, 0x000000008a800000|100%| O|  |TAMS 0x000000008a700000, 0x000000008a700000| Untracked 
| 168|0x000000008a800000, 0x000000008a900000, 0x000000008a900000|100%| O|  |TAMS 0x000000008a800000, 0x000000008a800000| Untracked 
| 169|0x000000008a900000, 0x000000008aa00000, 0x000000008aa00000|100%| O|  |TAMS 0x000000008aa00000, 0x000000008aa00000| Untracked 
| 170|0x000000008aa00000, 0x000000008ab00000, 0x000000008ab00000|100%| O|  |TAMS 0x000000008ab00000, 0x000000008ab00000| Untracked 
| 171|0x000000008ab00000, 0x000000008ac00000, 0x000000008ac00000|100%| O|  |TAMS 0x000000008ac00000, 0x000000008ac00000| Untracked 
| 172|0x000000008ac00000, 0x000000008ad00000, 0x000000008ad00000|100%| O|  |TAMS 0x000000008ad00000, 0x000000008ad00000| Untracked 
| 173|0x000000008ad00000, 0x000000008ae00000, 0x000000008ae00000|100%| O|  |TAMS 0x000000008ae00000, 0x000000008ae00000| Untracked 
| 174|0x000000008ae00000, 0x000000008af00000, 0x000000008af00000|100%| O|  |TAMS 0x000000008af00000, 0x000000008af00000| Untracked 
| 175|0x000000008af00000, 0x000000008b000000, 0x000000008b000000|100%| O|  |TAMS 0x000000008b000000, 0x000000008b000000| Untracked 
| 176|0x000000008b000000, 0x000000008b100000, 0x000000008b100000|100%| O|  |TAMS 0x000000008b000000, 0x000000008b000000| Untracked 
| 177|0x000000008b100000, 0x000000008b200000, 0x000000008b200000|100%| O|  |TAMS 0x000000008b200000, 0x000000008b200000| Untracked 
| 178|0x000000008b200000, 0x000000008b300000, 0x000000008b300000|100%| O|  |TAMS 0x000000008b300000, 0x000000008b300000| Untracked 
| 179|0x000000008b300000, 0x000000008b400000, 0x000000008b400000|100%| O|  |TAMS 0x000000008b400000, 0x000000008b400000| Untracked 
| 180|0x000000008b400000, 0x000000008b500000, 0x000000008b500000|100%| O|  |TAMS 0x000000008b500000, 0x000000008b500000| Untracked 
| 181|0x000000008b500000, 0x000000008b600000, 0x000000008b600000|100%| O|  |TAMS 0x000000008b600000, 0x000000008b600000| Untracked 
| 182|0x000000008b600000, 0x000000008b700000, 0x000000008b700000|100%| O|  |TAMS 0x000000008b700000, 0x000000008b700000| Untracked 
| 183|0x000000008b700000, 0x000000008b800000, 0x000000008b800000|100%| O|  |TAMS 0x000000008b800000, 0x000000008b800000| Untracked 
| 184|0x000000008b800000, 0x000000008b82fa00, 0x000000008b900000| 18%| O|  |TAMS 0x000000008b800000, 0x000000008b800000| Untracked 
| 185|0x000000008b900000, 0x000000008b900000, 0x000000008ba00000|  0%| F|  |TAMS 0x000000008b900000, 0x000000008b900000| Untracked 
| 186|0x000000008ba00000, 0x000000008ba00000, 0x000000008bb00000|  0%| F|  |TAMS 0x000000008ba00000, 0x000000008ba00000| Untracked 
| 187|0x000000008bb00000, 0x000000008bc00000, 0x000000008bc00000|100%| O|  |TAMS 0x000000008bc00000, 0x000000008bc00000| Untracked 
| 188|0x000000008bc00000, 0x000000008bd00000, 0x000000008bd00000|100%| O|  |TAMS 0x000000008bd00000, 0x000000008bd00000| Untracked 
| 189|0x000000008bd00000, 0x000000008be00000, 0x000000008be00000|100%| O|  |TAMS 0x000000008be00000, 0x000000008be00000| Untracked 
| 190|0x000000008be00000, 0x000000008be00000, 0x000000008bf00000|  0%| F|  |TAMS 0x000000008be00000, 0x000000008be00000| Untracked 
| 191|0x000000008bf00000, 0x000000008bf00000, 0x000000008c000000|  0%| F|  |TAMS 0x000000008bf00000, 0x000000008bf00000| Untracked 
| 192|0x000000008c000000, 0x000000008c100000, 0x000000008c100000|100%|HS|  |TAMS 0x000000008c000000, 0x000000008c100000| Complete 
| 193|0x000000008c100000, 0x000000008c200000, 0x000000008c200000|100%|HS|  |TAMS 0x000000008c100000, 0x000000008c200000| Complete 
| 194|0x000000008c200000, 0x000000008c300000, 0x000000008c300000|100%|HS|  |TAMS 0x000000008c200000, 0x000000008c300000| Complete 
| 195|0x000000008c300000, 0x000000008c400000, 0x000000008c400000|100%|HC|  |TAMS 0x000000008c300000, 0x000000008c400000| Complete 
| 196|0x000000008c400000, 0x000000008c500000, 0x000000008c500000|100%|HS|  |TAMS 0x000000008c400000, 0x000000008c500000| Complete 
| 197|0x000000008c500000, 0x000000008c600000, 0x000000008c600000|100%|HC|  |TAMS 0x000000008c500000, 0x000000008c600000| Complete 
| 198|0x000000008c600000, 0x000000008c700000, 0x000000008c700000|100%| O|  |TAMS 0x000000008c600000, 0x000000008c700000| Untracked 
| 199|0x000000008c700000, 0x000000008c800000, 0x000000008c800000|100%| O|  |TAMS 0x000000008c700000, 0x000000008c800000| Untracked 
| 200|0x000000008c800000, 0x000000008c900000, 0x000000008c900000|100%| O|  |TAMS 0x000000008c800000, 0x000000008c900000| Untracked 
| 201|0x000000008c900000, 0x000000008ca00000, 0x000000008ca00000|100%| O|  |TAMS 0x000000008c900000, 0x000000008ca00000| Untracked 
| 202|0x000000008ca00000, 0x000000008cb00000, 0x000000008cb00000|100%| O|  |TAMS 0x000000008ca00000, 0x000000008cb00000| Untracked 
| 203|0x000000008cb00000, 0x000000008cc00000, 0x000000008cc00000|100%| O|  |TAMS 0x000000008cb00000, 0x000000008cc00000| Untracked 
| 204|0x000000008cc00000, 0x000000008cd00000, 0x000000008cd00000|100%| O|  |TAMS 0x000000008cc00000, 0x000000008cd00000| Untracked 
| 205|0x000000008cd00000, 0x000000008ce00000, 0x000000008ce00000|100%| O|  |TAMS 0x000000008cd00000, 0x000000008ce00000| Untracked 
| 206|0x000000008ce00000, 0x000000008cf00000, 0x000000008cf00000|100%| O|  |TAMS 0x000000008ce00000, 0x000000008cf00000| Untracked 
| 207|0x000000008cf00000, 0x000000008d000000, 0x000000008d000000|100%| O|  |TAMS 0x000000008cf00000, 0x000000008d000000| Untracked 
| 208|0x000000008d000000, 0x000000008d100000, 0x000000008d100000|100%| O|  |TAMS 0x000000008d000000, 0x000000008d100000| Untracked 
| 209|0x000000008d100000, 0x000000008d200000, 0x000000008d200000|100%|HS|  |TAMS 0x000000008d100000, 0x000000008d100000| Complete 
| 210|0x000000008d200000, 0x000000008d300000, 0x000000008d300000|100%|HC|  |TAMS 0x000000008d200000, 0x000000008d200000| Complete 
| 211|0x000000008d300000, 0x000000008d400000, 0x000000008d400000|100%|HC|  |TAMS 0x000000008d300000, 0x000000008d300000| Complete 
| 212|0x000000008d400000, 0x000000008d500000, 0x000000008d500000|100%|HC|  |TAMS 0x000000008d400000, 0x000000008d400000| Complete 
| 213|0x000000008d500000, 0x000000008d600000, 0x000000008d600000|100%|HC|  |TAMS 0x000000008d500000, 0x000000008d500000| Complete 
| 214|0x000000008d600000, 0x000000008d700000, 0x000000008d700000|100%|HC|  |TAMS 0x000000008d600000, 0x000000008d600000| Complete 
| 215|0x000000008d700000, 0x000000008d800000, 0x000000008d800000|100%|HC|  |TAMS 0x000000008d700000, 0x000000008d700000| Complete 
| 216|0x000000008d800000, 0x000000008d900000, 0x000000008d900000|100%|HC|  |TAMS 0x000000008d800000, 0x000000008d800000| Complete 
| 217|0x000000008d900000, 0x000000008da00000, 0x000000008da00000|100%|HC|  |TAMS 0x000000008d900000, 0x000000008d900000| Complete 
| 218|0x000000008da00000, 0x000000008da00000, 0x000000008db00000|  0%| F|  |TAMS 0x000000008da00000, 0x000000008da00000| Untracked 
| 219|0x000000008db00000, 0x000000008db00000, 0x000000008dc00000|  0%| F|  |TAMS 0x000000008db00000, 0x000000008db00000| Untracked 
| 220|0x000000008dc00000, 0x000000008dc00000, 0x000000008dd00000|  0%| F|  |TAMS 0x000000008dc00000, 0x000000008dc00000| Untracked 
| 221|0x000000008dd00000, 0x000000008dd00000, 0x000000008de00000|  0%| F|  |TAMS 0x000000008dd00000, 0x000000008dd00000| Untracked 
| 222|0x000000008de00000, 0x000000008de00000, 0x000000008df00000|  0%| F|  |TAMS 0x000000008de00000, 0x000000008de00000| Untracked 
| 223|0x000000008df00000, 0x000000008df00000, 0x000000008e000000|  0%| F|  |TAMS 0x000000008df00000, 0x000000008df00000| Untracked 
| 224|0x000000008e000000, 0x000000008e000000, 0x000000008e100000|  0%| F|  |TAMS 0x000000008e000000, 0x000000008e000000| Untracked 
| 225|0x000000008e100000, 0x000000008e100000, 0x000000008e200000|  0%| F|  |TAMS 0x000000008e100000, 0x000000008e100000| Untracked 
| 226|0x000000008e200000, 0x000000008e200000, 0x000000008e300000|  0%| F|  |TAMS 0x000000008e200000, 0x000000008e200000| Untracked 
| 227|0x000000008e300000, 0x000000008e300000, 0x000000008e400000|  0%| F|  |TAMS 0x000000008e300000, 0x000000008e300000| Untracked 
| 228|0x000000008e400000, 0x000000008e400000, 0x000000008e500000|  0%| F|  |TAMS 0x000000008e400000, 0x000000008e400000| Untracked 
| 229|0x000000008e500000, 0x000000008e500000, 0x000000008e600000|  0%| F|  |TAMS 0x000000008e500000, 0x000000008e500000| Untracked 
| 230|0x000000008e600000, 0x000000008e600000, 0x000000008e700000|  0%| F|  |TAMS 0x000000008e600000, 0x000000008e600000| Untracked 
| 231|0x000000008e700000, 0x000000008e700000, 0x000000008e800000|  0%| F|  |TAMS 0x000000008e700000, 0x000000008e700000| Untracked 
| 232|0x000000008e800000, 0x000000008e800000, 0x000000008e900000|  0%| F|  |TAMS 0x000000008e800000, 0x000000008e800000| Untracked 
| 233|0x000000008e900000, 0x000000008e900000, 0x000000008ea00000|  0%| F|  |TAMS 0x000000008e900000, 0x000000008e900000| Untracked 
| 234|0x000000008ea00000, 0x000000008ea00000, 0x000000008eb00000|  0%| F|  |TAMS 0x000000008ea00000, 0x000000008ea00000| Untracked 
| 235|0x000000008eb00000, 0x000000008eb00000, 0x000000008ec00000|  0%| F|  |TAMS 0x000000008eb00000, 0x000000008eb00000| Untracked 
| 236|0x000000008ec00000, 0x000000008ec00000, 0x000000008ed00000|  0%| F|  |TAMS 0x000000008ec00000, 0x000000008ec00000| Untracked 
| 237|0x000000008ed00000, 0x000000008ed00000, 0x000000008ee00000|  0%| F|  |TAMS 0x000000008ed00000, 0x000000008ed00000| Untracked 
| 238|0x000000008ee00000, 0x000000008ee00000, 0x000000008ef00000|  0%| F|  |TAMS 0x000000008ee00000, 0x000000008ee00000| Untracked 
| 239|0x000000008ef00000, 0x000000008ef00000, 0x000000008f000000|  0%| F|  |TAMS 0x000000008ef00000, 0x000000008ef00000| Untracked 
| 240|0x000000008f000000, 0x000000008f000000, 0x000000008f100000|  0%| F|  |TAMS 0x000000008f000000, 0x000000008f000000| Untracked 
| 241|0x000000008f100000, 0x000000008f100000, 0x000000008f200000|  0%| F|  |TAMS 0x000000008f100000, 0x000000008f100000| Untracked 
| 242|0x000000008f200000, 0x000000008f200000, 0x000000008f300000|  0%| F|  |TAMS 0x000000008f200000, 0x000000008f200000| Untracked 
| 243|0x000000008f300000, 0x000000008f300000, 0x000000008f400000|  0%| F|  |TAMS 0x000000008f300000, 0x000000008f300000| Untracked 
| 244|0x000000008f400000, 0x000000008f400000, 0x000000008f500000|  0%| F|  |TAMS 0x000000008f400000, 0x000000008f400000| Untracked 
| 245|0x000000008f500000, 0x000000008f500000, 0x000000008f600000|  0%| F|  |TAMS 0x000000008f500000, 0x000000008f500000| Untracked 
| 246|0x000000008f600000, 0x000000008f600000, 0x000000008f700000|  0%| F|  |TAMS 0x000000008f600000, 0x000000008f600000| Untracked 
| 247|0x000000008f700000, 0x000000008f700000, 0x000000008f800000|  0%| F|  |TAMS 0x000000008f700000, 0x000000008f700000| Untracked 
| 248|0x000000008f800000, 0x000000008f800000, 0x000000008f900000|  0%| F|  |TAMS 0x000000008f800000, 0x000000008f800000| Untracked 
| 249|0x000000008f900000, 0x000000008f900000, 0x000000008fa00000|  0%| F|  |TAMS 0x000000008f900000, 0x000000008f900000| Untracked 
| 250|0x000000008fa00000, 0x000000008fa7b1c8, 0x000000008fb00000| 48%| S|CS|TAMS 0x000000008fa00000, 0x000000008fa00000| Complete 
| 251|0x000000008fb00000, 0x000000008fb00000, 0x000000008fc00000|  0%| F|  |TAMS 0x000000008fb00000, 0x000000008fb00000| Untracked 
| 252|0x000000008fc00000, 0x000000008fc00000, 0x000000008fd00000|  0%| F|  |TAMS 0x000000008fc00000, 0x000000008fc00000| Untracked 
| 253|0x000000008fd00000, 0x000000008fd00000, 0x000000008fe00000|  0%| F|  |TAMS 0x000000008fd00000, 0x000000008fd00000| Untracked 
| 254|0x000000008fe00000, 0x000000008fe00000, 0x000000008ff00000|  0%| F|  |TAMS 0x000000008fe00000, 0x000000008fe00000| Untracked 
| 255|0x000000008ff00000, 0x000000008ff00000, 0x0000000090000000|  0%| F|  |TAMS 0x000000008ff00000, 0x000000008ff00000| Untracked 
| 256|0x0000000090000000, 0x0000000090000000, 0x0000000090100000|  0%| F|  |TAMS 0x0000000090000000, 0x0000000090000000| Untracked 
| 257|0x0000000090100000, 0x0000000090100000, 0x0000000090200000|  0%| F|  |TAMS 0x0000000090100000, 0x0000000090100000| Untracked 
| 258|0x0000000090200000, 0x0000000090200000, 0x0000000090300000|  0%| F|  |TAMS 0x0000000090200000, 0x0000000090200000| Untracked 
| 259|0x0000000090300000, 0x0000000090300000, 0x0000000090400000|  0%| F|  |TAMS 0x0000000090300000, 0x0000000090300000| Untracked 
| 260|0x0000000090400000, 0x0000000090400000, 0x0000000090500000|  0%| F|  |TAMS 0x0000000090400000, 0x0000000090400000| Untracked 
| 261|0x0000000090500000, 0x0000000090500000, 0x0000000090600000|  0%| F|  |TAMS 0x0000000090500000, 0x0000000090500000| Untracked 
| 262|0x0000000090600000, 0x0000000090600000, 0x0000000090700000|  0%| F|  |TAMS 0x0000000090600000, 0x0000000090600000| Untracked 
| 263|0x0000000090700000, 0x0000000090700000, 0x0000000090800000|  0%| F|  |TAMS 0x0000000090700000, 0x0000000090700000| Untracked 
| 264|0x0000000090800000, 0x0000000090800000, 0x0000000090900000|  0%| F|  |TAMS 0x0000000090800000, 0x0000000090800000| Untracked 
| 265|0x0000000090900000, 0x0000000090900000, 0x0000000090a00000|  0%| F|  |TAMS 0x0000000090900000, 0x0000000090900000| Untracked 
| 266|0x0000000090a00000, 0x0000000090a00000, 0x0000000090b00000|  0%| F|  |TAMS 0x0000000090a00000, 0x0000000090a00000| Untracked 
| 267|0x0000000090b00000, 0x0000000090b00000, 0x0000000090c00000|  0%| F|  |TAMS 0x0000000090b00000, 0x0000000090b00000| Untracked 
| 268|0x0000000090c00000, 0x0000000090c00000, 0x0000000090d00000|  0%| F|  |TAMS 0x0000000090c00000, 0x0000000090c00000| Untracked 
| 269|0x0000000090d00000, 0x0000000090d00000, 0x0000000090e00000|  0%| F|  |TAMS 0x0000000090d00000, 0x0000000090d00000| Untracked 
| 270|0x0000000090e00000, 0x0000000090e00000, 0x0000000090f00000|  0%| F|  |TAMS 0x0000000090e00000, 0x0000000090e00000| Untracked 
| 271|0x0000000090f00000, 0x0000000090f00000, 0x0000000091000000|  0%| F|  |TAMS 0x0000000090f00000, 0x0000000090f00000| Untracked 
| 272|0x0000000091000000, 0x0000000091000000, 0x0000000091100000|  0%| F|  |TAMS 0x0000000091000000, 0x0000000091000000| Untracked 
| 273|0x0000000091100000, 0x0000000091100000, 0x0000000091200000|  0%| F|  |TAMS 0x0000000091100000, 0x0000000091100000| Untracked 
| 274|0x0000000091200000, 0x0000000091200000, 0x0000000091300000|  0%| F|  |TAMS 0x0000000091200000, 0x0000000091200000| Untracked 
| 275|0x0000000091300000, 0x0000000091300000, 0x0000000091400000|  0%| F|  |TAMS 0x0000000091300000, 0x0000000091300000| Untracked 
| 276|0x0000000091400000, 0x0000000091400000, 0x0000000091500000|  0%| F|  |TAMS 0x0000000091400000, 0x0000000091400000| Untracked 
| 277|0x0000000091500000, 0x0000000091600000, 0x0000000091600000|100%| O|  |TAMS 0x0000000091600000, 0x0000000091600000| Untracked 
| 278|0x0000000091600000, 0x0000000091700000, 0x0000000091700000|100%| O|  |TAMS 0x0000000091700000, 0x0000000091700000| Untracked 
| 279|0x0000000091700000, 0x0000000091800000, 0x0000000091800000|100%| O|  |TAMS 0x0000000091800000, 0x0000000091800000| Untracked 
| 280|0x0000000091800000, 0x0000000091800000, 0x0000000091900000|  0%| F|  |TAMS 0x0000000091800000, 0x0000000091800000| Untracked 
| 281|0x0000000091900000, 0x0000000091a00000, 0x0000000091a00000|100%| O|  |TAMS 0x0000000091a00000, 0x0000000091a00000| Untracked 
| 282|0x0000000091a00000, 0x0000000091a00000, 0x0000000091b00000|  0%| F|  |TAMS 0x0000000091a00000, 0x0000000091a00000| Untracked 
| 283|0x0000000091b00000, 0x0000000091b00000, 0x0000000091c00000|  0%| F|  |TAMS 0x0000000091b00000, 0x0000000091b00000| Untracked 
| 284|0x0000000091c00000, 0x0000000091c00000, 0x0000000091d00000|  0%| F|  |TAMS 0x0000000091c00000, 0x0000000091c00000| Untracked 
| 285|0x0000000091d00000, 0x0000000091d00000, 0x0000000091e00000|  0%| F|  |TAMS 0x0000000091d00000, 0x0000000091d00000| Untracked 

Card table byte_map: [0x0000025f13e20000,0x0000025f14220000] _byte_map_base: 0x0000025f13a20000

Marking Bits (Prev, Next): (CMBitMap*) 0x0000025f7fb2d660, (CMBitMap*) 0x0000025f7fb2d628
 Prev Bits: [0x0000025f16620000, 0x0000025f18620000)
 Next Bits: [0x0000025f14620000, 0x0000025f16620000)

Polling page: 0x0000025f7ee20000

Metaspace:

Usage:
  Non-class:    108.04 MB capacity,   106.27 MB ( 98%) used,     1.39 MB (  1%) free+waste,   388.13 KB ( <1%) overhead. 
      Class:     15.97 MB capacity,    14.94 MB ( 94%) used,   892.55 KB (  5%) free+waste,   162.44 KB ( <1%) overhead. 
       Both:    124.01 MB capacity,   121.21 MB ( 98%) used,     2.26 MB (  2%) free+waste,   550.56 KB ( <1%) overhead. 

Virtual space:
  Non-class space:      110.00 MB reserved,     108.97 MB (>99%) committed 
      Class space:        1.00 GB reserved,      16.35 MB (  2%) committed 
             Both:        1.11 GB reserved,     125.32 MB ( 11%) committed 

Chunk freelists:
   Non-Class:  951.00 KB
       Class:  380.00 KB
        Both:  1.30 MB

MaxMetaspaceSize: 17179869184.00 GB
CompressedClassSpaceSize: 1.00 GB

CodeHeap 'non-profiled nmethods': size=120064Kb used=19656Kb max_used=19656Kb free=100407Kb
 bounds [0x0000025f0c8e0000, 0x0000025f0dc20000, 0x0000025f13e20000]
CodeHeap 'profiled nmethods': size=120000Kb used=50112Kb max_used=50112Kb free=69888Kb
 bounds [0x0000025f053b0000, 0x0000025f084e0000, 0x0000025f0c8e0000]
CodeHeap 'non-nmethods': size=5696Kb used=2366Kb max_used=2435Kb free=3329Kb
 bounds [0x0000025f04e20000, 0x0000025f050a0000, 0x0000025f053b0000]
 total_blobs=23304 nmethods=22305 adapters=908
 compilation: enabled
              stopped_count=0, restarted_count=0
 full_count=0

Compilation events (20 events):
Event: 9667.661 Thread 0x0000025f1e163800 26402       4       com.android.tools.r8.graph.Q::a (10 bytes)
Event: 9667.662 Thread 0x0000025f1b3ad000 nmethod 26404 0x0000025f084d1c90 code [0x0000025f084d1e60, 0x0000025f084d2168]
Event: 9667.662 Thread 0x0000025f1b3ad000 26406       3       com.android.tools.r8.graph.Z$$Lambda$1803/0x0000000100ef7040::compare (16 bytes)
Event: 9667.662 Thread 0x0000025f1b3ad000 nmethod 26406 0x0000025f084d2290 code [0x0000025f084d2480, 0x0000025f084d2b68]
Event: 9667.662 Thread 0x0000025f1b3ad000 26407       3       com.android.tools.r8.dex.m$$Lambda$1744/0x0000000100ee0040::accept (12 bytes)
Event: 9667.663 Thread 0x0000025f1b3ad000 nmethod 26407 0x0000025f084d2d10 code [0x0000025f084d2f20, 0x0000025f084d35b8]
Event: 9667.663 Thread 0x0000025f1e163800 nmethod 26402 0x0000025f0dc12790 code [0x0000025f0dc12940, 0x0000025f0dc12a48]
Event: 9667.663 Thread 0x0000025f1e163800 26399       4       com.android.tools.r8.internal.Dw::a (73 bytes)
Event: 9667.663 Thread 0x0000025f1b3ad000 26410       3       com.android.tools.r8.graph.Z::a (211 bytes)
Event: 9667.666 Thread 0x0000025f1b3ad000 nmethod 26410 0x0000025f084d3810 code [0x0000025f084d3ba0, 0x0000025f084d5608]
Event: 9667.666 Thread 0x0000025f1b3ad000 26411       3       com.android.tools.r8.graph.f0$h::hashCode (10 bytes)
Event: 9667.666 Thread 0x0000025f1b3ad000 nmethod 26411 0x0000025f084d5f10 code [0x0000025f084d60e0, 0x0000025f084d6218]
Event: 9667.757 Thread 0x0000025f1b3ad000 26418       3       com.android.tools.r8.graph.T::a (8 bytes)
Event: 9667.757 Thread 0x0000025f1b3ad000 nmethod 26418 0x0000025f084d6290 code [0x0000025f084d6440, 0x0000025f084d6568]
Event: 9667.877 Thread 0x0000025f1b3ad000 26420       2       java.util.TimSort::mergeAt (358 bytes)
Event: 9667.877 Thread 0x0000025f1b3ad000 nmethod 26420 0x0000025f084d6610 code [0x0000025f084d6820, 0x0000025f084d6c18]
Event: 9668.072 Thread 0x0000025f1b3ad000 26426       1       com.android.tools.r8.code.s::u (4 bytes)
Event: 9668.072 Thread 0x0000025f1b3ad000 nmethod 26426 0x0000025f0dc12b90 code [0x0000025f0dc12d40, 0x0000025f0dc12df8]
Event: 9668.092 Thread 0x0000025f1b3ad000 26428       2       com.android.tools.r8.code.D2::a (19 bytes)
Event: 9668.092 Thread 0x0000025f1b3ad000 nmethod 26428 0x0000025f084d6f10 code [0x0000025f084d70c0, 0x0000025f084d7208]

GC Heap History (20 events):
Event: 9664.914 GC heap after
{Heap after GC invocations=79 (full 1):
 garbage-first heap   total 292864K, used 182291K [0x0000000080000000, 0x0000000100000000)
  region size 1024K, 13 young (13312K), 13 survivors (13312K)
 Metaspace       used 124053K, capacity 126960K, committed 128324K, reserved 1161216K
  class space    used 15297K, capacity 16351K, committed 16740K, reserved 1048576K
}
Event: 9664.927 GC heap before
{Heap before GC invocations=79 (full 1):
 garbage-first heap   total 292864K, used 183315K [0x0000000080000000, 0x0000000100000000)
  region size 1024K, 14 young (14336K), 13 survivors (13312K)
 Metaspace       used 124058K, capacity 126960K, committed 128324K, reserved 1161216K
  class space    used 15297K, capacity 16351K, committed 16740K, reserved 1048576K
}
Event: 9664.989 GC heap after
{Heap after GC invocations=80 (full 1):
 garbage-first heap   total 292864K, used 175867K [0x0000000080000000, 0x0000000100000000)
  region size 1024K, 2 young (2048K), 2 survivors (2048K)
 Metaspace       used 124058K, capacity 126960K, committed 128324K, reserved 1161216K
  class space    used 15297K, capacity 16351K, committed 16740K, reserved 1048576K
}
Event: 9665.330 GC heap before
{Heap before GC invocations=80 (full 1):
 garbage-first heap   total 292864K, used 226043K [0x0000000080000000, 0x0000000100000000)
  region size 1024K, 52 young (53248K), 2 survivors (2048K)
 Metaspace       used 124060K, capacity 126960K, committed 128324K, reserved 1161216K
  class space    used 15297K, capacity 16351K, committed 16740K, reserved 1048576K
}
Event: 9665.378 GC heap after
{Heap after GC invocations=81 (full 1):
 garbage-first heap   total 292864K, used 198462K [0x0000000080000000, 0x0000000100000000)
  region size 1024K, 7 young (7168K), 7 survivors (7168K)
 Metaspace       used 124060K, capacity 126960K, committed 128324K, reserved 1161216K
  class space    used 15297K, capacity 16351K, committed 16740K, reserved 1048576K
}
Event: 9665.801 GC heap before
{Heap before GC invocations=81 (full 1):
 garbage-first heap   total 292864K, used 232254K [0x0000000080000000, 0x0000000100000000)
  region size 1024K, 41 young (41984K), 7 survivors (7168K)
 Metaspace       used 124090K, capacity 126965K, committed 128324K, reserved 1161216K
  class space    used 15297K, capacity 16351K, committed 16740K, reserved 1048576K
}
Event: 9665.829 GC heap after
{Heap after GC invocations=82 (full 1):
 garbage-first heap   total 292864K, used 203441K [0x0000000080000000, 0x0000000100000000)
  region size 1024K, 4 young (4096K), 4 survivors (4096K)
 Metaspace       used 124090K, capacity 126965K, committed 128324K, reserved 1161216K
  class space    used 15297K, capacity 16351K, committed 16740K, reserved 1048576K
}
Event: 9666.021 GC heap before
{Heap before GC invocations=82 (full 1):
 garbage-first heap   total 292864K, used 220849K [0x0000000080000000, 0x0000000100000000)
  region size 1024K, 22 young (22528K), 4 survivors (4096K)
 Metaspace       used 124092K, capacity 126965K, committed 128324K, reserved 1161216K
  class space    used 15297K, capacity 16351K, committed 16740K, reserved 1048576K
}
Event: 9666.038 GC heap after
{Heap after GC invocations=83 (full 1):
 garbage-first heap   total 292864K, used 206089K [0x0000000080000000, 0x0000000100000000)
  region size 1024K, 2 young (2048K), 2 survivors (2048K)
 Metaspace       used 124092K, capacity 126965K, committed 128324K, reserved 1161216K
  class space    used 15297K, capacity 16351K, committed 16740K, reserved 1048576K
}
Event: 9666.653 GC heap before
{Heap before GC invocations=83 (full 1):
 garbage-first heap   total 292864K, used 243977K [0x0000000080000000, 0x0000000100000000)
  region size 1024K, 33 young (33792K), 2 survivors (2048K)
 Metaspace       used 124096K, capacity 126965K, committed 128324K, reserved 1161216K
  class space    used 15297K, capacity 16351K, committed 16740K, reserved 1048576K
}
Event: 9666.683 GC heap after
{Heap after GC invocations=84 (full 1):
 garbage-first heap   total 292864K, used 216113K [0x0000000080000000, 0x0000000100000000)
  region size 1024K, 5 young (5120K), 5 survivors (5120K)
 Metaspace       used 124096K, capacity 126965K, committed 128324K, reserved 1161216K
  class space    used 15297K, capacity 16351K, committed 16740K, reserved 1048576K
}
Event: 9667.456 GC heap before
{Heap before GC invocations=85 (full 1):
 garbage-first heap   total 292864K, used 233521K [0x0000000080000000, 0x0000000100000000)
  region size 1024K, 32 young (32768K), 5 survivors (5120K)
 Metaspace       used 124096K, capacity 126965K, committed 128324K, reserved 1161216K
  class space    used 15297K, capacity 16351K, committed 16740K, reserved 1048576K
}
Event: 9667.498 GC heap after
{Heap after GC invocations=86 (full 1):
 garbage-first heap   total 292864K, used 210684K [0x0000000080000000, 0x0000000100000000)
  region size 1024K, 4 young (4096K), 4 survivors (4096K)
 Metaspace       used 124096K, capacity 126965K, committed 128324K, reserved 1161216K
  class space    used 15297K, capacity 16351K, committed 16740K, reserved 1048576K
}
Event: 9667.609 GC heap before
{Heap before GC invocations=86 (full 1):
 garbage-first heap   total 292864K, used 221948K [0x0000000080000000, 0x0000000100000000)
  region size 1024K, 14 young (14336K), 4 survivors (4096K)
 Metaspace       used 124120K, capacity 126989K, committed 128324K, reserved 1161216K
  class space    used 15301K, capacity 16356K, committed 16740K, reserved 1048576K
}
Event: 9667.640 GC heap after
{Heap after GC invocations=87 (full 1):
 garbage-first heap   total 292864K, used 196119K [0x0000000080000000, 0x0000000100000000)
  region size 1024K, 2 young (2048K), 2 survivors (2048K)
 Metaspace       used 124120K, capacity 126989K, committed 128324K, reserved 1161216K
  class space    used 15301K, capacity 16356K, committed 16740K, reserved 1048576K
}
Event: 9667.815 GC heap before
{Heap before GC invocations=87 (full 1):
 garbage-first heap   total 292864K, used 238103K [0x0000000080000000, 0x0000000100000000)
  region size 1024K, 38 young (38912K), 2 survivors (2048K)
 Metaspace       used 124120K, capacity 126989K, committed 128324K, reserved 1161216K
  class space    used 15301K, capacity 16356K, committed 16740K, reserved 1048576K
}
Event: 9667.836 GC heap after
{Heap after GC invocations=88 (full 1):
 garbage-first heap   total 292864K, used 208628K [0x0000000080000000, 0x0000000100000000)
  region size 1024K, 5 young (5120K), 5 survivors (5120K)
 Metaspace       used 124120K, capacity 126989K, committed 128324K, reserved 1161216K
  class space    used 15301K, capacity 16356K, committed 16740K, reserved 1048576K
}
Event: 9667.944 GC heap before
{Heap before GC invocations=88 (full 1):
 garbage-first heap   total 292864K, used 228084K [0x0000000080000000, 0x0000000100000000)
  region size 1024K, 25 young (25600K), 5 survivors (5120K)
 Metaspace       used 124120K, capacity 126989K, committed 128324K, reserved 1161216K
  class space    used 15301K, capacity 16356K, committed 16740K, reserved 1048576K
}
Event: 9667.962 GC heap after
{Heap after GC invocations=89 (full 1):
 garbage-first heap   total 292864K, used 212938K [0x0000000080000000, 0x0000000100000000)
  region size 1024K, 4 young (4096K), 4 survivors (4096K)
 Metaspace       used 124120K, capacity 126989K, committed 128324K, reserved 1161216K
  class space    used 15301K, capacity 16356K, committed 16740K, reserved 1048576K
}
Event: 9668.100 GC heap before
{Heap before GC invocations=89 (full 1):
 garbage-first heap   total 292864K, used 249802K [0x0000000080000000, 0x0000000100000000)
  region size 1024K, 31 young (31744K), 4 survivors (4096K)
 Metaspace       used 124121K, capacity 126989K, committed 128324K, reserved 1161216K
  class space    used 15301K, capacity 16356K, committed 16740K, reserved 1048576K
}

Deoptimization events (20 events):
Event: 9667.659 Thread 0x0000025f1e16f000 DEOPT PACKING pc=0x0000025f0dc0d2c4 sp=0x0000007a769fe3f0
Event: 9667.659 Thread 0x0000025f1e16f000 DEOPT UNPACKING pc=0x0000025f04e478af sp=0x0000007a769fe368 mode 2
Event: 9667.659 Thread 0x0000025f1e16f000 Uncommon trap: trap_request=0xffffffde fr.pc=0x0000025f0dc0d2c4 relative=0x0000000000000084
Event: 9667.659 Thread 0x0000025f1e16f000 Uncommon trap: reason=class_check action=maybe_recompile pc=0x0000025f0dc0d2c4 method=com.android.tools.r8.graph.Q.a(Lcom/android/tools/r8/internal/BE;Lcom/android/tools/r8/internal/e8;)I @ 6 c2
Event: 9667.659 Thread 0x0000025f1e16f000 DEOPT PACKING pc=0x0000025f0dc0d2c4 sp=0x0000007a769fe3f0
Event: 9667.659 Thread 0x0000025f1e16f000 DEOPT UNPACKING pc=0x0000025f04e478af sp=0x0000007a769fe368 mode 2
Event: 9667.659 Thread 0x0000025f1e16f000 Uncommon trap: trap_request=0xffffffde fr.pc=0x0000025f0dc0d2c4 relative=0x0000000000000084
Event: 9667.659 Thread 0x0000025f1e16f000 Uncommon trap: reason=class_check action=maybe_recompile pc=0x0000025f0dc0d2c4 method=com.android.tools.r8.graph.Q.a(Lcom/android/tools/r8/internal/BE;Lcom/android/tools/r8/internal/e8;)I @ 6 c2
Event: 9667.659 Thread 0x0000025f1e16f000 DEOPT PACKING pc=0x0000025f0dc0d2c4 sp=0x0000007a769fe3f0
Event: 9667.659 Thread 0x0000025f1e16f000 DEOPT UNPACKING pc=0x0000025f04e478af sp=0x0000007a769fe368 mode 2
Event: 9667.659 Thread 0x0000025f1e16f000 Uncommon trap: trap_request=0xffffffde fr.pc=0x0000025f0dc0d2c4 relative=0x0000000000000084
Event: 9667.659 Thread 0x0000025f1e16f000 Uncommon trap: reason=class_check action=maybe_recompile pc=0x0000025f0dc0d2c4 method=com.android.tools.r8.graph.Q.a(Lcom/android/tools/r8/internal/BE;Lcom/android/tools/r8/internal/e8;)I @ 6 c2
Event: 9667.659 Thread 0x0000025f1e16f000 DEOPT PACKING pc=0x0000025f0dc0d2c4 sp=0x0000007a769fe3f0
Event: 9667.659 Thread 0x0000025f1e16f000 DEOPT UNPACKING pc=0x0000025f04e478af sp=0x0000007a769fe368 mode 2
Event: 9667.755 Thread 0x0000025f1e16f000 DEOPT PACKING pc=0x0000025f07dad37f sp=0x0000007a769fe410
Event: 9667.755 Thread 0x0000025f1e16f000 DEOPT UNPACKING pc=0x0000025f04e476ce sp=0x0000007a769fde48 mode 0
Event: 9667.875 Thread 0x0000025f1e16f000 Uncommon trap: trap_request=0xffffff4d fr.pc=0x0000025f0dc0cc60 relative=0x0000000000000280
Event: 9667.875 Thread 0x0000025f1e16f000 Uncommon trap: reason=unstable_if action=reinterpret pc=0x0000025f0dc0cc60 method=java.util.TimSort.mergeAt(I)V @ 170 c2
Event: 9667.875 Thread 0x0000025f1e16f000 DEOPT PACKING pc=0x0000025f0dc0cc60 sp=0x0000007a769fe600
Event: 9667.875 Thread 0x0000025f1e16f000 DEOPT UNPACKING pc=0x0000025f04e478af sp=0x0000007a769fe580 mode 2

Classes redefined (0 events):
No events

Internal exceptions (20 events):
Event: 9663.500 Thread 0x0000025f1ba1c000 Exception <a 'sun/nio/fs/WindowsException'{0x000000008f3e3680}> (0x000000008f3e3680) thrown at [./src/hotspot/share/prims/jni.cpp, line 615]
Event: 9663.501 Thread 0x0000025f1ba1c000 Exception <a 'sun/nio/fs/WindowsException'{0x000000008f3e3ab0}> (0x000000008f3e3ab0) thrown at [./src/hotspot/share/prims/jni.cpp, line 615]
Event: 9663.501 Thread 0x0000025f1ba1c000 Exception <a 'sun/nio/fs/WindowsException'{0x000000008f3e4970}> (0x000000008f3e4970) thrown at [./src/hotspot/share/prims/jni.cpp, line 615]
Event: 9663.502 Thread 0x0000025f1ba1c000 Exception <a 'sun/nio/fs/WindowsException'{0x000000008f3e4ce0}> (0x000000008f3e4ce0) thrown at [./src/hotspot/share/prims/jni.cpp, line 615]
Event: 9663.502 Thread 0x0000025f1ba1c000 Exception <a 'sun/nio/fs/WindowsException'{0x000000008f3e5bb0}> (0x000000008f3e5bb0) thrown at [./src/hotspot/share/prims/jni.cpp, line 615]
Event: 9663.502 Thread 0x0000025f1ba1c000 Exception <a 'sun/nio/fs/WindowsException'{0x000000008f3e5ec0}> (0x000000008f3e5ec0) thrown at [./src/hotspot/share/prims/jni.cpp, line 615]
Event: 9663.502 Thread 0x0000025f1ba1c000 Exception <a 'sun/nio/fs/WindowsException'{0x000000008f3e6d60}> (0x000000008f3e6d60) thrown at [./src/hotspot/share/prims/jni.cpp, line 615]
Event: 9663.698 Thread 0x0000025f1ba20800 Implicit null exception at 0x0000025f0ca0d672 to 0x0000025f0ca0d800
Event: 9663.787 Thread 0x0000025f207a6000 Exception <a 'sun/nio/fs/WindowsException'{0x000000008e33fa90}> (0x000000008e33fa90) thrown at [./src/hotspot/share/prims/jni.cpp, line 615]
Event: 9663.790 Thread 0x0000025f207a6000 Exception <a 'sun/nio/fs/WindowsException'{0x000000008e341140}> (0x000000008e341140) thrown at [./src/hotspot/share/prims/jni.cpp, line 615]
Event: 9663.790 Thread 0x0000025f207a6000 Exception <a 'sun/nio/fs/WindowsException'{0x000000008e341450}> (0x000000008e341450) thrown at [./src/hotspot/share/prims/jni.cpp, line 615]
Event: 9663.815 Thread 0x0000025f207a6000 Exception <a 'sun/nio/fs/WindowsException'{0x000000008e3a1b40}> (0x000000008e3a1b40) thrown at [./src/hotspot/share/prims/jni.cpp, line 615]
Event: 9663.816 Thread 0x0000025f207a6000 Exception <a 'sun/nio/fs/WindowsException'{0x000000008e3a3210}> (0x000000008e3a3210) thrown at [./src/hotspot/share/prims/jni.cpp, line 615]
Event: 9663.891 Thread 0x0000025f1ba1e800 Exception <a 'sun/nio/fs/WindowsException'{0x000000008e0d7198}> (0x000000008e0d7198) thrown at [./src/hotspot/share/prims/jni.cpp, line 615]
Event: 9667.521 Thread 0x0000025f1ba22000 Exception <a 'java/io/IOException'{0x00000000913cbda8}> (0x00000000913cbda8) thrown at [./src/hotspot/share/prims/jni.cpp, line 615]
Event: 9667.531 Thread 0x0000025f207ab800 Implicit null exception at 0x0000025f0d206b83 to 0x0000025f0d2088b4
Event: 9667.532 Thread 0x0000025f207ab800 Implicit null exception at 0x0000025f0cabe346 to 0x0000025f0cabe6bc
Event: 9667.533 Thread 0x0000025f207ab800 Exception <a 'java/lang/NoSuchMethodError'{0x00000000910382e0}: <clinit>> (0x00000000910382e0) thrown at [./src/hotspot/share/prims/jni.cpp, line 1362]
Event: 9667.534 Thread 0x0000025f207ab800 Implicit null exception at 0x0000025f0cccf630 to 0x0000025f0ccd03e0
Event: 9667.535 Thread 0x0000025f207ab800 Exception <a 'java/lang/NoSuchMethodError'{0x00000000910a5950}: <clinit>> (0x00000000910a5950) thrown at [./src/hotspot/share/prims/jni.cpp, line 1362]

Events (20 events):
Event: 9667.519 Executing VM operation: RevokeBias
Event: 9667.519 Executing VM operation: RevokeBias done
Event: 9667.519 Thread 0x0000025f1ba21000 Thread exited: 0x0000025f1ba21000
Event: 9667.519 loading class com/android/builder/internal/aapt/v2/Aapt2DaemonImpl$WaitForTaskCompletion$Result$Failed
Event: 9667.519 loading class com/android/builder/internal/aapt/v2/Aapt2DaemonImpl$WaitForTaskCompletion$Result$Failed done
Event: 9667.522 Executing VM operation: RevokeBias
Event: 9667.522 Executing VM operation: RevokeBias done
Event: 9667.522 Thread 0x0000025f1ba1f800 Thread exited: 0x0000025f1ba1f800
Event: 9667.527 Executing VM operation: RevokeBias
Event: 9667.527 Executing VM operation: RevokeBias done
Event: 9667.528 Executing VM operation: RevokeBias
Event: 9667.528 Executing VM operation: RevokeBias done
Event: 9667.609 Executing VM operation: G1CollectForAllocation
Event: 9667.640 Executing VM operation: G1CollectForAllocation done
Event: 9667.661 Thread 0x0000025f1e163800 Thread added: 0x0000025f1e163800
Event: 9667.815 Executing VM operation: G1CollectForAllocation
Event: 9667.836 Executing VM operation: G1CollectForAllocation done
Event: 9667.944 Executing VM operation: G1CollectForAllocation
Event: 9667.962 Executing VM operation: G1CollectForAllocation done
Event: 9668.100 Executing VM operation: G1CollectForAllocation


Dynamic libraries:
0x00007ff64fe10000 - 0x00007ff64fe1a000 	C:\Program Files\Android\Android Studio4\jre\bin\java.exe
0x00007ff8286f0000 - 0x00007ff8288e5000 	C:\WINDOWS\SYSTEM32\ntdll.dll
0x00007ff826cb0000 - 0x00007ff826d6e000 	C:\WINDOWS\System32\KERNEL32.DLL
0x00007ff826040000 - 0x00007ff826308000 	C:\WINDOWS\System32\KERNELBASE.dll
0x00007ff8264a0000 - 0x00007ff8265a0000 	C:\WINDOWS\System32\ucrtbase.dll
0x00007ffffdf30000 - 0x00007ffffdf47000 	C:\Program Files\Android\Android Studio4\jre\bin\VCRUNTIME140.dll
0x00007ffffbb30000 - 0x00007ffffbb49000 	C:\Program Files\Android\Android Studio4\jre\bin\jli.dll
0x00007ff828040000 - 0x00007ff8281e1000 	C:\WINDOWS\System32\USER32.dll
0x00007ff826010000 - 0x00007ff826032000 	C:\WINDOWS\System32\win32u.dll
0x00007ff826870000 - 0x00007ff82689b000 	C:\WINDOWS\System32\GDI32.dll
0x00007ff826630000 - 0x00007ff82673b000 	C:\WINDOWS\System32\gdi32full.dll
0x00007ff825e60000 - 0x00007ff825efd000 	C:\WINDOWS\System32\msvcp_win.dll
0x00007ff80e490000 - 0x00007ff80e72a000 	C:\WINDOWS\WinSxS\amd64_microsoft.windows.common-controls_6595b64144ccf1df_6.0.19041.1110_none_60b5254171f9507e\COMCTL32.dll
0x00007ff827eb0000 - 0x00007ff827f4e000 	C:\WINDOWS\System32\msvcrt.dll
0x00007ff826a50000 - 0x00007ff826a80000 	C:\WINDOWS\System32\IMM32.DLL
0x00007fffef890000 - 0x00007fffef92d000 	C:\Program Files\Android\Android Studio4\jre\bin\msvcp140.dll
0x00007fffe1170000 - 0x00007fffe1c3f000 	C:\Program Files\Android\Android Studio4\jre\bin\server\jvm.dll
0x00007ff828550000 - 0x00007ff8285fc000 	C:\WINDOWS\System32\ADVAPI32.dll
0x00007ff826bb0000 - 0x00007ff826c4b000 	C:\WINDOWS\System32\sechost.dll
0x00007ff827cf0000 - 0x00007ff827e1a000 	C:\WINDOWS\System32\RPCRT4.dll
0x00007ff827f50000 - 0x00007ff827f58000 	C:\WINDOWS\System32\PSAPI.DLL
0x00007ff814aa0000 - 0x00007ff814aa9000 	C:\WINDOWS\SYSTEM32\WSOCK32.dll
0x00007ff8126e0000 - 0x00007ff812707000 	C:\WINDOWS\SYSTEM32\WINMM.dll
0x00007ff826800000 - 0x00007ff82686b000 	C:\WINDOWS\System32\WS2_32.dll
0x00007ff81bba0000 - 0x00007ff81bbaa000 	C:\WINDOWS\SYSTEM32\VERSION.dll
0x00007ff824690000 - 0x00007ff8246a2000 	C:\WINDOWS\SYSTEM32\kernel.appcore.dll
0x00007ff81de30000 - 0x00007ff81de41000 	C:\Program Files\Android\Android Studio4\jre\bin\verify.dll
0x00007ff824390000 - 0x00007ff824574000 	C:\WINDOWS\SYSTEM32\DBGHELP.DLL
0x00007ff80d910000 - 0x00007ff80d93c000 	C:\WINDOWS\SYSTEM32\dbgcore.DLL
0x00007ff8265a0000 - 0x00007ff826623000 	C:\WINDOWS\System32\bcryptPrimitives.dll
0x00007ff81d010000 - 0x00007ff81d039000 	C:\Program Files\Android\Android Studio4\jre\bin\java.dll
0x00007ff8212c0000 - 0x00007ff8212cb000 	C:\Program Files\Android\Android Studio4\jre\bin\jimage.dll
0x00007ff81da40000 - 0x00007ff81da58000 	C:\Program Files\Android\Android Studio4\jre\bin\zip.dll
0x00007ff826e40000 - 0x00007ff82757f000 	C:\WINDOWS\System32\SHELL32.dll
0x00007ff823c00000 - 0x00007ff824390000 	C:\WINDOWS\SYSTEM32\windows.storage.dll
0x00007ff8281f0000 - 0x00007ff828545000 	C:\WINDOWS\System32\combase.dll
0x00007ff825860000 - 0x00007ff82588e000 	C:\WINDOWS\SYSTEM32\Wldp.dll
0x00007ff828600000 - 0x00007ff8286ad000 	C:\WINDOWS\System32\SHCORE.dll
0x00007ff827fe0000 - 0x00007ff828035000 	C:\WINDOWS\System32\shlwapi.dll
0x00007ff825d50000 - 0x00007ff825d6f000 	C:\WINDOWS\SYSTEM32\profapi.dll
0x00007ff81cff0000 - 0x00007ff81d00a000 	C:\Program Files\Android\Android Studio4\jre\bin\net.dll
0x00007ff816790000 - 0x00007ff81689c000 	C:\WINDOWS\SYSTEM32\WINHTTP.dll
0x00007ff8255c0000 - 0x00007ff82562a000 	C:\WINDOWS\system32\mswsock.dll
0x00007ff81cfd0000 - 0x00007ff81cfe4000 	C:\Program Files\Android\Android Studio4\jre\bin\nio.dll
0x00007ffffc4b0000 - 0x00007ffffc4d7000 	C:\Users\leoba\.gradle\native\8bec1ad78214c89d9ad589b4d07fe93259594b29d510b10fafb7a158f7737e5d\windows-amd64\native-platform.dll
0x00007fffe09e0000 - 0x00007fffe0b1d000 	C:\Users\leoba\.gradle\native\53dbd7edfb1c66fb8903c78663c9afc45aea4f116125fa6feffd364cf09443e8\windows-amd64\native-platform-file-events.dll
0x00007ff8212a0000 - 0x00007ff8212aa000 	C:\Program Files\Android\Android Studio4\jre\bin\management.dll
0x00007ff820b80000 - 0x00007ff820b8c000 	C:\Program Files\Android\Android Studio4\jre\bin\management_ext.dll
0x00007ff8257b0000 - 0x00007ff8257c8000 	C:\WINDOWS\SYSTEM32\CRYPTSP.dll
0x00007ff824ed0000 - 0x00007ff824f04000 	C:\WINDOWS\system32\rsaenh.dll
0x00007ff826310000 - 0x00007ff826337000 	C:\WINDOWS\System32\bcrypt.dll
0x00007ff825cd0000 - 0x00007ff825cfe000 	C:\WINDOWS\SYSTEM32\USERENV.dll
0x00007ff8257d0000 - 0x00007ff8257dc000 	C:\WINDOWS\SYSTEM32\CRYPTBASE.dll
0x00007ff825260000 - 0x00007ff82529b000 	C:\WINDOWS\SYSTEM32\IPHLPAPI.DLL
0x00007ff827590000 - 0x00007ff827598000 	C:\WINDOWS\System32\NSI.dll
0x00007ff8165d0000 - 0x00007ff8165e7000 	C:\WINDOWS\SYSTEM32\dhcpcsvc6.DLL
0x00007ff816bf0000 - 0x00007ff816c0d000 	C:\WINDOWS\SYSTEM32\dhcpcsvc.DLL
0x00007ff8252b0000 - 0x00007ff82537b000 	C:\WINDOWS\SYSTEM32\DNSAPI.dll
0x00007ffff8230000 - 0x00007ffff824e000 	C:\Users\leoba\AppData\Local\Temp\native-platform13640051225642850932dir\native-platform.dll
0x00007ff807760000 - 0x00007ff807768000 	C:\Program Files\Android\Android Studio4\jre\bin\rmi.dll

dbghelp: loaded successfully - version: 4.0.5 - missing functions: none
symbol engine: initialized successfully - sym options: 0x614 - pdb path: .;C:\Program Files\Android\Android Studio4\jre\bin;C:\WINDOWS\SYSTEM32;C:\WINDOWS\WinSxS\amd64_microsoft.windows.common-controls_6595b64144ccf1df_6.0.19041.1110_none_60b5254171f9507e;C:\Program Files\Android\Android Studio4\jre\bin\server;C:\Users\leoba\.gradle\native\8bec1ad78214c89d9ad589b4d07fe93259594b29d510b10fafb7a158f7737e5d\windows-amd64;C:\Users\leoba\.gradle\native\53dbd7edfb1c66fb8903c78663c9afc45aea4f116125fa6feffd364cf09443e8\windows-amd64;C:\Users\leoba\AppData\Local\Temp\native-platform13640051225642850932dir

VM Arguments:
jvm_args: --add-opens=java.base/java.util=ALL-UNNAMED --add-opens=java.base/java.lang=ALL-UNNAMED --add-opens=java.base/java.lang.invoke=ALL-UNNAMED --add-opens=java.base/java.util=ALL-UNNAMED --add-opens=java.prefs/java.util.prefs=ALL-UNNAMED --add-opens=java.prefs/java.util.prefs=ALL-UNNAMED --add-opens=java.base/java.nio.charset=ALL-UNNAMED --add-opens=java.base/java.net=ALL-UNNAMED --add-opens=java.base/java.util.concurrent.atomic=ALL-UNNAMED -Xmx2048m -Dfile.encoding=UTF-8 -Duser.country=ES -Duser.language=es -Duser.variant 
java_command: org.gradle.launcher.daemon.bootstrap.GradleDaemon 7.0.2
java_class_path (initial): C:\Users\leoba\.gradle\wrapper\dists\gradle-7.0.2-bin\857tjihv64xamwrf0h14cai3r\gradle-7.0.2\lib\gradle-launcher-7.0.2.jar
Launcher Type: SUN_STANDARD

[Global flags]
     intx CICompilerCount                          = 3                                         {product} {ergonomic}
     uint ConcGCThreads                            = 1                                         {product} {ergonomic}
     uint G1ConcRefinementThreads                  = 4                                         {product} {ergonomic}
   size_t G1HeapRegionSize                         = 1048576                                   {product} {ergonomic}
    uintx GCDrainStackTargetSize                   = 64                                        {product} {ergonomic}
   size_t InitialHeapSize                          = 201326592                                 {product} {ergonomic}
   size_t MarkStackSize                            = 4194304                                   {product} {ergonomic}
   size_t MaxHeapSize                              = 2147483648                                {product} {command line}
   size_t MaxNewSize                               = 1287651328                                {product} {ergonomic}
   size_t MinHeapDeltaBytes                        = 1048576                                   {product} {ergonomic}
    uintx NonNMethodCodeHeapSize                   = 5830732                                {pd product} {ergonomic}
    uintx NonProfiledCodeHeapSize                  = 122913754                              {pd product} {ergonomic}
    uintx ProfiledCodeHeapSize                     = 122913754                              {pd product} {ergonomic}
    uintx ReservedCodeCacheSize                    = 251658240                              {pd product} {ergonomic}
     bool SegmentedCodeCache                       = true                                      {product} {ergonomic}
     bool UseCompressedClassPointers               = true                                 {lp64_product} {ergonomic}
     bool UseCompressedOops                        = true                                 {lp64_product} {ergonomic}
     bool UseG1GC                                  = true                                      {product} {ergonomic}
     bool UseLargePagesIndividualAllocation        = false                                  {pd product} {ergonomic}

Logging:
Log output configuration:
 #0: stdout all=warning uptime,level,tags
 #1: stderr all=off uptime,level,tags

Environment Variables:
PATH=C:\Program Files (x86)\Intel\Intel(R) Management Engine Components\iCLS\;C:\Program Files\Intel\Intel(R) Management Engine Components\iCLS\;C:\WINDOWS\system32;C:\WINDOWS;C:\WINDOWS\System32\Wbem;C:\WINDOWS\System32\WindowsPowerShell\v1.0\;C:\Program Files (x86)\Intel\Intel(R) Management Engine Components\DAL;C:\Program Files\Intel\Intel(R) Management Engine Components\DAL;C:\Program Files (x86)\Intel\Intel(R) Management Engine Components\IPT;C:\Program Files\Intel\Intel(R) Management Engine Components\IPT;c:\Program Files (x86)\Microsoft SQL Server\100\Tools\Binn\;c:\Program Files\Microsoft SQL Server\100\Tools\Binn\;c:\Program Files\Microsoft SQL Server\100\DTS\Binn\;c:\Program Files (x86)\Microsoft SQL Server\100\Tools\Binn\VSShell\Common7\IDE\;c:\Program Files (x86)\Microsoft SQL Server\100\DTS\Binn\;C:\WINDOWS\system32\config\systemprofile\.dnx\bin;C:\Program Files\Microsoft DNX\Dnvm\;C:\Program Files\Microsoft SQL Server\130\Tools\Binn\;C:\WINDOWS\System32\OpenSSH\;C:\Program Files\Git\cmd;C:\Users\leoba\AppData\Local\Microsoft\WindowsApps;C:\Users\leoba\AppData\Local\GitHubDesktop\bin;%USERPROFILE%\AppData\Local\Microsoft\WindowsApps;
USERNAME=leoba
OS=Windows_NT
PROCESSOR_IDENTIFIER=Intel64 Family 6 Model 142 Stepping 10, GenuineIntel



---------------  S Y S T E M  ---------------

OS: Windows 10 , 64 bit Build 19041 (10.0.19041.1348)
OS uptime: 6 days 14:15 hours

CPU:total 4 (initial active 4) (2 cores per cpu, 2 threads per core) family 6 model 142 stepping 10 microcode 0xb4, cmov, cx8, fxsr, mmx, sse, sse2, sse3, ssse3, sse4.1, sse4.2, popcnt, avx, avx2, aes, clmul, erms, 3dnowpref, lzcnt, ht, tsc, tscinvbit, bmi1, bmi2, adx, fma

Memory: 4k page, system-wide physical 12197M (1107M free)
TotalPageFile size 12197M (AvailPageFile size 52M)
current process WorkingSet (physical memory assigned to process): 643M, peak: 814M
current process commit charge ("private bytes"): 714M, peak: 854M

vm_info: OpenJDK 64-Bit Server VM (11.0.10+0-b96-7249189) for windows-amd64 JRE (11.0.10+0-b96-7249189), built on Mar 31 2021 21:44:00 by "builder" with MS VC++ 14.0 (VS2015)

END.
